[01m[K/home/testing/dev_ws/src/latency_test/src/talker.cpp:1:10:[m[K [01;31m[Kfatal error: [m[Ktalker.h: No such file or directory
    1 | #include [01;31m[K"talker.h"[m[K
      |          [01;31m[K^~~~~~~~~~[m[K
compilation terminated.
gmake[2]: *** [CMakeFiles/latency_test.dir/build.make:76: CMakeFiles/latency_test.dir/src/talker.cpp.o] Error 1
gmake[2]: *** Waiting for unfinished jobs....
[01m[K/home/testing/dev_ws/src/latency_test/src/latency_test_main.cpp:2:10:[m[K [01;31m[Kfatal error: [m[Ktalker.h: No such file or directory
    2 | #include [01;31m[K"talker.h"[m[K
      |          [01;31m[K^~~~~~~~~~[m[K
compilation terminated.
gmake[2]: *** [CMakeFiles/latency_test.dir/build.make:90: CMakeFiles/latency_test.dir/src/latency_test_main.cpp.o] Error 1
gmake[1]: *** [CMakeFiles/Makefile2:137: CMakeFiles/latency_test.dir/all] Error 2
gmake: *** [Makefile:146: all] Error 2
