[0.009s] Invoking command in '/home/testing/dev_ws/src/build/latency_test': CMAKE_PREFIX_PATH=/opt/ros/humble /usr/bin/cmake /home/testing/dev_ws/src/latency_test -DCMAKE_INSTALL_PREFIX=/home/testing/dev_ws/src/install/latency_test
[0.090s] -- The C compiler identification is GNU 11.4.0
[0.149s] -- The CXX compiler identification is GNU 11.4.0
[0.155s] -- Detecting C compiler ABI info
[0.201s] -- Detecting C compiler ABI info - done
[0.205s] -- Check for working C compiler: /usr/bin/cc - skipped
[0.205s] -- Detecting C compile features
[0.206s] -- Detecting C compile features - done
[0.209s] -- Detecting CXX compiler ABI info
[0.254s] -- Detecting CXX compiler ABI info - done
[0.258s] -- Check for working CXX compiler: /usr/bin/c++ - skipped
[0.258s] -- Detecting CXX compile features
[0.258s] -- Detecting CXX compile features - done
[0.263s] -- Found ament_cmake: 1.3.11 (/opt/ros/humble/share/ament_cmake/cmake)
[0.314s] -- Found Python3: /usr/bin/python3 (found version "3.10.12") found components: Interpreter 
[0.357s] -- Found rclcpp: 16.0.11 (/opt/ros/humble/share/rclcpp/cmake)
[0.379s] -- Found rosidl_generator_c: 3.1.6 (/opt/ros/humble/share/rosidl_generator_c/cmake)
[0.380s] -- Found rosidl_adapter: 3.1.6 (/opt/ros/humble/share/rosidl_adapter/cmake)
[0.385s] -- Found rosidl_generator_cpp: 3.1.6 (/opt/ros/humble/share/rosidl_generator_cpp/cmake)
[0.391s] -- Using all available rosidl_typesupport_c: rosidl_typesupport_fastrtps_c;rosidl_typesupport_introspection_c
[0.400s] -- Using all available rosidl_typesupport_cpp: rosidl_typesupport_fastrtps_cpp;rosidl_typesupport_introspection_cpp
[0.421s] -- Found rmw_implementation_cmake: 6.1.2 (/opt/ros/humble/share/rmw_implementation_cmake/cmake)
[0.422s] -- Found rmw_fastrtps_cpp: 6.2.7 (/opt/ros/humble/share/rmw_fastrtps_cpp/cmake)
[0.454s] -- Found OpenSSL: /usr/lib/aarch64-linux-gnu/libcrypto.so (found version "3.0.2")  
[0.460s] -- Found FastRTPS: /opt/ros/humble/include  
[0.469s] -- Using RMW implementation 'rmw_fastrtps_cpp' as default
[0.475s] -- Looking for pthread.h
[0.523s] -- Looking for pthread.h - found
[0.524s] -- Performing Test CMAKE_HAVE_LIBC_PTHREAD
[0.567s] -- Performing Test CMAKE_HAVE_LIBC_PTHREAD - Success
[0.568s] -- Found Threads: TRUE  
[0.596s] -- Found ament_lint_auto: 0.12.11 (/opt/ros/humble/share/ament_lint_auto/cmake)
[0.663s] -- Added test 'copyright' to check source files copyright and LICENSE
[0.670s] -- Added test 'cppcheck' to perform static code analysis on C / C++ code
[0.670s] -- Configured cppcheck include dirs: /home/testing/dev_ws/src/latency_test/include/latency_test
[0.671s] -- Configured cppcheck exclude dirs and/or files: 
[0.675s] -- Added test 'cpplint' to check C / C++ code against the Google style
[0.675s] -- Configured cpplint exclude dirs and/or files: 
[0.676s] -- Added test 'flake8' to check Python code syntax and style conventions
[0.677s] -- Added test 'lint_cmake' to check CMake code style
[0.677s] -- Added test 'pep257' to check Python code against some of the docstring style conventions in PEP 257
[0.681s] -- Added test 'uncrustify' to check C / C++ code style
[0.681s] -- Configured uncrustify additional arguments: 
[0.682s] -- Added test 'xmllint' to check XML markup files
[0.686s] -- Configuring done
[0.705s] -- Generating done
[0.716s] -- Build files have been written to: /home/testing/dev_ws/src/build/latency_test
[0.717s] Invoked command in '/home/testing/dev_ws/src/build/latency_test' returned '0': CMAKE_PREFIX_PATH=/opt/ros/humble /usr/bin/cmake /home/testing/dev_ws/src/latency_test -DCMAKE_INSTALL_PREFIX=/home/testing/dev_ws/src/install/latency_test
[0.719s] Invoking command in '/home/testing/dev_ws/src/build/latency_test': CMAKE_PREFIX_PATH=/opt/ros/humble /usr/bin/cmake --build /home/testing/dev_ws/src/build/latency_test -- -j8 -l8
[0.743s] [ 66%] [32mBuilding CXX object CMakeFiles/latency_test.dir/src/talker.cpp.o[0m
[0.744s] [ 66%] [32mBuilding CXX object CMakeFiles/latency_test.dir/src/latency_test_main.cpp.o[0m
[0.752s] [01m[K/home/testing/dev_ws/src/latency_test/src/talker.cpp:1:10:[m[K [01;31m[Kfatal error: [m[Ktalker.h: No such file or directory
[0.752s]     1 | #include [01;31m[K"talker.h"[m[K
[0.752s]       |          [01;31m[K^~~~~~~~~~[m[K
[0.752s] compilation terminated.
[0.753s] gmake[2]: *** [CMakeFiles/latency_test.dir/build.make:76: CMakeFiles/latency_test.dir/src/talker.cpp.o] Error 1
[0.753s] gmake[2]: *** Waiting for unfinished jobs....
[0.917s] [01m[K/home/testing/dev_ws/src/latency_test/src/latency_test_main.cpp:2:10:[m[K [01;31m[Kfatal error: [m[Ktalker.h: No such file or directory
[0.918s]     2 | #include [01;31m[K"talker.h"[m[K
[0.918s]       |          [01;31m[K^~~~~~~~~~[m[K
[0.918s] compilation terminated.
[0.918s] gmake[2]: *** [CMakeFiles/latency_test.dir/build.make:90: CMakeFiles/latency_test.dir/src/latency_test_main.cpp.o] Error 1
[0.918s] gmake[1]: *** [CMakeFiles/Makefile2:137: CMakeFiles/latency_test.dir/all] Error 2
[0.918s] gmake: *** [Makefile:146: all] Error 2
[0.919s] Invoked command in '/home/testing/dev_ws/src/build/latency_test' returned '2': CMAKE_PREFIX_PATH=/opt/ros/humble /usr/bin/cmake --build /home/testing/dev_ws/src/build/latency_test -- -j8 -l8
