[0.000000] (-) TimerEvent: {}
[0.000563] (latency_test) JobQueued: {'identifier': 'latency_test', 'dependencies': OrderedDict()}
[0.000725] (latency_test) JobStarted: {'identifier': 'latency_test'}
[0.003648] (latency_test) JobProgress: {'identifier': 'latency_test', 'progress': 'cmake'}
[0.004183] (latency_test) JobProgress: {'identifier': 'latency_test', 'progress': 'build'}
[0.004800] (latency_test) Command: {'cmd': ['/usr/bin/cmake', '--build', '/home/testing/dev_ws/src/build/latency_test', '--', '-j8', '-l8'], 'cwd': '/home/testing/dev_ws/src/build/latency_test', 'env': OrderedDict([('HOSTNAME', 'docker-desktop'), ('SHLVL', '1'), ('LD_LIBRARY_PATH', '/opt/ros/humble/lib/aarch64-linux-gnu:/opt/ros/humble/lib'), ('HOME', '/root'), ('OLDPWD', '/home/testing/dev_ws'), ('ROS_PYTHON_VERSION', '3'), ('ROS_DISTRO', 'humble'), ('_', '/usr/bin/colcon'), ('ROS_VERSION', '2'), ('USERNAME', 'holohover_new'), ('TERM', 'xterm'), ('ROS_LOCALHOST_ONLY', '0'), ('PATH', '/opt/ros/humble/bin:/usr/local/sbin:/usr/local/bin:/usr/sbin:/usr/bin:/sbin:/bin'), ('LANG', 'C.UTF-8'), ('LS_COLORS', 'rs=0:di=01;34:ln=01;36:mh=00:pi=40;33:so=01;35:do=01;35:bd=40;33;01:cd=40;33;01:or=40;31;01:mi=00:su=37;41:sg=30;43:ca=30;41:tw=30;42:ow=34;42:st=37;44:ex=01;32:*.tar=01;31:*.tgz=01;31:*.arc=01;31:*.arj=01;31:*.taz=01;31:*.lha=01;31:*.lz4=01;31:*.lzh=01;31:*.lzma=01;31:*.tlz=01;31:*.txz=01;31:*.tzo=01;31:*.t7z=01;31:*.zip=01;31:*.z=01;31:*.dz=01;31:*.gz=01;31:*.lrz=01;31:*.lz=01;31:*.lzo=01;31:*.xz=01;31:*.zst=01;31:*.tzst=01;31:*.bz2=01;31:*.bz=01;31:*.tbz=01;31:*.tbz2=01;31:*.tz=01;31:*.deb=01;31:*.rpm=01;31:*.jar=01;31:*.war=01;31:*.ear=01;31:*.sar=01;31:*.rar=01;31:*.alz=01;31:*.ace=01;31:*.zoo=01;31:*.cpio=01;31:*.7z=01;31:*.rz=01;31:*.cab=01;31:*.wim=01;31:*.swm=01;31:*.dwm=01;31:*.esd=01;31:*.jpg=01;35:*.jpeg=01;35:*.mjpg=01;35:*.mjpeg=01;35:*.gif=01;35:*.bmp=01;35:*.pbm=01;35:*.pgm=01;35:*.ppm=01;35:*.tga=01;35:*.xbm=01;35:*.xpm=01;35:*.tif=01;35:*.tiff=01;35:*.png=01;35:*.svg=01;35:*.svgz=01;35:*.mng=01;35:*.pcx=01;35:*.mov=01;35:*.mpg=01;35:*.mpeg=01;35:*.m2v=01;35:*.mkv=01;35:*.webm=01;35:*.webp=01;35:*.ogm=01;35:*.mp4=01;35:*.m4v=01;35:*.mp4v=01;35:*.vob=01;35:*.qt=01;35:*.nuv=01;35:*.wmv=01;35:*.asf=01;35:*.rm=01;35:*.rmvb=01;35:*.flc=01;35:*.avi=01;35:*.fli=01;35:*.flv=01;35:*.gl=01;35:*.dl=01;35:*.xcf=01;35:*.xwd=01;35:*.yuv=01;35:*.cgm=01;35:*.emf=01;35:*.ogv=01;35:*.ogx=01;35:*.aac=00;36:*.au=00;36:*.flac=00;36:*.m4a=00;36:*.mid=00;36:*.midi=00;36:*.mka=00;36:*.mp3=00;36:*.mpc=00;36:*.ogg=00;36:*.ra=00;36:*.wav=00;36:*.oga=00;36:*.opus=00;36:*.spx=00;36:*.xspf=00;36:'), ('ROS_DOMAIN_ID', '0'), ('AMENT_PREFIX_PATH', '/opt/ros/humble'), ('DEBIAN_FRONTEND', 'noninteractive'), ('PWD', '/home/testing/dev_ws/src/build/latency_test'), ('LC_ALL', 'C.UTF-8'), ('PYTHONPATH', '/opt/ros/humble/lib/python3.10/site-packages:/opt/ros/humble/local/lib/python3.10/dist-packages'), ('COLCON', '1'), ('CMAKE_PREFIX_PATH', '/opt/ros/humble')]), 'shell': False}
[0.022941] (latency_test) StdoutLine: {'line': b'\x1b[35m\x1b[1mConsolidate compiler generated dependencies of target latency_test\x1b[0m\n'}
[0.082239] (latency_test) StdoutLine: {'line': b'[ 66%] \x1b[32mBuilding CXX object CMakeFiles/latency_test.dir/src/talker.cpp.o\x1b[0m\n'}
[0.082426] (latency_test) StdoutLine: {'line': b'[ 66%] \x1b[32mBuilding CXX object CMakeFiles/latency_test.dir/src/latency_test_main.cpp.o\x1b[0m\n'}
[0.099708] (-) TimerEvent: {}
[0.200730] (-) TimerEvent: {}
[0.305709] (-) TimerEvent: {}
[0.406701] (-) TimerEvent: {}
[0.507701] (-) TimerEvent: {}
[0.608700] (-) TimerEvent: {}
[0.709692] (-) TimerEvent: {}
[0.810701] (-) TimerEvent: {}
[0.911696] (-) TimerEvent: {}
[0.940870] (latency_test) StderrLine: {'line': b'In file included from \x1b[01m\x1b[K/opt/ros/humble/include/rclcpp/rclcpp/client.hpp:40\x1b[m\x1b[K,\n'}
[0.941141] (latency_test) StderrLine: {'line': b'                 from \x1b[01m\x1b[K/opt/ros/humble/include/rclcpp/rclcpp/callback_group.hpp:24\x1b[m\x1b[K,\n'}
[0.941272] (latency_test) StderrLine: {'line': b'                 from \x1b[01m\x1b[K/opt/ros/humble/include/rclcpp/rclcpp/any_executable.hpp:20\x1b[m\x1b[K,\n'}
[0.941425] (latency_test) StderrLine: {'line': b'                 from \x1b[01m\x1b[K/opt/ros/humble/include/rclcpp/rclcpp/memory_strategy.hpp:25\x1b[m\x1b[K,\n'}
[0.941534] (latency_test) StderrLine: {'line': b'                 from \x1b[01m\x1b[K/opt/ros/humble/include/rclcpp/rclcpp/memory_strategies.hpp:18\x1b[m\x1b[K,\n'}
[0.941637] (latency_test) StderrLine: {'line': b'                 from \x1b[01m\x1b[K/opt/ros/humble/include/rclcpp/rclcpp/executor_options.hpp:20\x1b[m\x1b[K,\n'}
[0.941750] (latency_test) StderrLine: {'line': b'                 from \x1b[01m\x1b[K/opt/ros/humble/include/rclcpp/rclcpp/executor.hpp:37\x1b[m\x1b[K,\n'}
[0.941851] (latency_test) StderrLine: {'line': b'                 from \x1b[01m\x1b[K/opt/ros/humble/include/rclcpp/rclcpp/executors/multi_threaded_executor.hpp:25\x1b[m\x1b[K,\n'}
[0.941957] (latency_test) StderrLine: {'line': b'                 from \x1b[01m\x1b[K/opt/ros/humble/include/rclcpp/rclcpp/executors.hpp:21\x1b[m\x1b[K,\n'}
[0.942059] (latency_test) StderrLine: {'line': b'                 from \x1b[01m\x1b[K/opt/ros/humble/include/rclcpp/rclcpp/rclcpp.hpp:155\x1b[m\x1b[K,\n'}
[0.942163] (latency_test) StderrLine: {'line': b'                 from \x1b[01m\x1b[K/home/testing/dev_ws/src/latency_test/include/talker.h:5\x1b[m\x1b[K,\n'}
[0.942265] (latency_test) StderrLine: {'line': b'                 from \x1b[01m\x1b[K/home/testing/dev_ws/src/latency_test/src/talker.cpp:1\x1b[m\x1b[K:\n'}
[0.942370] (latency_test) StderrLine: {'line': b'\x1b[01m\x1b[K/home/testing/dev_ws/src/latency_test/src/talker.cpp:\x1b[m\x1b[K In constructor \xe2\x80\x98\x1b[01m\x1b[Ktalker::talker()\x1b[m\x1b[K\xe2\x80\x99:\n'}
[0.942472] (latency_test) StderrLine: {'line': b'\x1b[01m\x1b[K/home/testing/dev_ws/src/latency_test/src/talker.cpp:5:17:\x1b[m\x1b[K \x1b[01;31m\x1b[Kerror: \x1b[m\x1b[K\xe2\x80\x98\x1b[01m\x1b[Kparent\x1b[m\x1b[K\xe2\x80\x99 was not declared in this scope\n'}
[0.942578] (latency_test) StderrLine: {'line': b'    5 |     RCLCPP_INFO(\x1b[01;31m\x1b[Kparent\x1b[m\x1b[K->get_logger(), "Creating talker");\n'}
[0.942687] (latency_test) StderrLine: {'line': b'      |                 \x1b[01;31m\x1b[K^~~~~~\x1b[m\x1b[K\n'}
[0.942792] (latency_test) StderrLine: {'line': b'\x1b[01m\x1b[K/home/testing/dev_ws/src/latency_test/src/talker.cpp:5:5:\x1b[m\x1b[K \x1b[01;31m\x1b[Kerror: \x1b[m\x1b[Ktemplate argument 1 is invalid\n'}
[0.942897] (latency_test) StderrLine: {'line': b'    5 |     \x1b[01;31m\x1b[KRCLCPP_INFO\x1b[m\x1b[K(parent->get_logger(), "Creating talker");\n'}
[0.943000] (latency_test) StderrLine: {'line': b'      |     \x1b[01;31m\x1b[K^~~~~~~~~~~\x1b[m\x1b[K\n'}
[0.943106] (latency_test) StderrLine: {'line': b'\x1b[01m\x1b[K/home/testing/dev_ws/src/latency_test/src/talker.cpp:5:5:\x1b[m\x1b[K \x1b[01;31m\x1b[Kerror: \x1b[m\x1b[Ktemplate argument 1 is invalid\n'}
[0.943208] (latency_test) StderrLine: {'line': b'    5 |     \x1b[01;31m\x1b[KRCLCPP_INFO\x1b[m\x1b[K(parent->get_logger(), "Creating talker");\n'}
[0.943312] (latency_test) StderrLine: {'line': b'      |     \x1b[01;31m\x1b[K^~~~~~~~~~~\x1b[m\x1b[K\n'}
[0.943412] (latency_test) StderrLine: {'line': b'\x1b[01m\x1b[K/home/testing/dev_ws/src/latency_test/src/talker.cpp:5:5:\x1b[m\x1b[K \x1b[01;31m\x1b[Kerror: \x1b[m\x1b[Ktemplate argument 1 is invalid\n'}
[0.943516] (latency_test) StderrLine: {'line': b'    5 |     \x1b[01;31m\x1b[KRCLCPP_INFO\x1b[m\x1b[K(parent->get_logger(), "Creating talker");\n'}
[0.943615] (latency_test) StderrLine: {'line': b'      |     \x1b[01;31m\x1b[K^~~~~~~~~~~\x1b[m\x1b[K\n'}
[0.944423] (latency_test) StderrLine: {'line': b'\x1b[01m\x1b[K/home/testing/dev_ws/src/latency_test/src/talker.cpp:8:32:\x1b[m\x1b[K \x1b[01;31m\x1b[Kerror: \x1b[m\x1b[K\xe2\x80\x98\x1b[01m\x1b[Kparent\x1b[m\x1b[K\xe2\x80\x99 was not declared in this scope\n'}
[0.944549] (latency_test) StderrLine: {'line': b'    8 |     this->talker_subscriber_ = \x1b[01;31m\x1b[Kparent\x1b[m\x1b[K->create_subscription<std_msgs::msg::String>\n'}
[0.944661] (latency_test) StderrLine: {'line': b'      |                                \x1b[01;31m\x1b[K^~~~~~\x1b[m\x1b[K\n'}
[0.944831] (latency_test) StderrLine: {'line': b'\x1b[01m\x1b[K/home/testing/dev_ws/src/latency_test/src/talker.cpp:8:81:\x1b[m\x1b[K \x1b[01;31m\x1b[Kerror: \x1b[m\x1b[Kexpected primary-expression before \xe2\x80\x98\x1b[01m\x1b[K>\x1b[m\x1b[K\xe2\x80\x99 token\n'}
[0.944940] (latency_test) StderrLine: {'line': b'    8 |     this->talker_subscriber_ = parent->create_subscription<std_msgs::msg::String\x1b[01;31m\x1b[K>\x1b[m\x1b[K\n'}
[0.945048] (latency_test) StderrLine: {'line': b'      |                                                                                 \x1b[01;31m\x1b[K^\x1b[m\x1b[K\n'}
[0.945151] (latency_test) StderrLine: {'line': b'In file included from \x1b[01m\x1b[K/usr/include/c++/11/pstl/glue_algorithm_defs.h:13\x1b[m\x1b[K,\n'}
[0.945262] (latency_test) StderrLine: {'line': b'                 from \x1b[01m\x1b[K/usr/include/c++/11/algorithm:74\x1b[m\x1b[K,\n'}
[0.945365] (latency_test) StderrLine: {'line': b'                 from \x1b[01m\x1b[K/opt/ros/humble/include/rclcpp/rclcpp/executor.hpp:18\x1b[m\x1b[K,\n'}
[0.945471] (latency_test) StderrLine: {'line': b'                 from \x1b[01m\x1b[K/opt/ros/humble/include/rclcpp/rclcpp/executors/multi_threaded_executor.hpp:25\x1b[m\x1b[K,\n'}
[0.945605] (latency_test) StderrLine: {'line': b'                 from \x1b[01m\x1b[K/opt/ros/humble/include/rclcpp/rclcpp/executors.hpp:21\x1b[m\x1b[K,\n'}
[0.945741] (latency_test) StderrLine: {'line': b'                 from \x1b[01m\x1b[K/opt/ros/humble/include/rclcpp/rclcpp/rclcpp.hpp:155\x1b[m\x1b[K,\n'}
[0.945846] (latency_test) StderrLine: {'line': b'                 from \x1b[01m\x1b[K/home/testing/dev_ws/src/latency_test/include/talker.h:5\x1b[m\x1b[K,\n'}
[0.945949] (latency_test) StderrLine: {'line': b'                 from \x1b[01m\x1b[K/home/testing/dev_ws/src/latency_test/src/talker.cpp:1\x1b[m\x1b[K:\n'}
[0.946054] (latency_test) StderrLine: {'line': b'/usr/include/c++/11/functional: In instantiation of \xe2\x80\x98\x1b[01m\x1b[Kstruct std::_Bind_check_arity<void (talker::*)(), talker*, double&>\x1b[m\x1b[K\xe2\x80\x99:\n'}
[0.946189] (latency_test) StderrLine: {'line': b'\x1b[01m\x1b[K/usr/include/c++/11/functional:768:12:\x1b[m\x1b[K   required from \xe2\x80\x98\x1b[01m\x1b[Kstruct std::_Bind_helper<false, void (talker::*)(), talker*, double&>\x1b[m\x1b[K\xe2\x80\x99\n'}
[0.946300] (latency_test) StderrLine: {'line': b'\x1b[01m\x1b[K/usr/include/c++/11/functional:789:5:\x1b[m\x1b[K   required by substitution of \xe2\x80\x98\x1b[01m\x1b[Ktemplate<class _Func, class ... _BoundArgs> typename std::_Bind_helper<std::__is_socketlike<_Func>::value, _Func, _BoundArgs ...>::type std::bind(_Func&&, _BoundArgs&& ...) [with _Func = void (talker::*)(); _BoundArgs = {talker*, double&}]\x1b[m\x1b[K\xe2\x80\x99\n'}
[0.946433] (latency_test) StderrLine: {'line': b'\x1b[01m\x1b[K/home/testing/dev_ws/src/latency_test/src/talker.cpp:9:38:\x1b[m\x1b[K   required from here\n'}
[0.946536] (latency_test) StderrLine: {'line': b'\x1b[01m\x1b[K/usr/include/c++/11/functional:756:21:\x1b[m\x1b[K \x1b[01;31m\x1b[Kerror: \x1b[m\x1b[Kstatic assertion failed: Wrong number of arguments for pointer-to-member\n'}
[0.946682] (latency_test) StderrLine: {'line': b'  755 |       static_assert(_Varargs::\x1b[01;31m\x1b[Kvalue\x1b[m\x1b[K\n'}
[0.946781] (latency_test) StderrLine: {'line': b'      |                               \x1b[01;31m\x1b[K~~~~~\x1b[m\x1b[K\n'}
[0.946884] (latency_test) StderrLine: {'line': b'  756 | \x1b[01;31m\x1b[K                    ? sizeof...(_BoundArgs) >= _Arity::value + 1\x1b[m\x1b[K\n'}
[0.946985] (latency_test) StderrLine: {'line': b'      |                     \x1b[01;31m\x1b[K^~~~~~~~~~~~~~~~~~~~~~~~~~~~~~~~~~~~~~~~~~~~\x1b[m\x1b[K\n'}
[0.947089] (latency_test) StderrLine: {'line': b'  757 | \x1b[01;31m\x1b[K                    : sizeof...(_BoundArgs) == _Arity::value + 1\x1b[m\x1b[K,\n'}
[0.947189] (latency_test) StderrLine: {'line': b'      |                     \x1b[01;31m\x1b[K~~~~~~~~~~~~~~~~~~~~~~~~~~~~~~~~~~~~~~~~~~~~\x1b[m\x1b[K\n'}
[0.947313] (latency_test) StderrLine: {'line': b'\x1b[01m\x1b[K/usr/include/c++/11/functional:756:21:\x1b[m\x1b[K \x1b[01;36m\x1b[Knote: \x1b[m\x1b[K\xe2\x80\x98\x1b[01m\x1b[K(false ? (2 >= (((long unsigned int)std::integral_constant<long unsigned int, 0>::value) + 1)) : (2 == (((long unsigned int)std::integral_constant<long unsigned int, 0>::value) + 1)))\x1b[m\x1b[K\xe2\x80\x99 evaluates to false\n'}
[0.947416] (latency_test) StderrLine: {'line': b'\x1b[01m\x1b[K/home/testing/dev_ws/src/latency_test/src/talker.cpp:12:11:\x1b[m\x1b[K \x1b[01;31m\x1b[Kerror: \x1b[m\x1b[K\xe2\x80\x98\x1b[01m\x1b[Kclass talker\x1b[m\x1b[K\xe2\x80\x99 has no member named \xe2\x80\x98\x1b[01m\x1b[Ktalker_publiher_\x1b[m\x1b[K\xe2\x80\x99; did you mean \xe2\x80\x98\x1b[01m\x1b[Ktalker_publisher_\x1b[m\x1b[K\xe2\x80\x99?\n'}
[0.947521] (latency_test) StderrLine: {'line': b'   12 |     this->\x1b[01;31m\x1b[Ktalker_publiher_\x1b[m\x1b[K = parent->create_subscription<std_msgs::msg::String>("COMP_TO_PI", 10);\n'}
[0.947622] (latency_test) StderrLine: {'line': b'      |           \x1b[01;31m\x1b[K^~~~~~~~~~~~~~~~\x1b[m\x1b[K\n'}
[0.947757] (latency_test) StderrLine: {'line': b'      |           \x1b[32m\x1b[Ktalker_publisher_\x1b[m\x1b[K\n'}
[0.948733] (latency_test) StderrLine: {'line': b'\x1b[01m\x1b[K/home/testing/dev_ws/src/latency_test/src/talker.cpp:12:79:\x1b[m\x1b[K \x1b[01;31m\x1b[Kerror: \x1b[m\x1b[Kexpected primary-expression before \xe2\x80\x98\x1b[01m\x1b[K>\x1b[m\x1b[K\xe2\x80\x99 token\n'}
[0.948858] (latency_test) StderrLine: {'line': b'   12 |     this->talker_publiher_ = parent->create_subscription<std_msgs::msg::String\x1b[01;31m\x1b[K>\x1b[m\x1b[K("COMP_TO_PI", 10);\n'}
[0.948991] (latency_test) StderrLine: {'line': b'      |                                                                               \x1b[01;31m\x1b[K^\x1b[m\x1b[K\n'}
[0.949085] (latency_test) StderrLine: {'line': b'\x1b[01m\x1b[K/home/testing/dev_ws/src/latency_test/src/talker.cpp:12:81:\x1b[m\x1b[K \x1b[01;35m\x1b[Kwarning: \x1b[m\x1b[Kleft operand of comma operator has no effect [\x1b[01;35m\x1b[K-Wunused-value\x1b[m\x1b[K]\n'}
[0.949179] (latency_test) StderrLine: {'line': b'   12 |     this->talker_publiher_ = parent->create_subscription<std_msgs::msg::String>(\x1b[01;35m\x1b[K"COMP_TO_PI"\x1b[m\x1b[K, 10);\n'}
[0.949270] (latency_test) StderrLine: {'line': b'      |                                                                                 \x1b[01;35m\x1b[K^~~~~~~~~~~~\x1b[m\x1b[K\n'}
[0.949365] (latency_test) StderrLine: {'line': b'\x1b[01m\x1b[K/home/testing/dev_ws/src/latency_test/src/talker.cpp:14:9:\x1b[m\x1b[K \x1b[01;31m\x1b[Kerror: \x1b[m\x1b[Kunable to find numeric literal operator \xe2\x80\x98\x1b[01m\x1b[Koperator""ms\x1b[m\x1b[K\xe2\x80\x99\n'}
[0.954716] (latency_test) StderrLine: {'line': b'   14 |         \x1b[01;31m\x1b[K500ms\x1b[m\x1b[K, std::bind(&talker::timer_callback, this));\n'}
[0.954840] (latency_test) StderrLine: {'line': b'      |         \x1b[01;31m\x1b[K^~~~~\x1b[m\x1b[K\n'}
[0.954949] (latency_test) StderrLine: {'line': b'In file included from \x1b[01m\x1b[K/opt/ros/humble/include/rclcpp/rclcpp/client.hpp:40\x1b[m\x1b[K,\n'}
[0.955058] (latency_test) StderrLine: {'line': b'                 from \x1b[01m\x1b[K/opt/ros/humble/include/rclcpp/rclcpp/callback_group.hpp:24\x1b[m\x1b[K,\n'}
[0.955200] (latency_test) StderrLine: {'line': b'                 from \x1b[01m\x1b[K/opt/ros/humble/include/rclcpp/rclcpp/any_executable.hpp:20\x1b[m\x1b[K,\n'}
[0.955305] (latency_test) StderrLine: {'line': b'                 from \x1b[01m\x1b[K/opt/ros/humble/include/rclcpp/rclcpp/memory_strategy.hpp:25\x1b[m\x1b[K,\n'}
[0.955408] (latency_test) StderrLine: {'line': b'                 from \x1b[01m\x1b[K/opt/ros/humble/include/rclcpp/rclcpp/memory_strategies.hpp:18\x1b[m\x1b[K,\n'}
[0.955514] (latency_test) StderrLine: {'line': b'                 from \x1b[01m\x1b[K/opt/ros/humble/include/rclcpp/rclcpp/executor_options.hpp:20\x1b[m\x1b[K,\n'}
[0.955620] (latency_test) StderrLine: {'line': b'                 from \x1b[01m\x1b[K/opt/ros/humble/include/rclcpp/rclcpp/executor.hpp:37\x1b[m\x1b[K,\n'}
[0.955749] (latency_test) StderrLine: {'line': b'                 from \x1b[01m\x1b[K/opt/ros/humble/include/rclcpp/rclcpp/executors/multi_threaded_executor.hpp:25\x1b[m\x1b[K,\n'}
[0.955854] (latency_test) StderrLine: {'line': b'                 from \x1b[01m\x1b[K/opt/ros/humble/include/rclcpp/rclcpp/executors.hpp:21\x1b[m\x1b[K,\n'}
[0.955957] (latency_test) StderrLine: {'line': b'                 from \x1b[01m\x1b[K/opt/ros/humble/include/rclcpp/rclcpp/rclcpp.hpp:155\x1b[m\x1b[K,\n'}
[0.956088] (latency_test) StderrLine: {'line': b'                 from \x1b[01m\x1b[K/home/testing/dev_ws/src/latency_test/include/talker.h:5\x1b[m\x1b[K,\n'}
[0.956187] (latency_test) StderrLine: {'line': b'                 from \x1b[01m\x1b[K/home/testing/dev_ws/src/latency_test/src/talker.cpp:1\x1b[m\x1b[K:\n'}
[0.956292] (latency_test) StderrLine: {'line': b'\x1b[01m\x1b[K/home/testing/dev_ws/src/latency_test/src/talker.cpp:16:5:\x1b[m\x1b[K \x1b[01;31m\x1b[Kerror: \x1b[m\x1b[Ktemplate argument 1 is invalid\n'}
[0.956423] (latency_test) StderrLine: {'line': b'   16 |     \x1b[01;31m\x1b[KRCLCPP_INFO\x1b[m\x1b[K(parent->get_logger(), "Talker created");\n'}
[0.956528] (latency_test) StderrLine: {'line': b'      |     \x1b[01;31m\x1b[K^~~~~~~~~~~\x1b[m\x1b[K\n'}
[0.956627] (latency_test) StderrLine: {'line': b'\x1b[01m\x1b[K/home/testing/dev_ws/src/latency_test/src/talker.cpp:16:5:\x1b[m\x1b[K \x1b[01;31m\x1b[Kerror: \x1b[m\x1b[Ktemplate argument 1 is invalid\n'}
[0.956738] (latency_test) StderrLine: {'line': b'   16 |     \x1b[01;31m\x1b[KRCLCPP_INFO\x1b[m\x1b[K(parent->get_logger(), "Talker created");\n'}
[0.956840] (latency_test) StderrLine: {'line': b'      |     \x1b[01;31m\x1b[K^~~~~~~~~~~\x1b[m\x1b[K\n'}
[0.956944] (latency_test) StderrLine: {'line': b'\x1b[01m\x1b[K/home/testing/dev_ws/src/latency_test/src/talker.cpp:16:5:\x1b[m\x1b[K \x1b[01;31m\x1b[Kerror: \x1b[m\x1b[Ktemplate argument 1 is invalid\n'}
[0.957044] (latency_test) StderrLine: {'line': b'   16 |     \x1b[01;31m\x1b[KRCLCPP_INFO\x1b[m\x1b[K(parent->get_logger(), "Talker created");\n'}
[0.959709] (latency_test) StderrLine: {'line': b'      |     \x1b[01;31m\x1b[K^~~~~~~~~~~\x1b[m\x1b[K\n'}
[0.959830] (latency_test) StderrLine: {'line': b'\x1b[01m\x1b[K/home/testing/dev_ws/src/latency_test/src/talker.cpp:\x1b[m\x1b[K At global scope:\n'}
[0.959939] (latency_test) StderrLine: {'line': b'\x1b[01m\x1b[K/home/testing/dev_ws/src/latency_test/src/talker.cpp:19:1:\x1b[m\x1b[K \x1b[01;31m\x1b[Kerror: \x1b[m\x1b[KISO C++ forbids declaration of \xe2\x80\x98\x1b[01m\x1b[Kget_response_time\x1b[m\x1b[K\xe2\x80\x99 with no type [\x1b[01;31m\x1b[K-fpermissive\x1b[m\x1b[K]\n'}
[0.960051] (latency_test) StderrLine: {'line': b'   19 | \x1b[01;31m\x1b[Ktalker\x1b[m\x1b[K::get_response_time() {\n'}
[0.960155] (latency_test) StderrLine: {'line': b'      | \x1b[01;31m\x1b[K^~~~~~\x1b[m\x1b[K\n'}
[0.960257] (latency_test) StderrLine: {'line': b'\x1b[01m\x1b[K/home/testing/dev_ws/src/latency_test/src/talker.cpp:19:1:\x1b[m\x1b[K \x1b[01;31m\x1b[Kerror: \x1b[m\x1b[Kno declaration matches \xe2\x80\x98\x1b[01m\x1b[Kint talker::get_response_time()\x1b[m\x1b[K\xe2\x80\x99\n'}
[0.960360] (latency_test) StderrLine: {'line': b'In file included from \x1b[01m\x1b[K/home/testing/dev_ws/src/latency_test/src/talker.cpp:1\x1b[m\x1b[K:\n'}
[0.960460] (latency_test) StderrLine: {'line': b'\x1b[01m\x1b[K/home/testing/dev_ws/src/latency_test/include/talker.h:30:14:\x1b[m\x1b[K \x1b[01;36m\x1b[Knote: \x1b[m\x1b[Kcandidate is: \xe2\x80\x98\x1b[01m\x1b[Kvoid talker::get_response_time()\x1b[m\x1b[K\xe2\x80\x99\n'}
[0.960564] (latency_test) StderrLine: {'line': b'   30 |         void \x1b[01;36m\x1b[Kget_response_time\x1b[m\x1b[K();\n'}
[0.960675] (latency_test) StderrLine: {'line': b'      |              \x1b[01;36m\x1b[K^~~~~~~~~~~~~~~~~\x1b[m\x1b[K\n'}
[0.960775] (latency_test) StderrLine: {'line': b'\x1b[01m\x1b[K/home/testing/dev_ws/src/latency_test/include/talker.h:11:7:\x1b[m\x1b[K \x1b[01;36m\x1b[Knote: \x1b[m\x1b[K\xe2\x80\x98\x1b[01m\x1b[Kclass talker\x1b[m\x1b[K\xe2\x80\x99 defined here\n'}
[0.960907] (latency_test) StderrLine: {'line': b'   11 | class \x1b[01;36m\x1b[Ktalker\x1b[m\x1b[K : public rclcpp::Node{\n'}
[0.961009] (latency_test) StderrLine: {'line': b'      |       \x1b[01;36m\x1b[K^~~~~~\x1b[m\x1b[K\n'}
[0.961110] (latency_test) StderrLine: {'line': b'\x1b[01m\x1b[K/home/testing/dev_ws/src/latency_test/src/talker.cpp:26:1:\x1b[m\x1b[K \x1b[01;31m\x1b[Kerror: \x1b[m\x1b[KISO C++ forbids declaration of \xe2\x80\x98\x1b[01m\x1b[Ktimer_callback\x1b[m\x1b[K\xe2\x80\x99 with no type [\x1b[01;31m\x1b[K-fpermissive\x1b[m\x1b[K]\n'}
[0.961216] (latency_test) StderrLine: {'line': b'   26 | \x1b[01;31m\x1b[Ktalker\x1b[m\x1b[K::timer_callback() {\n'}
[0.961315] (latency_test) StderrLine: {'line': b'      | \x1b[01;31m\x1b[K^~~~~~\x1b[m\x1b[K\n'}
[0.961419] (latency_test) StderrLine: {'line': b'\x1b[01m\x1b[K/home/testing/dev_ws/src/latency_test/src/talker.cpp:26:1:\x1b[m\x1b[K \x1b[01;31m\x1b[Kerror: \x1b[m\x1b[Kno declaration matches \xe2\x80\x98\x1b[01m\x1b[Kint talker::timer_callback()\x1b[m\x1b[K\xe2\x80\x99\n'}
[0.961519] (latency_test) StderrLine: {'line': b'In file included from \x1b[01m\x1b[K/home/testing/dev_ws/src/latency_test/src/talker.cpp:1\x1b[m\x1b[K:\n'}
[0.961624] (latency_test) StderrLine: {'line': b'\x1b[01m\x1b[K/home/testing/dev_ws/src/latency_test/include/talker.h:31:14:\x1b[m\x1b[K \x1b[01;36m\x1b[Knote: \x1b[m\x1b[Kcandidate is: \xe2\x80\x98\x1b[01m\x1b[Kvoid talker::timer_callback()\x1b[m\x1b[K\xe2\x80\x99\n'}
[0.961730] (latency_test) StderrLine: {'line': b'   31 |         void \x1b[01;36m\x1b[Ktimer_callback\x1b[m\x1b[K();\n'}
[0.961835] (latency_test) StderrLine: {'line': b'      |              \x1b[01;36m\x1b[K^~~~~~~~~~~~~~\x1b[m\x1b[K\n'}
[0.961963] (latency_test) StderrLine: {'line': b'\x1b[01m\x1b[K/home/testing/dev_ws/src/latency_test/include/talker.h:11:7:\x1b[m\x1b[K \x1b[01;36m\x1b[Knote: \x1b[m\x1b[K\xe2\x80\x98\x1b[01m\x1b[Kclass talker\x1b[m\x1b[K\xe2\x80\x99 defined here\n'}
[0.962071] (latency_test) StderrLine: {'line': b'   11 | class \x1b[01;36m\x1b[Ktalker\x1b[m\x1b[K : public rclcpp::Node{\n'}
[0.964757] (latency_test) StderrLine: {'line': b'      |       \x1b[01;36m\x1b[K^~~~~~\x1b[m\x1b[K\n'}
[1.012727] (-) TimerEvent: {}
[1.096479] (latency_test) StderrLine: {'line': b'gmake[2]: *** [CMakeFiles/latency_test.dir/build.make:76: CMakeFiles/latency_test.dir/src/talker.cpp.o] Error 1\n'}
[1.096632] (latency_test) StderrLine: {'line': b'gmake[2]: *** Waiting for unfinished jobs....\n'}
[1.114370] (-) TimerEvent: {}
[1.129774] (latency_test) StderrLine: {'line': b'gmake[1]: *** [CMakeFiles/Makefile2:137: CMakeFiles/latency_test.dir/all] Error 2\n'}
[1.130012] (latency_test) StderrLine: {'line': b'gmake: *** [Makefile:146: all] Error 2\n'}
[1.130764] (latency_test) CommandEnded: {'returncode': 2}
[1.137157] (latency_test) JobEnded: {'identifier': 'latency_test', 'rc': 2}
[1.149238] (-) EventReactorShutdown: {}
