[0.000000] (-) TimerEvent: {}
[0.000117] (latency_test) JobQueued: {'identifier': 'latency_test', 'dependencies': OrderedDict()}
[0.000149] (latency_test) JobStarted: {'identifier': 'latency_test'}
[0.006072] (latency_test) JobProgress: {'identifier': 'latency_test', 'progress': 'cmake'}
[0.007076] (latency_test) Command: {'cmd': ['/usr/bin/cmake', '/home/testing/dev_ws/src/latency_test', '-DCMAKE_INSTALL_PREFIX=/home/testing/dev_ws/src/install/latency_test'], 'cwd': '/home/testing/dev_ws/src/build/latency_test', 'env': OrderedDict([('HOSTNAME', 'docker-desktop'), ('SHLVL', '1'), ('LD_LIBRARY_PATH', '/opt/ros/humble/lib/aarch64-linux-gnu:/opt/ros/humble/lib'), ('HOME', '/root'), ('OLDPWD', '/home/testing/dev_ws'), ('ROS_PYTHON_VERSION', '3'), ('ROS_DISTRO', 'humble'), ('_', '/usr/bin/colcon'), ('ROS_VERSION', '2'), ('USERNAME', 'holohover_new'), ('TERM', 'xterm'), ('ROS_LOCALHOST_ONLY', '0'), ('PATH', '/opt/ros/humble/bin:/usr/local/sbin:/usr/local/bin:/usr/sbin:/usr/bin:/sbin:/bin'), ('LANG', 'C.UTF-8'), ('LS_COLORS', 'rs=0:di=01;34:ln=01;36:mh=00:pi=40;33:so=01;35:do=01;35:bd=40;33;01:cd=40;33;01:or=40;31;01:mi=00:su=37;41:sg=30;43:ca=30;41:tw=30;42:ow=34;42:st=37;44:ex=01;32:*.tar=01;31:*.tgz=01;31:*.arc=01;31:*.arj=01;31:*.taz=01;31:*.lha=01;31:*.lz4=01;31:*.lzh=01;31:*.lzma=01;31:*.tlz=01;31:*.txz=01;31:*.tzo=01;31:*.t7z=01;31:*.zip=01;31:*.z=01;31:*.dz=01;31:*.gz=01;31:*.lrz=01;31:*.lz=01;31:*.lzo=01;31:*.xz=01;31:*.zst=01;31:*.tzst=01;31:*.bz2=01;31:*.bz=01;31:*.tbz=01;31:*.tbz2=01;31:*.tz=01;31:*.deb=01;31:*.rpm=01;31:*.jar=01;31:*.war=01;31:*.ear=01;31:*.sar=01;31:*.rar=01;31:*.alz=01;31:*.ace=01;31:*.zoo=01;31:*.cpio=01;31:*.7z=01;31:*.rz=01;31:*.cab=01;31:*.wim=01;31:*.swm=01;31:*.dwm=01;31:*.esd=01;31:*.jpg=01;35:*.jpeg=01;35:*.mjpg=01;35:*.mjpeg=01;35:*.gif=01;35:*.bmp=01;35:*.pbm=01;35:*.pgm=01;35:*.ppm=01;35:*.tga=01;35:*.xbm=01;35:*.xpm=01;35:*.tif=01;35:*.tiff=01;35:*.png=01;35:*.svg=01;35:*.svgz=01;35:*.mng=01;35:*.pcx=01;35:*.mov=01;35:*.mpg=01;35:*.mpeg=01;35:*.m2v=01;35:*.mkv=01;35:*.webm=01;35:*.webp=01;35:*.ogm=01;35:*.mp4=01;35:*.m4v=01;35:*.mp4v=01;35:*.vob=01;35:*.qt=01;35:*.nuv=01;35:*.wmv=01;35:*.asf=01;35:*.rm=01;35:*.rmvb=01;35:*.flc=01;35:*.avi=01;35:*.fli=01;35:*.flv=01;35:*.gl=01;35:*.dl=01;35:*.xcf=01;35:*.xwd=01;35:*.yuv=01;35:*.cgm=01;35:*.emf=01;35:*.ogv=01;35:*.ogx=01;35:*.aac=00;36:*.au=00;36:*.flac=00;36:*.m4a=00;36:*.mid=00;36:*.midi=00;36:*.mka=00;36:*.mp3=00;36:*.mpc=00;36:*.ogg=00;36:*.ra=00;36:*.wav=00;36:*.oga=00;36:*.opus=00;36:*.spx=00;36:*.xspf=00;36:'), ('ROS_DOMAIN_ID', '0'), ('AMENT_PREFIX_PATH', '/opt/ros/humble'), ('DEBIAN_FRONTEND', 'noninteractive'), ('PWD', '/home/testing/dev_ws/src/build/latency_test'), ('LC_ALL', 'C.UTF-8'), ('PYTHONPATH', '/opt/ros/humble/lib/python3.10/site-packages:/opt/ros/humble/local/lib/python3.10/dist-packages'), ('COLCON', '1'), ('CMAKE_PREFIX_PATH', '/opt/ros/humble')]), 'shell': False}
[0.090247] (latency_test) StdoutLine: {'line': b'-- The C compiler identification is GNU 11.4.0\n'}
[0.100000] (-) TimerEvent: {}
[0.148842] (latency_test) StdoutLine: {'line': b'-- The CXX compiler identification is GNU 11.4.0\n'}
[0.155259] (latency_test) StdoutLine: {'line': b'-- Detecting C compiler ABI info\n'}
[0.200523] (latency_test) StdoutLine: {'line': b'-- Detecting C compiler ABI info - done\n'}
[0.200862] (-) TimerEvent: {}
[0.205021] (latency_test) StdoutLine: {'line': b'-- Check for working C compiler: /usr/bin/cc - skipped\n'}
[0.205307] (latency_test) StdoutLine: {'line': b'-- Detecting C compile features\n'}
[0.205782] (latency_test) StdoutLine: {'line': b'-- Detecting C compile features - done\n'}
[0.208554] (latency_test) StdoutLine: {'line': b'-- Detecting CXX compiler ABI info\n'}
[0.253477] (latency_test) StdoutLine: {'line': b'-- Detecting CXX compiler ABI info - done\n'}
[0.257445] (latency_test) StdoutLine: {'line': b'-- Check for working CXX compiler: /usr/bin/c++ - skipped\n'}
[0.258016] (latency_test) StdoutLine: {'line': b'-- Detecting CXX compile features\n'}
[0.258250] (latency_test) StdoutLine: {'line': b'-- Detecting CXX compile features - done\n'}
[0.262223] (latency_test) StdoutLine: {'line': b'-- Found ament_cmake: 1.3.11 (/opt/ros/humble/share/ament_cmake/cmake)\n'}
[0.301233] (-) TimerEvent: {}
[0.313428] (latency_test) StdoutLine: {'line': b'-- Found Python3: /usr/bin/python3 (found version "3.10.12") found components: Interpreter \n'}
[0.356909] (latency_test) StdoutLine: {'line': b'-- Found rclcpp: 16.0.11 (/opt/ros/humble/share/rclcpp/cmake)\n'}
[0.377885] (latency_test) StdoutLine: {'line': b'-- Found rosidl_generator_c: 3.1.6 (/opt/ros/humble/share/rosidl_generator_c/cmake)\n'}
[0.380248] (latency_test) StdoutLine: {'line': b'-- Found rosidl_adapter: 3.1.6 (/opt/ros/humble/share/rosidl_adapter/cmake)\n'}
[0.384558] (latency_test) StdoutLine: {'line': b'-- Found rosidl_generator_cpp: 3.1.6 (/opt/ros/humble/share/rosidl_generator_cpp/cmake)\n'}
[0.390961] (latency_test) StdoutLine: {'line': b'-- Using all available rosidl_typesupport_c: rosidl_typesupport_fastrtps_c;rosidl_typesupport_introspection_c\n'}
[0.399413] (latency_test) StdoutLine: {'line': b'-- Using all available rosidl_typesupport_cpp: rosidl_typesupport_fastrtps_cpp;rosidl_typesupport_introspection_cpp\n'}
[0.401982] (-) TimerEvent: {}
[0.420687] (latency_test) StdoutLine: {'line': b'-- Found rmw_implementation_cmake: 6.1.2 (/opt/ros/humble/share/rmw_implementation_cmake/cmake)\n'}
[0.422139] (latency_test) StdoutLine: {'line': b'-- Found rmw_fastrtps_cpp: 6.2.7 (/opt/ros/humble/share/rmw_fastrtps_cpp/cmake)\n'}
[0.453576] (latency_test) StdoutLine: {'line': b'-- Found OpenSSL: /usr/lib/aarch64-linux-gnu/libcrypto.so (found version "3.0.2")  \n'}
[0.459867] (latency_test) StdoutLine: {'line': b'-- Found FastRTPS: /opt/ros/humble/include  \n'}
[0.469175] (latency_test) StdoutLine: {'line': b"-- Using RMW implementation 'rmw_fastrtps_cpp' as default\n"}
[0.475068] (latency_test) StdoutLine: {'line': b'-- Looking for pthread.h\n'}
[0.503020] (-) TimerEvent: {}
[0.523119] (latency_test) StdoutLine: {'line': b'-- Looking for pthread.h - found\n'}
[0.524336] (latency_test) StdoutLine: {'line': b'-- Performing Test CMAKE_HAVE_LIBC_PTHREAD\n'}
[0.566639] (latency_test) StdoutLine: {'line': b'-- Performing Test CMAKE_HAVE_LIBC_PTHREAD - Success\n'}
[0.567650] (latency_test) StdoutLine: {'line': b'-- Found Threads: TRUE  \n'}
[0.595537] (latency_test) StdoutLine: {'line': b'-- Found ament_lint_auto: 0.12.11 (/opt/ros/humble/share/ament_lint_auto/cmake)\n'}
[0.606172] (-) TimerEvent: {}
[0.663098] (latency_test) StdoutLine: {'line': b"-- Added test 'copyright' to check source files copyright and LICENSE\n"}
[0.667501] (latency_test) StdoutLine: {'line': b"-- Added test 'cppcheck' to perform static code analysis on C / C++ code\n"}
[0.669864] (latency_test) StdoutLine: {'line': b'-- Configured cppcheck include dirs: /home/testing/dev_ws/src/latency_test/include/latency_test\n'}
[0.670544] (latency_test) StdoutLine: {'line': b'-- Configured cppcheck exclude dirs and/or files: \n'}
[0.674598] (latency_test) StdoutLine: {'line': b"-- Added test 'cpplint' to check C / C++ code against the Google style\n"}
[0.674975] (latency_test) StdoutLine: {'line': b'-- Configured cpplint exclude dirs and/or files: \n'}
[0.675573] (latency_test) StdoutLine: {'line': b"-- Added test 'flake8' to check Python code syntax and style conventions\n"}
[0.676598] (latency_test) StdoutLine: {'line': b"-- Added test 'lint_cmake' to check CMake code style\n"}
[0.677248] (latency_test) StdoutLine: {'line': b"-- Added test 'pep257' to check Python code against some of the docstring style conventions in PEP 257\n"}
[0.680587] (latency_test) StdoutLine: {'line': b"-- Added test 'uncrustify' to check C / C++ code style\n"}
[0.680789] (latency_test) StdoutLine: {'line': b'-- Configured uncrustify additional arguments: \n'}
[0.681582] (latency_test) StdoutLine: {'line': b"-- Added test 'xmllint' to check XML markup files\n"}
[0.686189] (latency_test) StdoutLine: {'line': b'-- Configuring done\n'}
[0.704855] (latency_test) StdoutLine: {'line': b'-- Generating done\n'}
[0.706980] (-) TimerEvent: {}
[0.713978] (latency_test) StdoutLine: {'line': b'-- Build files have been written to: /home/testing/dev_ws/src/build/latency_test\n'}
[0.717384] (latency_test) CommandEnded: {'returncode': 0}
[0.717845] (latency_test) JobProgress: {'identifier': 'latency_test', 'progress': 'build'}
[0.718653] (latency_test) Command: {'cmd': ['/usr/bin/cmake', '--build', '/home/testing/dev_ws/src/build/latency_test', '--', '-j8', '-l8'], 'cwd': '/home/testing/dev_ws/src/build/latency_test', 'env': OrderedDict([('HOSTNAME', 'docker-desktop'), ('SHLVL', '1'), ('LD_LIBRARY_PATH', '/opt/ros/humble/lib/aarch64-linux-gnu:/opt/ros/humble/lib'), ('HOME', '/root'), ('OLDPWD', '/home/testing/dev_ws'), ('ROS_PYTHON_VERSION', '3'), ('ROS_DISTRO', 'humble'), ('_', '/usr/bin/colcon'), ('ROS_VERSION', '2'), ('USERNAME', 'holohover_new'), ('TERM', 'xterm'), ('ROS_LOCALHOST_ONLY', '0'), ('PATH', '/opt/ros/humble/bin:/usr/local/sbin:/usr/local/bin:/usr/sbin:/usr/bin:/sbin:/bin'), ('LANG', 'C.UTF-8'), ('LS_COLORS', 'rs=0:di=01;34:ln=01;36:mh=00:pi=40;33:so=01;35:do=01;35:bd=40;33;01:cd=40;33;01:or=40;31;01:mi=00:su=37;41:sg=30;43:ca=30;41:tw=30;42:ow=34;42:st=37;44:ex=01;32:*.tar=01;31:*.tgz=01;31:*.arc=01;31:*.arj=01;31:*.taz=01;31:*.lha=01;31:*.lz4=01;31:*.lzh=01;31:*.lzma=01;31:*.tlz=01;31:*.txz=01;31:*.tzo=01;31:*.t7z=01;31:*.zip=01;31:*.z=01;31:*.dz=01;31:*.gz=01;31:*.lrz=01;31:*.lz=01;31:*.lzo=01;31:*.xz=01;31:*.zst=01;31:*.tzst=01;31:*.bz2=01;31:*.bz=01;31:*.tbz=01;31:*.tbz2=01;31:*.tz=01;31:*.deb=01;31:*.rpm=01;31:*.jar=01;31:*.war=01;31:*.ear=01;31:*.sar=01;31:*.rar=01;31:*.alz=01;31:*.ace=01;31:*.zoo=01;31:*.cpio=01;31:*.7z=01;31:*.rz=01;31:*.cab=01;31:*.wim=01;31:*.swm=01;31:*.dwm=01;31:*.esd=01;31:*.jpg=01;35:*.jpeg=01;35:*.mjpg=01;35:*.mjpeg=01;35:*.gif=01;35:*.bmp=01;35:*.pbm=01;35:*.pgm=01;35:*.ppm=01;35:*.tga=01;35:*.xbm=01;35:*.xpm=01;35:*.tif=01;35:*.tiff=01;35:*.png=01;35:*.svg=01;35:*.svgz=01;35:*.mng=01;35:*.pcx=01;35:*.mov=01;35:*.mpg=01;35:*.mpeg=01;35:*.m2v=01;35:*.mkv=01;35:*.webm=01;35:*.webp=01;35:*.ogm=01;35:*.mp4=01;35:*.m4v=01;35:*.mp4v=01;35:*.vob=01;35:*.qt=01;35:*.nuv=01;35:*.wmv=01;35:*.asf=01;35:*.rm=01;35:*.rmvb=01;35:*.flc=01;35:*.avi=01;35:*.fli=01;35:*.flv=01;35:*.gl=01;35:*.dl=01;35:*.xcf=01;35:*.xwd=01;35:*.yuv=01;35:*.cgm=01;35:*.emf=01;35:*.ogv=01;35:*.ogx=01;35:*.aac=00;36:*.au=00;36:*.flac=00;36:*.m4a=00;36:*.mid=00;36:*.midi=00;36:*.mka=00;36:*.mp3=00;36:*.mpc=00;36:*.ogg=00;36:*.ra=00;36:*.wav=00;36:*.oga=00;36:*.opus=00;36:*.spx=00;36:*.xspf=00;36:'), ('ROS_DOMAIN_ID', '0'), ('AMENT_PREFIX_PATH', '/opt/ros/humble'), ('DEBIAN_FRONTEND', 'noninteractive'), ('PWD', '/home/testing/dev_ws/src/build/latency_test'), ('LC_ALL', 'C.UTF-8'), ('PYTHONPATH', '/opt/ros/humble/lib/python3.10/site-packages:/opt/ros/humble/local/lib/python3.10/dist-packages'), ('COLCON', '1'), ('CMAKE_PREFIX_PATH', '/opt/ros/humble')]), 'shell': False}
[0.743112] (latency_test) StdoutLine: {'line': b'[ 66%] \x1b[32mBuilding CXX object CMakeFiles/latency_test.dir/src/talker.cpp.o\x1b[0m\n'}
[0.743560] (latency_test) StdoutLine: {'line': b'[ 66%] \x1b[32mBuilding CXX object CMakeFiles/latency_test.dir/src/latency_test_main.cpp.o\x1b[0m\n'}
[0.752021] (latency_test) StderrLine: {'line': b'\x1b[01m\x1b[K/home/testing/dev_ws/src/latency_test/src/talker.cpp:1:10:\x1b[m\x1b[K \x1b[01;31m\x1b[Kfatal error: \x1b[m\x1b[Ktalker.h: No such file or directory\n'}
[0.752372] (latency_test) StderrLine: {'line': b'    1 | #include \x1b[01;31m\x1b[K"talker.h"\x1b[m\x1b[K\n'}
[0.752502] (latency_test) StderrLine: {'line': b'      |          \x1b[01;31m\x1b[K^~~~~~~~~~\x1b[m\x1b[K\n'}
[0.752592] (latency_test) StderrLine: {'line': b'compilation terminated.\n'}
[0.752692] (latency_test) StderrLine: {'line': b'gmake[2]: *** [CMakeFiles/latency_test.dir/build.make:76: CMakeFiles/latency_test.dir/src/talker.cpp.o] Error 1\n'}
[0.752784] (latency_test) StderrLine: {'line': b'gmake[2]: *** Waiting for unfinished jobs....\n'}
[0.808009] (-) TimerEvent: {}
[0.909021] (-) TimerEvent: {}
[0.917137] (latency_test) StderrLine: {'line': b'\x1b[01m\x1b[K/home/testing/dev_ws/src/latency_test/src/latency_test_main.cpp:2:10:\x1b[m\x1b[K \x1b[01;31m\x1b[Kfatal error: \x1b[m\x1b[Ktalker.h: No such file or directory\n'}
[0.917556] (latency_test) StderrLine: {'line': b'    2 | #include \x1b[01;31m\x1b[K"talker.h"\x1b[m\x1b[K\n'}
[0.917758] (latency_test) StderrLine: {'line': b'      |          \x1b[01;31m\x1b[K^~~~~~~~~~\x1b[m\x1b[K\n'}
[0.917866] (latency_test) StderrLine: {'line': b'compilation terminated.\n'}
[0.918013] (latency_test) StderrLine: {'line': b'gmake[2]: *** [CMakeFiles/latency_test.dir/build.make:90: CMakeFiles/latency_test.dir/src/latency_test_main.cpp.o] Error 1\n'}
[0.918138] (latency_test) StderrLine: {'line': b'gmake[1]: *** [CMakeFiles/Makefile2:137: CMakeFiles/latency_test.dir/all] Error 2\n'}
[0.918238] (latency_test) StderrLine: {'line': b'gmake: *** [Makefile:146: all] Error 2\n'}
[0.918774] (latency_test) CommandEnded: {'returncode': 2}
[0.927869] (latency_test) JobEnded: {'identifier': 'latency_test', 'rc': 2}
[0.938697] (-) EventReactorShutdown: {}
