[0.000000] (-) TimerEvent: {}
[0.001092] (latency_test_listener) JobQueued: {'identifier': 'latency_test_listener', 'dependencies': OrderedDict()}
[0.001316] (latency_test_talker) JobQueued: {'identifier': 'latency_test_talker', 'dependencies': OrderedDict()}
[0.001451] (latency_test_listener) JobStarted: {'identifier': 'latency_test_listener'}
[0.006929] (latency_test_talker) JobStarted: {'identifier': 'latency_test_talker'}
[0.012097] (latency_test_listener) JobProgress: {'identifier': 'latency_test_listener', 'progress': 'cmake'}
[0.013416] (latency_test_listener) JobProgress: {'identifier': 'latency_test_listener', 'progress': 'build'}
[0.014692] (latency_test_listener) Command: {'cmd': ['/usr/bin/cmake', '--build', '/home/testing/dev_ws/src/build/latency_test_listener', '--', '-j8', '-l8'], 'cwd': '/home/testing/dev_ws/src/build/latency_test_listener', 'env': OrderedDict([('HOSTNAME', 'docker-desktop'), ('SHLVL', '1'), ('LD_LIBRARY_PATH', '/opt/ros/humble/lib/aarch64-linux-gnu:/opt/ros/humble/lib'), ('HOME', '/root'), ('OLDPWD', '/home/testing/dev_ws'), ('ROS_PYTHON_VERSION', '3'), ('COLCON_PREFIX_PATH', '/home/testing/dev_ws/src/install:/home/testing/dev_ws/install'), ('ROS_DISTRO', 'humble'), ('_', '/usr/bin/colcon'), ('ROS_VERSION', '2'), ('USERNAME', 'testing'), ('TERM', 'xterm'), ('ROS_LOCALHOST_ONLY', '0'), ('PATH', '/opt/ros/humble/bin:/usr/local/sbin:/usr/local/bin:/usr/sbin:/usr/bin:/sbin:/bin'), ('LANG', 'C.UTF-8'), ('LS_COLORS', 'rs=0:di=01;34:ln=01;36:mh=00:pi=40;33:so=01;35:do=01;35:bd=40;33;01:cd=40;33;01:or=40;31;01:mi=00:su=37;41:sg=30;43:ca=30;41:tw=30;42:ow=34;42:st=37;44:ex=01;32:*.tar=01;31:*.tgz=01;31:*.arc=01;31:*.arj=01;31:*.taz=01;31:*.lha=01;31:*.lz4=01;31:*.lzh=01;31:*.lzma=01;31:*.tlz=01;31:*.txz=01;31:*.tzo=01;31:*.t7z=01;31:*.zip=01;31:*.z=01;31:*.dz=01;31:*.gz=01;31:*.lrz=01;31:*.lz=01;31:*.lzo=01;31:*.xz=01;31:*.zst=01;31:*.tzst=01;31:*.bz2=01;31:*.bz=01;31:*.tbz=01;31:*.tbz2=01;31:*.tz=01;31:*.deb=01;31:*.rpm=01;31:*.jar=01;31:*.war=01;31:*.ear=01;31:*.sar=01;31:*.rar=01;31:*.alz=01;31:*.ace=01;31:*.zoo=01;31:*.cpio=01;31:*.7z=01;31:*.rz=01;31:*.cab=01;31:*.wim=01;31:*.swm=01;31:*.dwm=01;31:*.esd=01;31:*.jpg=01;35:*.jpeg=01;35:*.mjpg=01;35:*.mjpeg=01;35:*.gif=01;35:*.bmp=01;35:*.pbm=01;35:*.pgm=01;35:*.ppm=01;35:*.tga=01;35:*.xbm=01;35:*.xpm=01;35:*.tif=01;35:*.tiff=01;35:*.png=01;35:*.svg=01;35:*.svgz=01;35:*.mng=01;35:*.pcx=01;35:*.mov=01;35:*.mpg=01;35:*.mpeg=01;35:*.m2v=01;35:*.mkv=01;35:*.webm=01;35:*.webp=01;35:*.ogm=01;35:*.mp4=01;35:*.m4v=01;35:*.mp4v=01;35:*.vob=01;35:*.qt=01;35:*.nuv=01;35:*.wmv=01;35:*.asf=01;35:*.rm=01;35:*.rmvb=01;35:*.flc=01;35:*.avi=01;35:*.fli=01;35:*.flv=01;35:*.gl=01;35:*.dl=01;35:*.xcf=01;35:*.xwd=01;35:*.yuv=01;35:*.cgm=01;35:*.emf=01;35:*.ogv=01;35:*.ogx=01;35:*.aac=00;36:*.au=00;36:*.flac=00;36:*.m4a=00;36:*.mid=00;36:*.midi=00;36:*.mka=00;36:*.mp3=00;36:*.mpc=00;36:*.ogg=00;36:*.ra=00;36:*.wav=00;36:*.oga=00;36:*.opus=00;36:*.spx=00;36:*.xspf=00;36:'), ('ROS_DOMAIN_ID', '0'), ('AMENT_PREFIX_PATH', '/home/testing/dev_ws/src/install/latency_test_talker:/home/testing/dev_ws/install/latency_test:/opt/ros/humble'), ('DEBIAN_FRONTEND', 'noninteractive'), ('PWD', '/home/testing/dev_ws/src/build/latency_test_listener'), ('LC_ALL', 'C.UTF-8'), ('PYTHONPATH', '/opt/ros/humble/lib/python3.10/site-packages:/opt/ros/humble/local/lib/python3.10/dist-packages:/home/testing/dev_ws/install/latency_test_talker/lib/python3.8/site-packages'), ('COLCON', '1'), ('CMAKE_PREFIX_PATH', '/home/testing/dev_ws/src/install/latency_test_talker:/home/testing/dev_ws/install/latency_test:/opt/ros/humble')]), 'shell': False}
[0.017362] (latency_test_talker) JobProgress: {'identifier': 'latency_test_talker', 'progress': 'cmake'}
[0.018235] (latency_test_talker) JobProgress: {'identifier': 'latency_test_talker', 'progress': 'build'}
[0.019079] (latency_test_talker) Command: {'cmd': ['/usr/bin/cmake', '--build', '/home/testing/dev_ws/src/build/latency_test_talker', '--', '-j8', '-l8'], 'cwd': '/home/testing/dev_ws/src/build/latency_test_talker', 'env': OrderedDict([('HOSTNAME', 'docker-desktop'), ('SHLVL', '1'), ('LD_LIBRARY_PATH', '/opt/ros/humble/lib/aarch64-linux-gnu:/opt/ros/humble/lib'), ('HOME', '/root'), ('OLDPWD', '/home/testing/dev_ws'), ('ROS_PYTHON_VERSION', '3'), ('COLCON_PREFIX_PATH', '/home/testing/dev_ws/src/install:/home/testing/dev_ws/install'), ('ROS_DISTRO', 'humble'), ('_', '/usr/bin/colcon'), ('ROS_VERSION', '2'), ('USERNAME', 'testing'), ('TERM', 'xterm'), ('ROS_LOCALHOST_ONLY', '0'), ('PATH', '/opt/ros/humble/bin:/usr/local/sbin:/usr/local/bin:/usr/sbin:/usr/bin:/sbin:/bin'), ('LANG', 'C.UTF-8'), ('LS_COLORS', 'rs=0:di=01;34:ln=01;36:mh=00:pi=40;33:so=01;35:do=01;35:bd=40;33;01:cd=40;33;01:or=40;31;01:mi=00:su=37;41:sg=30;43:ca=30;41:tw=30;42:ow=34;42:st=37;44:ex=01;32:*.tar=01;31:*.tgz=01;31:*.arc=01;31:*.arj=01;31:*.taz=01;31:*.lha=01;31:*.lz4=01;31:*.lzh=01;31:*.lzma=01;31:*.tlz=01;31:*.txz=01;31:*.tzo=01;31:*.t7z=01;31:*.zip=01;31:*.z=01;31:*.dz=01;31:*.gz=01;31:*.lrz=01;31:*.lz=01;31:*.lzo=01;31:*.xz=01;31:*.zst=01;31:*.tzst=01;31:*.bz2=01;31:*.bz=01;31:*.tbz=01;31:*.tbz2=01;31:*.tz=01;31:*.deb=01;31:*.rpm=01;31:*.jar=01;31:*.war=01;31:*.ear=01;31:*.sar=01;31:*.rar=01;31:*.alz=01;31:*.ace=01;31:*.zoo=01;31:*.cpio=01;31:*.7z=01;31:*.rz=01;31:*.cab=01;31:*.wim=01;31:*.swm=01;31:*.dwm=01;31:*.esd=01;31:*.jpg=01;35:*.jpeg=01;35:*.mjpg=01;35:*.mjpeg=01;35:*.gif=01;35:*.bmp=01;35:*.pbm=01;35:*.pgm=01;35:*.ppm=01;35:*.tga=01;35:*.xbm=01;35:*.xpm=01;35:*.tif=01;35:*.tiff=01;35:*.png=01;35:*.svg=01;35:*.svgz=01;35:*.mng=01;35:*.pcx=01;35:*.mov=01;35:*.mpg=01;35:*.mpeg=01;35:*.m2v=01;35:*.mkv=01;35:*.webm=01;35:*.webp=01;35:*.ogm=01;35:*.mp4=01;35:*.m4v=01;35:*.mp4v=01;35:*.vob=01;35:*.qt=01;35:*.nuv=01;35:*.wmv=01;35:*.asf=01;35:*.rm=01;35:*.rmvb=01;35:*.flc=01;35:*.avi=01;35:*.fli=01;35:*.flv=01;35:*.gl=01;35:*.dl=01;35:*.xcf=01;35:*.xwd=01;35:*.yuv=01;35:*.cgm=01;35:*.emf=01;35:*.ogv=01;35:*.ogx=01;35:*.aac=00;36:*.au=00;36:*.flac=00;36:*.m4a=00;36:*.mid=00;36:*.midi=00;36:*.mka=00;36:*.mp3=00;36:*.mpc=00;36:*.ogg=00;36:*.ra=00;36:*.wav=00;36:*.oga=00;36:*.opus=00;36:*.spx=00;36:*.xspf=00;36:'), ('ROS_DOMAIN_ID', '0'), ('AMENT_PREFIX_PATH', '/home/testing/dev_ws/src/install/latency_test_talker:/home/testing/dev_ws/install/latency_test:/opt/ros/humble'), ('DEBIAN_FRONTEND', 'noninteractive'), ('PWD', '/home/testing/dev_ws/src/build/latency_test_talker'), ('LC_ALL', 'C.UTF-8'), ('PYTHONPATH', '/opt/ros/humble/lib/python3.10/site-packages:/opt/ros/humble/local/lib/python3.10/dist-packages:/home/testing/dev_ws/install/latency_test_talker/lib/python3.8/site-packages'), ('COLCON', '1'), ('CMAKE_PREFIX_PATH', '/home/testing/dev_ws/src/install/latency_test_talker:/home/testing/dev_ws/install/latency_test:/opt/ros/humble')]), 'shell': False}
[0.039406] (latency_test_talker) StdoutLine: {'line': b'-- Found ament_cmake: 1.3.11 (/opt/ros/humble/share/ament_cmake/cmake)\n'}
[0.054187] (latency_test_listener) StdoutLine: {'line': b'[ 50%] \x1b[32m\x1b[1mLinking CXX executable latency_test_listener\x1b[0m\n'}
[0.099402] (-) TimerEvent: {}
[0.110179] (latency_test_listener) StderrLine: {'line': b"/usr/bin/ld: /usr/lib/gcc/aarch64-linux-gnu/11/../../../aarch64-linux-gnu/Scrt1.o: in function `_start':\n"}
[0.110748] (latency_test_listener) StderrLine: {'line': b"(.text+0x1c): undefined reference to `main'\n"}
[0.111126] (latency_test_listener) StderrLine: {'line': b"/usr/bin/ld: (.text+0x20): undefined reference to `main'\n"}
[0.113811] (latency_test_listener) StderrLine: {'line': b'collect2: error: ld returned 1 exit status\n'}
[0.114901] (latency_test_listener) StderrLine: {'line': b'gmake[2]: *** [CMakeFiles/latency_test_listener.dir/build.make:159: latency_test_listener] Error 1\n'}
[0.115897] (latency_test_listener) StderrLine: {'line': b'gmake[1]: *** [CMakeFiles/Makefile2:137: CMakeFiles/latency_test_listener.dir/all] Error 2\n'}
[0.117418] (latency_test_listener) StderrLine: {'line': b'gmake: *** [Makefile:146: all] Error 2\n'}
[0.117884] (latency_test_listener) CommandEnded: {'returncode': 2}
[0.131911] (latency_test_talker) StdoutLine: {'line': b'-- Found rclcpp: 16.0.11 (/opt/ros/humble/share/rclcpp/cmake)\n'}
[0.141829] (latency_test_listener) JobEnded: {'identifier': 'latency_test_listener', 'rc': 2}
[0.152357] (latency_test_talker) StdoutLine: {'line': b'-- Found rosidl_generator_c: 3.1.6 (/opt/ros/humble/share/rosidl_generator_c/cmake)\n'}
[0.154177] (latency_test_talker) StdoutLine: {'line': b'-- Found rosidl_adapter: 3.1.6 (/opt/ros/humble/share/rosidl_adapter/cmake)\n'}
[0.158385] (latency_test_talker) StdoutLine: {'line': b'-- Found rosidl_generator_cpp: 3.1.6 (/opt/ros/humble/share/rosidl_generator_cpp/cmake)\n'}
[0.165297] (latency_test_talker) StdoutLine: {'line': b'-- Using all available rosidl_typesupport_c: rosidl_typesupport_fastrtps_c;rosidl_typesupport_introspection_c\n'}
[0.173977] (latency_test_talker) StdoutLine: {'line': b'-- Using all available rosidl_typesupport_cpp: rosidl_typesupport_fastrtps_cpp;rosidl_typesupport_introspection_cpp\n'}
[0.196905] (latency_test_talker) StdoutLine: {'line': b'-- Found rmw_implementation_cmake: 6.1.2 (/opt/ros/humble/share/rmw_implementation_cmake/cmake)\n'}
[0.198116] (latency_test_talker) StdoutLine: {'line': b'-- Found rmw_fastrtps_cpp: 6.2.7 (/opt/ros/humble/share/rmw_fastrtps_cpp/cmake)\n'}
[0.201448] (-) TimerEvent: {}
[0.252571] (latency_test_talker) StdoutLine: {'line': b"-- Using RMW implementation 'rmw_fastrtps_cpp' as default\n"}
[0.291193] (latency_test_talker) StdoutLine: {'line': b'-- Found ament_lint_auto: 0.12.11 (/opt/ros/humble/share/ament_lint_auto/cmake)\n'}
[0.303714] (-) TimerEvent: {}
[0.351409] (latency_test_talker) StdoutLine: {'line': b"-- Added test 'copyright' to check source files copyright and LICENSE\n"}
[0.356935] (latency_test_talker) StdoutLine: {'line': b"-- Added test 'cppcheck' to perform static code analysis on C / C++ code\n"}
[0.357534] (latency_test_talker) StdoutLine: {'line': b'-- Configured cppcheck include dirs: /home/testing/dev_ws/src/latency_test_talker/include\n'}
[0.357927] (latency_test_talker) StdoutLine: {'line': b'-- Configured cppcheck exclude dirs and/or files: \n'}
[0.362174] (latency_test_talker) StdoutLine: {'line': b"-- Added test 'cpplint' to check C / C++ code against the Google style\n"}
[0.362706] (latency_test_talker) StdoutLine: {'line': b'-- Configured cpplint exclude dirs and/or files: \n'}
[0.363218] (latency_test_talker) StdoutLine: {'line': b"-- Added test 'flake8' to check Python code syntax and style conventions\n"}
[0.364793] (latency_test_talker) StdoutLine: {'line': b"-- Added test 'lint_cmake' to check CMake code style\n"}
[0.365712] (latency_test_talker) StdoutLine: {'line': b"-- Added test 'pep257' to check Python code against some of the docstring style conventions in PEP 257\n"}
[0.371770] (latency_test_talker) StdoutLine: {'line': b"-- Added test 'uncrustify' to check C / C++ code style\n"}
[0.372320] (latency_test_talker) StdoutLine: {'line': b'-- Configured uncrustify additional arguments: \n'}
[0.372902] (latency_test_talker) StdoutLine: {'line': b"-- Added test 'xmllint' to check XML markup files\n"}
[0.376463] (latency_test_talker) StdoutLine: {'line': b'-- Configuring done\n'}
[0.401408] (latency_test_talker) StdoutLine: {'line': b'-- Generating done\n'}
[0.404430] (-) TimerEvent: {}
[0.415100] (latency_test_talker) StdoutLine: {'line': b'-- Build files have been written to: /home/testing/dev_ws/src/build/latency_test_talker\n'}
[0.435426] (latency_test_talker) StdoutLine: {'line': b'\x1b[35m\x1b[1mConsolidate compiler generated dependencies of target latency_test_talker\x1b[0m\n'}
[0.505420] (-) TimerEvent: {}
[0.535908] (latency_test_talker) StdoutLine: {'line': b'[ 33%] \x1b[32mBuilding CXX object CMakeFiles/latency_test_talker.dir/src/talker_main.cpp.o\x1b[0m\n'}
[0.606412] (-) TimerEvent: {}
[0.707404] (-) TimerEvent: {}
[0.808424] (-) TimerEvent: {}
[0.913432] (-) TimerEvent: {}
[1.014424] (-) TimerEvent: {}
[1.115416] (-) TimerEvent: {}
[1.216404] (-) TimerEvent: {}
[1.317437] (-) TimerEvent: {}
[1.418417] (-) TimerEvent: {}
[1.519420] (-) TimerEvent: {}
[1.620421] (-) TimerEvent: {}
[1.721416] (-) TimerEvent: {}
[1.822422] (-) TimerEvent: {}
[1.923416] (-) TimerEvent: {}
[2.024403] (-) TimerEvent: {}
[2.128424] (-) TimerEvent: {}
[2.229413] (-) TimerEvent: {}
[2.298719] (latency_test_talker) StdoutLine: {'line': b'[ 66%] \x1b[32m\x1b[1mLinking CXX executable latency_test_talker\x1b[0m\n'}
[2.330412] (-) TimerEvent: {}
[2.431416] (-) TimerEvent: {}
[2.532397] (-) TimerEvent: {}
[2.640428] (-) TimerEvent: {}
[2.686599] (latency_test_talker) StdoutLine: {'line': b'[100%] Built target latency_test_talker\n'}
[2.693644] (latency_test_talker) JobEnded: {'identifier': 'latency_test_talker', 'rc': 'SIGINT'}
[2.704898] (-) EventReactorShutdown: {}
