[0.006s] Invoking command in '/home/testing/dev_ws/src/build/latency_test': CMAKE_PREFIX_PATH=/opt/ros/humble /usr/bin/cmake --build /home/testing/dev_ws/src/build/latency_test -- -j8 -l8
[0.017s] -- Found ament_cmake: 1.3.11 (/opt/ros/humble/share/ament_cmake/cmake)
[0.064s] -- Found rclcpp: 16.0.11 (/opt/ros/humble/share/rclcpp/cmake)
[0.071s] -- Found rosidl_generator_c: 3.1.6 (/opt/ros/humble/share/rosidl_generator_c/cmake)
[0.075s] -- Found rosidl_adapter: 3.1.6 (/opt/ros/humble/share/rosidl_adapter/cmake)
[0.075s] -- Found rosidl_generator_cpp: 3.1.6 (/opt/ros/humble/share/rosidl_generator_cpp/cmake)
[0.079s] -- Using all available rosidl_typesupport_c: rosidl_typesupport_fastrtps_c;rosidl_typesupport_introspection_c
[0.084s] -- Using all available rosidl_typesupport_cpp: rosidl_typesupport_fastrtps_cpp;rosidl_typesupport_introspection_cpp
[0.099s] -- Found rmw_implementation_cmake: 6.1.2 (/opt/ros/humble/share/rmw_implementation_cmake/cmake)
[0.100s] -- Found rmw_fastrtps_cpp: 6.2.7 (/opt/ros/humble/share/rmw_fastrtps_cpp/cmake)
[0.128s] -- Using RMW implementation 'rmw_fastrtps_cpp' as default
[0.147s] -- Found ament_lint_auto: 0.12.11 (/opt/ros/humble/share/ament_lint_auto/cmake)
[0.177s] -- Added test 'copyright' to check source files copyright and LICENSE
[0.181s] -- Added test 'cppcheck' to perform static code analysis on C / C++ code
[0.181s] -- Configured cppcheck include dirs: /home/testing/dev_ws/src/latency_test/include
[0.181s] -- Configured cppcheck exclude dirs and/or files: 
[0.183s] -- Added test 'cpplint' to check C / C++ code against the Google style
[0.184s] -- Configured cpplint exclude dirs and/or files: 
[0.184s] -- Added test 'flake8' to check Python code syntax and style conventions
[0.185s] -- Added test 'lint_cmake' to check CMake code style
[0.185s] -- Added test 'pep257' to check Python code against some of the docstring style conventions in PEP 257
[0.188s] -- Added test 'uncrustify' to check C / C++ code style
[0.188s] -- Configured uncrustify additional arguments: 
[0.188s] -- Added test 'xmllint' to check XML markup files
[0.190s] -- Configuring done
[0.204s] -- Generating done
[0.212s] -- Build files have been written to: /home/testing/dev_ws/src/build/latency_test
[0.228s] [ 66%] [32mBuilding CXX object CMakeFiles/latency_test.dir/src/talker.cpp.o[0m
[0.229s] [ 66%] [32mBuilding CXX object CMakeFiles/latency_test.dir/src/latency_test_main.cpp.o[0m
[1.252s] In file included from [01m[K/home/testing/dev_ws/src/latency_test/src/latency_test_main.cpp:2[m[K:
[1.254s] [01m[K/home/testing/dev_ws/src/latency_test/include/talker.h:23:48:[m[K [01;31m[Kerror: [m[Kexpected unqualified-id before â€˜[01m[K>[m[Kâ€™ token
[1.254s]    23 |         rclcpp::Publisher<std_msgs::msg::String[01;31m[K>>[m[K::SharedPtr talker_publisher_;
[1.258s]       |                                                [01;31m[K^~[m[K
[1.258s] [01m[K/home/testing/dev_ws/src/latency_test/include/talker.h:26:17:[m[K [01;31m[Kerror: [m[Kâ€˜[01m[KSubscriber[m[Kâ€™ in namespace â€˜[01m[Krclcpp[m[Kâ€™ does not name a template type
[1.258s]    26 |         rclcpp::[01;31m[KSubscriber[m[K<std_msgs::msg::String>>::SharedPtr talker_subscriber_;
[1.258s]       |                 [01;31m[K^~~~~~~~~~[m[K
[1.258s] [01m[K/home/testing/dev_ws/src/latency_test/include/talker.h:31:29:[m[K [01;31m[Kerror: [m[Kexpected â€˜[01m[K;[m[Kâ€™ at end of member declaration
[1.258s]    31 |         void timer_callback([01;31m[K)[m[K
[1.258s]       |                             [01;31m[K^[m[K
[1.259s]       |                              [32m[K;[m[K
[1.259s] [01m[K/home/testing/dev_ws/src/latency_test/include/talker.h:33:2:[m[K [01;31m[Kerror: [m[Kexpected â€˜[01m[K;[m[Kâ€™ after class definition
[1.259s]    33 | }
[1.259s]       |  [01;31m[K^[m[K
[1.259s]       |  [32m[K;[m[K
[1.259s] [01m[K/home/testing/dev_ws/src/latency_test/src/latency_test_main.cpp:[m[K In function â€˜[01m[Kint main(int, char**)[m[Kâ€™:
[1.259s] [01m[K/home/testing/dev_ws/src/latency_test/src/latency_test_main.cpp:9:15:[m[K [01;31m[Kerror: [m[Kno matching function for call to â€˜[01m[Kspin(std::shared_ptr<talker>)[m[Kâ€™
[1.259s]     9 |   [01;31m[Krclcpp::spin(std::make_shared<talker>())[m[K;
[1.260s]       |   [01;31m[K~~~~~~~~~~~~^~~~~~~~~~~~~~~~~~~~~~~~~~~~[m[K
[1.260s] In file included from [01m[K/opt/ros/humble/include/rclcpp/rclcpp/rclcpp.hpp:155[m[K,
[1.260s]                  from [01m[K/home/testing/dev_ws/src/latency_test/src/latency_test_main.cpp:1[m[K:
[1.260s] [01m[K/opt/ros/humble/include/rclcpp/rclcpp/executors.hpp:45:1:[m[K [01;36m[Knote: [m[Kcandidate: â€˜[01m[Kvoid rclcpp::spin(rclcpp::node_interfaces::NodeBaseInterface::SharedPtr)[m[Kâ€™
[1.260s]    45 | [01;36m[Kspin[m[K(rclcpp::node_interfaces::NodeBaseInterface::SharedPtr node_ptr);
[1.260s]       | [01;36m[K^~~~[m[K
[1.260s] [01m[K/opt/ros/humble/include/rclcpp/rclcpp/executors.hpp:45:60:[m[K [01;36m[Knote: [m[K  no known conversion for argument 1 from â€˜[01m[Kshared_ptr<[01;32m[Ktalker[m[K>[m[Kâ€™ to â€˜[01m[Kshared_ptr<[01;32m[Krclcpp::node_interfaces::NodeBaseInterface[m[K>[m[Kâ€™
[1.260s]    45 | spin([01;36m[Krclcpp::node_interfaces::NodeBaseInterface::SharedPtr node_ptr[m[K);
[1.260s]       |      [01;36m[K~~~~~~~~~~~~~~~~~~~~~~~~~~~~~~~~~~~~~~~~~~~~~~~~~~~~~~^~~~~~~~[m[K
[1.261s] [01m[K/opt/ros/humble/include/rclcpp/rclcpp/executors.hpp:49:1:[m[K [01;36m[Knote: [m[Kcandidate: â€˜[01m[Kvoid rclcpp::spin(rclcpp::Node::SharedPtr)[m[Kâ€™
[1.261s]    49 | [01;36m[Kspin[m[K(rclcpp::Node::SharedPtr node_ptr);
[1.261s]       | [01;36m[K^~~~[m[K
[1.261s] [01m[K/opt/ros/humble/include/rclcpp/rclcpp/executors.hpp:49:30:[m[K [01;36m[Knote: [m[K  no known conversion for argument 1 from â€˜[01m[Kshared_ptr<[01;32m[Ktalker[m[K>[m[Kâ€™ to â€˜[01m[Kshared_ptr<[01;32m[Krclcpp::Node[m[K>[m[Kâ€™
[1.261s]    49 | spin([01;36m[Krclcpp::Node::SharedPtr node_ptr[m[K);
[1.261s]       |      [01;36m[K~~~~~~~~~~~~~~~~~~~~~~~~^~~~~~~~[m[K
[1.261s] In file included from [01m[K/home/testing/dev_ws/src/latency_test/src/talker.cpp:1[m[K:
[1.262s] [01m[K/home/testing/dev_ws/src/latency_test/include/talker.h:23:48:[m[K [01;31m[Kerror: [m[Kexpected unqualified-id before â€˜[01m[K>[m[Kâ€™ token
[1.262s]    23 |         rclcpp::Publisher<std_msgs::msg::String[01;31m[K>>[m[K::SharedPtr talker_publisher_;
[1.262s]       |                                                [01;31m[K^~[m[K
[1.262s] [01m[K/home/testing/dev_ws/src/latency_test/include/talker.h:26:17:[m[K [01;31m[Kerror: [m[Kâ€˜[01m[KSubscriber[m[Kâ€™ in namespace â€˜[01m[Krclcpp[m[Kâ€™ does not name a template type
[1.262s]    26 |         rclcpp::[01;31m[KSubscriber[m[K<std_msgs::msg::String>>::SharedPtr talker_subscriber_;
[1.262s]       |                 [01;31m[K^~~~~~~~~~[m[K
[1.262s] [01m[K/home/testing/dev_ws/src/latency_test/include/talker.h:31:29:[m[K [01;31m[Kerror: [m[Kexpected â€˜[01m[K;[m[Kâ€™ at end of member declaration
[1.262s]    31 |         void timer_callback([01;31m[K)[m[K
[1.262s]       |                             [01;31m[K^[m[K
[1.262s]       |                              [32m[K;[m[K
[1.263s] [01m[K/home/testing/dev_ws/src/latency_test/include/talker.h:11:1:[m[K [01;31m[Kerror: [m[Knew types may not be defined in a return type
[1.263s]    11 | [01;31m[Kclass[m[K talker {
[1.263s]       | [01;31m[K^~~~~[m[K
[1.263s] [01m[K/home/testing/dev_ws/src/latency_test/include/talker.h:11:1:[m[K [01;36m[Knote: [m[K(perhaps a semicolon is missing after the definition of â€˜[01m[Ktalker[m[Kâ€™)
[1.263s] [01m[K/home/testing/dev_ws/src/latency_test/include/talker.h:11:1:[m[K [01;31m[Kerror: [m[Kreturn type specification for constructor invalid
[1.263s] [01m[K/home/testing/dev_ws/src/latency_test/src/talker.cpp:[m[K In constructor â€˜[01m[Ktalker::talker(rclcpp::Node*)[m[Kâ€™:
[1.263s] [01m[K/home/testing/dev_ws/src/latency_test/src/talker.cpp:3:40:[m[K [01;31m[Kerror: [m[Kclass â€˜[01m[Ktalker[m[Kâ€™ does not have any field named â€˜[01m[Kparant[m[Kâ€™
[1.263s]     3 | talker::talker(rclcpp::Node* parent) : [01;31m[Kparant[m[K(parent) {
[1.263s]       |                                        [01;31m[K^~~~~~[m[K
[1.264s] [01m[K/home/testing/dev_ws/src/latency_test/src/talker.cpp:8:11:[m[K [01;31m[Kerror: [m[Kâ€˜[01m[Kclass talker[m[Kâ€™ has no member named â€˜[01m[Ktalker_subscriber_[m[Kâ€™
[1.264s]     8 |     this->[01;31m[Ktalker_subscriber_[m[K = parent->create_subscription<std_msgs::msg::String>
[1.264s]       |           [01;31m[K^~~~~~~~~~~~~~~~~~[m[K
[1.264s] [01m[K/home/testing/dev_ws/src/latency_test/src/talker.cpp:9:9:[m[K [01;31m[Kerror: [m[Kno matching function for call to â€˜[01m[Krclcpp::Node::create_subscription<std_msgs::msg::String>(const char [11])[m[Kâ€™
[1.264s]     8 |     this->talker_subscriber_ = [01;31m[Kparent->create_subscription<std_msgs::msg::String>[m[K
[1.264s]       |                                [01;31m[K~~~~~~~~~~~~~~~~~~~~~~~~~~~~~~~~~~~~~~~~~~~~~~~~~~[m[K
[1.264s]     9 | [01;31m[K        ("PI_TO_COMP")[m[K, 10, std::bind(&talker::get_response_time, this, this->send_time);
[1.264s]       |         [01;31m[K^~~~~~~~~~~~~~[m[K
[1.265s] In file included from [01m[K/opt/ros/humble/include/rclcpp/rclcpp/executors/single_threaded_executor.hpp:28[m[K,
[1.265s]                  from [01m[K/opt/ros/humble/include/rclcpp/rclcpp/executors.hpp:22[m[K,
[1.265s]                  from [01m[K/opt/ros/humble/include/rclcpp/rclcpp/rclcpp.hpp:155[m[K,
[1.265s]                  from [01m[K/home/testing/dev_ws/src/latency_test/include/talker.h:5[m[K,
[1.265s]                  from [01m[K/home/testing/dev_ws/src/latency_test/src/talker.cpp:1[m[K:
[1.265s] [01m[K/opt/ros/humble/include/rclcpp/rclcpp/node.hpp:219:3:[m[K [01;36m[Knote: [m[Kcandidate: â€˜[01m[Ktemplate<class MessageT, class CallbackT, class AllocatorT, class SubscriptionT, class MessageMemoryStrategyT> std::shared_ptr<ROSMessageT> rclcpp::Node::create_subscription(const string&, const rclcpp::QoS&, CallbackT&&, const rclcpp::SubscriptionOptionsWithAllocator<AllocatorT>&, typename MessageMemoryStrategyT::SharedPtr)[m[Kâ€™
[1.265s]   219 |   [01;36m[Kcreate_subscription[m[K(
[1.266s]       |   [01;36m[K^~~~~~~~~~~~~~~~~~~[m[K
[1.267s] [01m[K/opt/ros/humble/include/rclcpp/rclcpp/node.hpp:219:3:[m[K [01;36m[Knote: [m[K  template argument deduction/substitution failed:
[1.268s] [01m[K/home/testing/dev_ws/src/latency_test/src/talker.cpp:9:9:[m[K [01;36m[Knote: [m[K  candidate expects 5 arguments, 1 provided
[1.268s]     8 |     this->talker_subscriber_ = [01;36m[Kparent->create_subscription<std_msgs::msg::String>[m[K
[1.271s]       |                                [01;36m[K~~~~~~~~~~~~~~~~~~~~~~~~~~~~~~~~~~~~~~~~~~~~~~~~~~[m[K
[1.272s]     9 | [01;36m[K        ("PI_TO_COMP")[m[K, 10, std::bind(&talker::get_response_time, this, this->send_time);
[1.272s]       |         [01;36m[K^~~~~~~~~~~~~~[m[K
[1.272s] In file included from [01m[K/usr/include/c++/11/pstl/glue_algorithm_defs.h:13[m[K,
[1.272s]                  from [01m[K/usr/include/c++/11/algorithm:74[m[K,
[1.272s]                  from [01m[K/opt/ros/humble/include/rclcpp/rclcpp/executor.hpp:18[m[K,
[1.272s]                  from [01m[K/opt/ros/humble/include/rclcpp/rclcpp/executors/multi_threaded_executor.hpp:25[m[K,
[1.272s]                  from [01m[K/opt/ros/humble/include/rclcpp/rclcpp/executors.hpp:21[m[K,
[1.272s]                  from [01m[K/opt/ros/humble/include/rclcpp/rclcpp/rclcpp.hpp:155[m[K,
[1.272s]                  from [01m[K/home/testing/dev_ws/src/latency_test/include/talker.h:5[m[K,
[1.272s]                  from [01m[K/home/testing/dev_ws/src/latency_test/src/talker.cpp:1[m[K:
[1.273s] /usr/include/c++/11/functional: In instantiation of â€˜[01m[Kstruct std::_Bind_check_arity<void (talker::*)(), talker*, double&>[m[Kâ€™:
[1.273s] [01m[K/usr/include/c++/11/functional:768:12:[m[K   required from â€˜[01m[Kstruct std::_Bind_helper<false, void (talker::*)(), talker*, double&>[m[Kâ€™
[1.273s] [01m[K/usr/include/c++/11/functional:789:5:[m[K   required by substitution of â€˜[01m[Ktemplate<class _Func, class ... _BoundArgs> typename std::_Bind_helper<std::__is_socketlike<_Func>::value, _Func, _BoundArgs ...>::type std::bind(_Func&&, _BoundArgs&& ...) [with _Func = void (talker::*)(); _BoundArgs = {talker*, double&}][m[Kâ€™
[1.273s] [01m[K/home/testing/dev_ws/src/latency_test/src/talker.cpp:9:38:[m[K   required from here
[1.273s] [01m[K/usr/include/c++/11/functional:756:21:[m[K [01;31m[Kerror: [m[Kstatic assertion failed: Wrong number of arguments for pointer-to-member
[1.273s]   755 |       static_assert(_Varargs::[01;31m[Kvalue[m[K
[1.273s]       |                               [01;31m[K~~~~~[m[K
[1.273s]   756 | [01;31m[K                    ? sizeof...(_BoundArgs) >= _Arity::value + 1[m[K
[1.273s]       |                     [01;31m[K^~~~~~~~~~~~~~~~~~~~~~~~~~~~~~~~~~~~~~~~~~~~[m[K
[1.273s]   757 | [01;31m[K                    : sizeof...(_BoundArgs) == _Arity::value + 1[m[K,
[1.273s]       |                     [01;31m[K~~~~~~~~~~~~~~~~~~~~~~~~~~~~~~~~~~~~~~~~~~~~[m[K
[1.273s] [01m[K/usr/include/c++/11/functional:756:21:[m[K [01;36m[Knote: [m[Kâ€˜[01m[K(false ? (2 >= (((long unsigned int)std::integral_constant<long unsigned int, 0>::value) + 1)) : (2 == (((long unsigned int)std::integral_constant<long unsigned int, 0>::value) + 1)))[m[Kâ€™ evaluates to false
[1.277s] [01m[K/home/testing/dev_ws/src/latency_test/src/talker.cpp:12:11:[m[K [01;31m[Kerror: [m[Kâ€˜[01m[Kclass talker[m[Kâ€™ has no member named â€˜[01m[Ktalker_publiher_[m[Kâ€™
[1.277s]    12 |     this->[01;31m[Ktalker_publiher_[m[K = parent->create_subscription<std_msgs::msg::String>("COMP_TO_PI", 10);
[1.277s]       |           [01;31m[K^~~~~~~~~~~~~~~~[m[K
[1.277s] [01m[K/home/testing/dev_ws/src/latency_test/src/talker.cpp:12:80:[m[K [01;31m[Kerror: [m[Kno matching function for call to â€˜[01m[Krclcpp::Node::create_subscription<std_msgs::msg::String>(const char [11], int)[m[Kâ€™
[1.277s]    12 |     this->talker_publiher_ = [01;31m[Kparent->create_subscription<std_msgs::msg::String>("COMP_TO_PI", 10)[m[K;
[1.278s]       |                              [01;31m[K~~~~~~~~~~~~~~~~~~~~~~~~~~~~~~~~~~~~~~~~~~~~~~~~~~^~~~~~~~~~~~~~~~~~[m[K
[1.278s] In file included from [01m[K/opt/ros/humble/include/rclcpp/rclcpp/executors/single_threaded_executor.hpp:28[m[K,
[1.278s]                  from [01m[K/opt/ros/humble/include/rclcpp/rclcpp/executors.hpp:22[m[K,
[1.278s]                  from [01m[K/opt/ros/humble/include/rclcpp/rclcpp/rclcpp.hpp:155[m[K,
[1.278s]                  from [01m[K/home/testing/dev_ws/src/latency_test/include/talker.h:5[m[K,
[1.278s]                  from [01m[K/home/testing/dev_ws/src/latency_test/src/talker.cpp:1[m[K:
[1.278s] [01m[K/opt/ros/humble/include/rclcpp/rclcpp/node.hpp:219:3:[m[K [01;36m[Knote: [m[Kcandidate: â€˜[01m[Ktemplate<class MessageT, class CallbackT, class AllocatorT, class SubscriptionT, class MessageMemoryStrategyT> std::shared_ptr<ROSMessageT> rclcpp::Node::create_subscription(const string&, const rclcpp::QoS&, CallbackT&&, const rclcpp::SubscriptionOptionsWithAllocator<AllocatorT>&, typename MessageMemoryStrategyT::SharedPtr)[m[Kâ€™
[1.278s]   219 |   [01;36m[Kcreate_subscription[m[K(
[1.279s]       |   [01;36m[K^~~~~~~~~~~~~~~~~~~[m[K
[1.279s] [01m[K/opt/ros/humble/include/rclcpp/rclcpp/node.hpp:219:3:[m[K [01;36m[Knote: [m[K  template argument deduction/substitution failed:
[1.279s] [01m[K/home/testing/dev_ws/src/latency_test/src/talker.cpp:12:80:[m[K [01;36m[Knote: [m[K  candidate expects 5 arguments, 2 provided
[1.279s]    12 |     this->talker_publiher_ = [01;36m[Kparent->create_subscription<std_msgs::msg::String>("COMP_TO_PI", 10)[m[K;
[1.279s]       |                              [01;36m[K~~~~~~~~~~~~~~~~~~~~~~~~~~~~~~~~~~~~~~~~~~~~~~~~~~^~~~~~~~~~~~~~~~~~[m[K
[1.279s] [01m[K/home/testing/dev_ws/src/latency_test/src/talker.cpp:13:26:[m[K [01;31m[Kerror: [m[Kâ€˜[01m[Kclass talker[m[Kâ€™ has no member named â€˜[01m[Kcreate_wall_timer[m[Kâ€™
[1.279s]    13 |     this->timer_ = this->[01;31m[Kcreate_wall_timer[m[K(
[1.279s]       |                          [01;31m[K^~~~~~~~~~~~~~~~~[m[K
[1.279s] [01m[K/home/testing/dev_ws/src/latency_test/src/talker.cpp:14:9:[m[K [01;31m[Kerror: [m[Kunable to find numeric literal operator â€˜[01m[Koperator""ms[m[Kâ€™
[1.280s]    14 |         [01;31m[K500ms[m[K, std::bind(&talker::timer_callback, this));
[1.280s]       |         [01;31m[K^~~~~[m[K
[1.280s] [01m[K/home/testing/dev_ws/src/latency_test/src/talker.cpp:[m[K At global scope:
[1.280s] [01m[K/home/testing/dev_ws/src/latency_test/src/talker.cpp:19:1:[m[K [01;31m[Kerror: [m[KISO C++ forbids declaration of â€˜[01m[Kget_response_time[m[Kâ€™ with no type [[01;31m[K-fpermissive[m[K]
[1.280s]    19 | [01;31m[Ktalker[m[K::get_response_time() {
[1.280s]       | [01;31m[K^~~~~~[m[K
[1.280s] [01m[K/home/testing/dev_ws/src/latency_test/src/talker.cpp:19:1:[m[K [01;31m[Kerror: [m[Kno declaration matches â€˜[01m[Kint talker::get_response_time()[m[Kâ€™
[1.280s] In file included from [01m[K/home/testing/dev_ws/src/latency_test/src/talker.cpp:1[m[K:
[1.280s] [01m[K/home/testing/dev_ws/src/latency_test/include/talker.h:30:14:[m[K [01;36m[Knote: [m[Kcandidate is: â€˜[01m[Kvoid talker::get_response_time()[m[Kâ€™
[1.280s]    30 |         void [01;36m[Kget_response_time[m[K();
[1.281s]       |              [01;36m[K^~~~~~~~~~~~~~~~~[m[K
[1.281s] [01m[K/home/testing/dev_ws/src/latency_test/include/talker.h:11:7:[m[K [01;36m[Knote: [m[Kâ€˜[01m[Kclass talker[m[Kâ€™ defined here
[1.281s]    11 | class [01;36m[Ktalker[m[K {
[1.281s]       |       [01;36m[K^~~~~~[m[K
[1.281s] [01m[K/home/testing/dev_ws/src/latency_test/src/talker.cpp:26:1:[m[K [01;31m[Kerror: [m[KISO C++ forbids declaration of â€˜[01m[Ktimer_callback[m[Kâ€™ with no type [[01;31m[K-fpermissive[m[K]
[1.281s]    26 | [01;31m[Ktalker[m[K::timer_callback() {
[1.281s]       | [01;31m[K^~~~~~[m[K
[1.281s] [01m[K/home/testing/dev_ws/src/latency_test/src/talker.cpp:26:1:[m[K [01;31m[Kerror: [m[Kno declaration matches â€˜[01m[Kint talker::timer_callback()[m[Kâ€™
[1.282s] In file included from [01m[K/home/testing/dev_ws/src/latency_test/src/talker.cpp:1[m[K:
[1.282s] [01m[K/home/testing/dev_ws/src/latency_test/include/talker.h:31:14:[m[K [01;36m[Knote: [m[Kcandidate is: â€˜[01m[Kvoid talker::timer_callback()[m[Kâ€™
[1.282s]    31 |         void [01;36m[Ktimer_callback[m[K()
[1.283s]       |              [01;36m[K^~~~~~~~~~~~~~[m[K
[1.283s] [01m[K/home/testing/dev_ws/src/latency_test/include/talker.h:11:7:[m[K [01;36m[Knote: [m[Kâ€˜[01m[Kclass talker[m[Kâ€™ defined here
[1.283s]    11 | class [01;36m[Ktalker[m[K {
[1.283s]       |       [01;36m[K^~~~~~[m[K
[1.408s] In file included from [01m[K/usr/include/aarch64-linux-gnu/c++/11/bits/c++allocator.h:33[m[K,
[1.408s]                  from [01m[K/usr/include/c++/11/bits/allocator.h:46[m[K,
[1.409s]                  from [01m[K/usr/include/c++/11/memory:64[m[K,
[1.409s]                  from [01m[K/opt/ros/humble/include/rclcpp/rclcpp/rclcpp.hpp:153[m[K,
[1.409s]                  from [01m[K/home/testing/dev_ws/src/latency_test/src/latency_test_main.cpp:1[m[K:
[1.409s] /usr/include/c++/11/ext/new_allocator.h: In instantiation of â€˜[01m[Kvoid __gnu_cxx::new_allocator<_Tp>::construct(_Up*, _Args&& ...) [with _Up = talker; _Args = {}; _Tp = talker][m[Kâ€™:
[1.410s] [01m[K/usr/include/c++/11/bits/alloc_traits.h:516:17:[m[K   required from â€˜[01m[Kstatic void std::allocator_traits<std::allocator<_Tp1> >::construct(std::allocator_traits<std::allocator<_Tp1> >::allocator_type&, _Up*, _Args&& ...) [with _Up = talker; _Args = {}; _Tp = talker; std::allocator_traits<std::allocator<_Tp1> >::allocator_type = std::allocator<talker>][m[Kâ€™
[1.410s] [01m[K/usr/include/c++/11/bits/shared_ptr_base.h:519:39:[m[K   required from â€˜[01m[Kstd::_Sp_counted_ptr_inplace<_Tp, _Alloc, _Lp>::_Sp_counted_ptr_inplace(_Alloc, _Args&& ...) [with _Args = {}; _Tp = talker; _Alloc = std::allocator<talker>; __gnu_cxx::_Lock_policy _Lp = __gnu_cxx::_S_atomic][m[Kâ€™
[1.410s] [01m[K/usr/include/c++/11/bits/shared_ptr_base.h:650:16:[m[K   required from â€˜[01m[Kstd::__shared_count<_Lp>::__shared_count(_Tp*&, std::_Sp_alloc_shared_tag<_Alloc>, _Args&& ...) [with _Tp = talker; _Alloc = std::allocator<talker>; _Args = {}; __gnu_cxx::_Lock_policy _Lp = __gnu_cxx::_S_atomic][m[Kâ€™
[1.410s] [01m[K/usr/include/c++/11/bits/shared_ptr_base.h:1342:14:[m[K   required from â€˜[01m[Kstd::__shared_ptr<_Tp, _Lp>::__shared_ptr(std::_Sp_alloc_shared_tag<_Tp>, _Args&& ...) [with _Alloc = std::allocator<talker>; _Args = {}; _Tp = talker; __gnu_cxx::_Lock_policy _Lp = __gnu_cxx::_S_atomic][m[Kâ€™
[1.410s] [01m[K/usr/include/c++/11/bits/shared_ptr.h:409:59:[m[K   required from â€˜[01m[Kstd::shared_ptr<_Tp>::shared_ptr(std::_Sp_alloc_shared_tag<_Tp>, _Args&& ...) [with _Alloc = std::allocator<talker>; _Args = {}; _Tp = talker][m[Kâ€™
[1.410s] [01m[K/usr/include/c++/11/bits/shared_ptr.h:862:14:[m[K   required from â€˜[01m[Kstd::shared_ptr<_Tp> std::allocate_shared(const _Alloc&, _Args&& ...) [with _Tp = talker; _Alloc = std::allocator<talker>; _Args = {}][m[Kâ€™
[1.410s] [01m[K/usr/include/c++/11/bits/shared_ptr.h:878:39:[m[K   required from â€˜[01m[Kstd::shared_ptr<_Tp> std::make_shared(_Args&& ...) [with _Tp = talker; _Args = {}][m[Kâ€™
[1.411s] [01m[K/home/testing/dev_ws/src/latency_test/src/latency_test_main.cpp:9:40:[m[K   required from here
[1.411s] [01m[K/usr/include/c++/11/ext/new_allocator.h:162:11:[m[K [01;31m[Kerror: [m[Kno matching function for call to â€˜[01m[Ktalker::talker()[m[Kâ€™
[1.411s]   162 |         { [01;31m[K::new((void *)__p) _Up(std::forward<_Args>(__args)...)[m[K; }
[1.411s]       |           [01;31m[K^~~~~~~~~~~~~~~~~~~~~~~~~~~~~~~~~~~~~~~~~~~~~~~~~~~~~~[m[K
[1.411s] In file included from [01m[K/home/testing/dev_ws/src/latency_test/src/latency_test_main.cpp:2[m[K:
[1.411s] [01m[K/home/testing/dev_ws/src/latency_test/include/talker.h:14:9:[m[K [01;36m[Knote: [m[Kcandidate: â€˜[01m[Ktalker::talker(rclcpp::Node*)[m[Kâ€™
[1.414s]    14 |         [01;36m[Ktalker[m[K(rclcpp::Node *parent);
[1.414s]       |         [01;36m[K^~~~~~[m[K
[1.414s] [01m[K/home/testing/dev_ws/src/latency_test/include/talker.h:14:9:[m[K [01;36m[Knote: [m[K  candidate expects 1 argument, 0 provided
[1.414s] [01m[K/home/testing/dev_ws/src/latency_test/include/talker.h:11:7:[m[K [01;36m[Knote: [m[Kcandidate: â€˜[01m[Ktalker::talker(const talker&)[m[Kâ€™
[1.414s]    11 | class [01;36m[Ktalker[m[K {
[1.414s]       |       [01;36m[K^~~~~~[m[K
[1.414s] [01m[K/home/testing/dev_ws/src/latency_test/include/talker.h:11:7:[m[K [01;36m[Knote: [m[K  candidate expects 1 argument, 0 provided
[1.414s] [01m[K/home/testing/dev_ws/src/latency_test/include/talker.h:11:7:[m[K [01;36m[Knote: [m[Kcandidate: â€˜[01m[Ktalker::talker(talker&&)[m[Kâ€™
[1.415s] [01m[K/home/testing/dev_ws/src/latency_test/include/talker.h:11:7:[m[K [01;36m[Knote: [m[K  candidate expects 1 argument, 0 provided
[1.429s] gmake[2]: *** [CMakeFiles/latency_test.dir/build.make:76: CMakeFiles/latency_test.dir/src/talker.cpp.o] Error 1
[1.429s] gmake[2]: *** Waiting for unfinished jobs....
[1.440s] gmake[2]: *** [CMakeFiles/latency_test.dir/build.make:90: CMakeFiles/latency_test.dir/src/latency_test_main.cpp.o] Error 1
[1.441s] gmake[1]: *** [CMakeFiles/Makefile2:137: CMakeFiles/latency_test.dir/all] Error 2
[1.441s] gmake: *** [Makefile:146: all] Error 2
[1.442s] Invoked command in '/home/testing/dev_ws/src/build/latency_test' returned '2': CMAKE_PREFIX_PATH=/opt/ros/humble /usr/bin/cmake --build /home/testing/dev_ws/src/build/latency_test -- -j8 -l8
