[0.014s] Invoking command in '/home/testing/dev_ws/src/build/latency_test_listener': CMAKE_PREFIX_PATH=${CMAKE_PREFIX_PATH}:/opt/ros/humble /usr/bin/cmake --build /home/testing/dev_ws/src/build/latency_test_listener -- -j8 -l8
[0.049s] [ 50%] [32m[1mLinking CXX executable latency_test_listener[0m
[0.112s] /usr/bin/ld: /usr/lib/gcc/aarch64-linux-gnu/11/../../../aarch64-linux-gnu/Scrt1.o: in function `_start':
[0.112s] (.text+0x1c): undefined reference to `main'
[0.113s] /usr/bin/ld: (.text+0x20): undefined reference to `main'
[0.116s] collect2: error: ld returned 1 exit status
[0.117s] gmake[2]: *** [CMakeFiles/latency_test_listener.dir/build.make:159: latency_test_listener] Error 1
[0.117s] gmake[1]: *** [CMakeFiles/Makefile2:137: CMakeFiles/latency_test_listener.dir/all] Error 2
[0.118s] gmake: *** [Makefile:146: all] Error 2
[0.119s] Invoked command in '/home/testing/dev_ws/src/build/latency_test_listener' returned '2': CMAKE_PREFIX_PATH=${CMAKE_PREFIX_PATH}:/opt/ros/humble /usr/bin/cmake --build /home/testing/dev_ws/src/build/latency_test_listener -- -j8 -l8
