[0.004s] Invoking command in '/home/testing/dev_ws/src/build/latency_test': CMAKE_PREFIX_PATH=/opt/ros/humble /usr/bin/cmake --build /home/testing/dev_ws/src/build/latency_test -- -j8 -l8
[0.022s] [35m[1mConsolidate compiler generated dependencies of target latency_test[0m
[0.080s] [ 33%] [32mBuilding CXX object CMakeFiles/latency_test.dir/src/talker.cpp.o[0m
[0.080s] [ 66%] [32mBuilding CXX object CMakeFiles/latency_test.dir/src/latency_test_main.cpp.o[0m
[0.933s] [01m[K/home/testing/dev_ws/src/latency_test/src/talker.cpp:3:1:[m[K [01;31m[Kerror: [m[Kno declaration matches â€˜[01m[Ktalker::talker()[m[Kâ€™
[0.933s]     3 | [01;31m[Ktalker[m[K::talker() : Node("talker") {
[0.933s]       | [01;31m[K^~~~~~[m[K
[0.933s] In file included from [01m[K/home/testing/dev_ws/src/latency_test/src/talker.cpp:1[m[K:
[0.933s] [01m[K/home/testing/dev_ws/src/latency_test/include/talker.h:11:7:[m[K [01;36m[Knote: [m[Kcandidates are: â€˜[01m[Ktalker::talker(talker&&)[m[Kâ€™
[0.934s]    11 | class [01;36m[Ktalker[m[K : public rclcpp::Node{
[0.934s]       |       [01;36m[K^~~~~~[m[K
[0.934s] [01m[K/home/testing/dev_ws/src/latency_test/include/talker.h:11:7:[m[K [01;36m[Knote: [m[K                â€˜[01m[Ktalker::talker(const talker&)[m[Kâ€™
[0.934s] [01m[K/home/testing/dev_ws/src/latency_test/include/talker.h:14:9:[m[K [01;36m[Knote: [m[K                â€˜[01m[Ktalker::talker(rclcpp::Node*)[m[Kâ€™
[0.934s]    14 |         [01;36m[Ktalker[m[K(rclcpp::Node *parent);
[0.934s]       |         [01;36m[K^~~~~~[m[K
[0.934s] [01m[K/home/testing/dev_ws/src/latency_test/include/talker.h:11:7:[m[K [01;36m[Knote: [m[Kâ€˜[01m[Kclass talker[m[Kâ€™ defined here
[0.934s]    11 | class [01;36m[Ktalker[m[K : public rclcpp::Node{
[0.934s]       |       [01;36m[K^~~~~~[m[K
[0.935s] [01m[K/home/testing/dev_ws/src/latency_test/src/talker.cpp:19:1:[m[K [01;31m[Kerror: [m[KISO C++ forbids declaration of â€˜[01m[Kget_response_time[m[Kâ€™ with no type [[01;31m[K-fpermissive[m[K]
[0.935s]    19 | [01;31m[Ktalker[m[K::get_response_time() {
[0.935s]       | [01;31m[K^~~~~~[m[K
[0.935s] [01m[K/home/testing/dev_ws/src/latency_test/src/talker.cpp:19:1:[m[K [01;31m[Kerror: [m[Kno declaration matches â€˜[01m[Kint talker::get_response_time()[m[Kâ€™
[0.935s] In file included from [01m[K/home/testing/dev_ws/src/latency_test/src/talker.cpp:1[m[K:
[0.935s] [01m[K/home/testing/dev_ws/src/latency_test/include/talker.h:30:14:[m[K [01;36m[Knote: [m[Kcandidate is: â€˜[01m[Kvoid talker::get_response_time()[m[Kâ€™
[0.935s]    30 |         void [01;36m[Kget_response_time[m[K();
[0.935s]       |              [01;36m[K^~~~~~~~~~~~~~~~~[m[K
[0.935s] [01m[K/home/testing/dev_ws/src/latency_test/include/talker.h:11:7:[m[K [01;36m[Knote: [m[Kâ€˜[01m[Kclass talker[m[Kâ€™ defined here
[0.935s]    11 | class [01;36m[Ktalker[m[K : public rclcpp::Node{
[0.936s]       |       [01;36m[K^~~~~~[m[K
[0.936s] [01m[K/home/testing/dev_ws/src/latency_test/src/talker.cpp:26:1:[m[K [01;31m[Kerror: [m[KISO C++ forbids declaration of â€˜[01m[Ktimer_callback[m[Kâ€™ with no type [[01;31m[K-fpermissive[m[K]
[0.936s]    26 | [01;31m[Ktalker[m[K::timer_callback() {
[0.936s]       | [01;31m[K^~~~~~[m[K
[0.936s] [01m[K/home/testing/dev_ws/src/latency_test/src/talker.cpp:26:1:[m[K [01;31m[Kerror: [m[Kno declaration matches â€˜[01m[Kint talker::timer_callback()[m[Kâ€™
[0.936s] In file included from [01m[K/home/testing/dev_ws/src/latency_test/src/talker.cpp:1[m[K:
[0.936s] [01m[K/home/testing/dev_ws/src/latency_test/include/talker.h:31:14:[m[K [01;36m[Knote: [m[Kcandidate is: â€˜[01m[Kvoid talker::timer_callback()[m[Kâ€™
[0.936s]    31 |         void [01;36m[Ktimer_callback[m[K();
[0.936s]       |              [01;36m[K^~~~~~~~~~~~~~[m[K
[0.937s] [01m[K/home/testing/dev_ws/src/latency_test/include/talker.h:11:7:[m[K [01;36m[Knote: [m[Kâ€˜[01m[Kclass talker[m[Kâ€™ defined here
[0.937s]    11 | class [01;36m[Ktalker[m[K : public rclcpp::Node{
[0.937s]       |       [01;36m[K^~~~~~[m[K
[1.056s] In file included from [01m[K/usr/include/aarch64-linux-gnu/c++/11/bits/c++allocator.h:33[m[K,
[1.056s]                  from [01m[K/usr/include/c++/11/bits/allocator.h:46[m[K,
[1.056s]                  from [01m[K/usr/include/c++/11/memory:64[m[K,
[1.056s]                  from [01m[K/opt/ros/humble/include/rclcpp/rclcpp/rclcpp.hpp:153[m[K,
[1.056s]                  from [01m[K/home/testing/dev_ws/src/latency_test/src/latency_test_main.cpp:1[m[K:
[1.056s] /usr/include/c++/11/ext/new_allocator.h: In instantiation of â€˜[01m[Kvoid __gnu_cxx::new_allocator<_Tp>::construct(_Up*, _Args&& ...) [with _Up = talker; _Args = {}; _Tp = talker][m[Kâ€™:
[1.056s] [01m[K/usr/include/c++/11/bits/alloc_traits.h:516:17:[m[K   required from â€˜[01m[Kstatic void std::allocator_traits<std::allocator<_Tp1> >::construct(std::allocator_traits<std::allocator<_Tp1> >::allocator_type&, _Up*, _Args&& ...) [with _Up = talker; _Args = {}; _Tp = talker; std::allocator_traits<std::allocator<_Tp1> >::allocator_type = std::allocator<talker>][m[Kâ€™
[1.057s] [01m[K/usr/include/c++/11/bits/shared_ptr_base.h:519:39:[m[K   required from â€˜[01m[Kstd::_Sp_counted_ptr_inplace<_Tp, _Alloc, _Lp>::_Sp_counted_ptr_inplace(_Alloc, _Args&& ...) [with _Args = {}; _Tp = talker; _Alloc = std::allocator<talker>; __gnu_cxx::_Lock_policy _Lp = __gnu_cxx::_S_atomic][m[Kâ€™
[1.057s] [01m[K/usr/include/c++/11/bits/shared_ptr_base.h:650:16:[m[K   required from â€˜[01m[Kstd::__shared_count<_Lp>::__shared_count(_Tp*&, std::_Sp_alloc_shared_tag<_Alloc>, _Args&& ...) [with _Tp = talker; _Alloc = std::allocator<talker>; _Args = {}; __gnu_cxx::_Lock_policy _Lp = __gnu_cxx::_S_atomic][m[Kâ€™
[1.057s] [01m[K/usr/include/c++/11/bits/shared_ptr_base.h:1342:14:[m[K   required from â€˜[01m[Kstd::__shared_ptr<_Tp, _Lp>::__shared_ptr(std::_Sp_alloc_shared_tag<_Tp>, _Args&& ...) [with _Alloc = std::allocator<talker>; _Args = {}; _Tp = talker; __gnu_cxx::_Lock_policy _Lp = __gnu_cxx::_S_atomic][m[Kâ€™
[1.057s] [01m[K/usr/include/c++/11/bits/shared_ptr.h:409:59:[m[K   required from â€˜[01m[Kstd::shared_ptr<_Tp>::shared_ptr(std::_Sp_alloc_shared_tag<_Tp>, _Args&& ...) [with _Alloc = std::allocator<talker>; _Args = {}; _Tp = talker][m[Kâ€™
[1.057s] [01m[K/usr/include/c++/11/bits/shared_ptr.h:862:14:[m[K   required from â€˜[01m[Kstd::shared_ptr<_Tp> std::allocate_shared(const _Alloc&, _Args&& ...) [with _Tp = talker; _Alloc = std::allocator<talker>; _Args = {}][m[Kâ€™
[1.057s] [01m[K/usr/include/c++/11/bits/shared_ptr.h:878:39:[m[K   required from â€˜[01m[Kstd::shared_ptr<_Tp> std::make_shared(_Args&& ...) [with _Tp = talker; _Args = {}][m[Kâ€™
[1.057s] [01m[K/home/testing/dev_ws/src/latency_test/src/latency_test_main.cpp:9:40:[m[K   required from here
[1.057s] [01m[K/usr/include/c++/11/ext/new_allocator.h:162:11:[m[K [01;31m[Kerror: [m[Kno matching function for call to â€˜[01m[Ktalker::talker()[m[Kâ€™
[1.057s]   162 |         { [01;31m[K::new((void *)__p) _Up(std::forward<_Args>(__args)...)[m[K; }
[1.057s]       |           [01;31m[K^~~~~~~~~~~~~~~~~~~~~~~~~~~~~~~~~~~~~~~~~~~~~~~~~~~~~~[m[K
[1.057s] In file included from [01m[K/home/testing/dev_ws/src/latency_test/src/latency_test_main.cpp:2[m[K:
[1.058s] [01m[K/home/testing/dev_ws/src/latency_test/include/talker.h:14:9:[m[K [01;36m[Knote: [m[Kcandidate: â€˜[01m[Ktalker::talker(rclcpp::Node*)[m[Kâ€™
[1.058s]    14 |         [01;36m[Ktalker[m[K(rclcpp::Node *parent);
[1.058s]       |         [01;36m[K^~~~~~[m[K
[1.058s] [01m[K/home/testing/dev_ws/src/latency_test/include/talker.h:14:9:[m[K [01;36m[Knote: [m[K  candidate expects 1 argument, 0 provided
[1.074s] gmake[2]: *** [CMakeFiles/latency_test.dir/build.make:76: CMakeFiles/latency_test.dir/src/talker.cpp.o] Error 1
[1.074s] gmake[2]: *** Waiting for unfinished jobs....
[1.083s] gmake[2]: *** [CMakeFiles/latency_test.dir/build.make:90: CMakeFiles/latency_test.dir/src/latency_test_main.cpp.o] Error 1
[1.084s] gmake[1]: *** [CMakeFiles/Makefile2:137: CMakeFiles/latency_test.dir/all] Error 2
[1.084s] gmake: *** [Makefile:146: all] Error 2
[1.085s] Invoked command in '/home/testing/dev_ws/src/build/latency_test' returned '2': CMAKE_PREFIX_PATH=/opt/ros/humble /usr/bin/cmake --build /home/testing/dev_ws/src/build/latency_test -- -j8 -l8
