[0.004s] Invoking command in '/home/testing/dev_ws/src/build/latency_test': CMAKE_PREFIX_PATH=/opt/ros/humble /usr/bin/cmake --build /home/testing/dev_ws/src/build/latency_test -- -j8 -l8
[0.022s] [35m[1mConsolidate compiler generated dependencies of target latency_test[0m
[0.082s] [ 66%] [32mBuilding CXX object CMakeFiles/latency_test.dir/src/talker.cpp.o[0m
[0.083s] [ 66%] [32mBuilding CXX object CMakeFiles/latency_test.dir/src/latency_test_main.cpp.o[0m
[0.926s] [01m[K/home/testing/dev_ws/src/latency_test/src/talker.cpp:[m[K In constructor â€˜[01m[Ktalker::talker(rclcpp::Node*)[m[Kâ€™:
[0.928s] [01m[K/home/testing/dev_ws/src/latency_test/src/talker.cpp:3:53:[m[K [01;31m[Kerror: [m[Kno matching function for call to â€˜[01m[Krclcpp::Node::Node()[m[Kâ€™
[0.931s]     3 | talker::talker(rclcpp::Node* parent) : parent(parent[01;31m[K)[m[K {
[0.935s]       |                                                     [01;31m[K^[m[K
[0.937s] In file included from [01m[K/opt/ros/humble/include/rclcpp/rclcpp/executors/single_threaded_executor.hpp:28[m[K,
[0.937s]                  from [01m[K/opt/ros/humble/include/rclcpp/rclcpp/executors.hpp:22[m[K,
[0.937s]                  from [01m[K/opt/ros/humble/include/rclcpp/rclcpp/rclcpp.hpp:155[m[K,
[0.937s]                  from [01m[K/home/testing/dev_ws/src/latency_test/include/talker.h:5[m[K,
[0.937s]                  from [01m[K/home/testing/dev_ws/src/latency_test/src/talker.cpp:1[m[K:
[0.938s] [01m[K/opt/ros/humble/include/rclcpp/rclcpp/node.hpp:1294:3:[m[K [01;36m[Knote: [m[Kcandidate: â€˜[01m[Krclcpp::Node::Node(const rclcpp::Node&, const string&)[m[Kâ€™
[0.938s]  1294 |   [01;36m[KNode[m[K(
[0.938s]       |   [01;36m[K^~~~[m[K
[0.938s] [01m[K/opt/ros/humble/include/rclcpp/rclcpp/node.hpp:1294:3:[m[K [01;36m[Knote: [m[K  candidate expects 2 arguments, 0 provided
[0.938s] [01m[K/opt/ros/humble/include/rclcpp/rclcpp/node.hpp:101:12:[m[K [01;36m[Knote: [m[Kcandidate: â€˜[01m[Krclcpp::Node::Node(const string&, const string&, const rclcpp::NodeOptions&)[m[Kâ€™
[0.938s]   101 |   explicit [01;36m[KNode[m[K(
[0.938s]       |            [01;36m[K^~~~[m[K
[0.938s] [01m[K/opt/ros/humble/include/rclcpp/rclcpp/node.hpp:101:12:[m[K [01;36m[Knote: [m[K  candidate expects 3 arguments, 0 provided
[0.938s] [01m[K/opt/ros/humble/include/rclcpp/rclcpp/node.hpp:89:12:[m[K [01;36m[Knote: [m[Kcandidate: â€˜[01m[Krclcpp::Node::Node(const string&, const rclcpp::NodeOptions&)[m[Kâ€™
[0.939s]    89 |   explicit [01;36m[KNode[m[K(
[0.939s]       |            [01;36m[K^~~~[m[K
[0.939s] [01m[K/opt/ros/humble/include/rclcpp/rclcpp/node.hpp:89:12:[m[K [01;36m[Knote: [m[K  candidate expects 2 arguments, 0 provided
[0.939s] [01m[K/home/testing/dev_ws/src/latency_test/src/talker.cpp:9:9:[m[K [01;31m[Kerror: [m[Kno matching function for call to â€˜[01m[Krclcpp::Node::create_subscription<std_msgs::msg::String>(const char [11])[m[Kâ€™
[0.939s]     8 |     this->talker_subscriber_ = [01;31m[Kparent->create_subscription<std_msgs::msg::String>[m[K
[0.939s]       |                                [01;31m[K~~~~~~~~~~~~~~~~~~~~~~~~~~~~~~~~~~~~~~~~~~~~~~~~~~[m[K
[0.939s]     9 | [01;31m[K        ("PI_TO_COMP")[m[K, 10, std::bind(&talker::get_response_time, this, this->send_time);
[0.939s]       |         [01;31m[K^~~~~~~~~~~~~~[m[K
[0.939s] In file included from [01m[K/opt/ros/humble/include/rclcpp/rclcpp/executors/single_threaded_executor.hpp:28[m[K,
[0.940s]                  from [01m[K/opt/ros/humble/include/rclcpp/rclcpp/executors.hpp:22[m[K,
[0.940s]                  from [01m[K/opt/ros/humble/include/rclcpp/rclcpp/rclcpp.hpp:155[m[K,
[0.940s]                  from [01m[K/home/testing/dev_ws/src/latency_test/include/talker.h:5[m[K,
[0.940s]                  from [01m[K/home/testing/dev_ws/src/latency_test/src/talker.cpp:1[m[K:
[0.940s] [01m[K/opt/ros/humble/include/rclcpp/rclcpp/node.hpp:219:3:[m[K [01;36m[Knote: [m[Kcandidate: â€˜[01m[Ktemplate<class MessageT, class CallbackT, class AllocatorT, class SubscriptionT, class MessageMemoryStrategyT> std::shared_ptr<ROSMessageT> rclcpp::Node::create_subscription(const string&, const rclcpp::QoS&, CallbackT&&, const rclcpp::SubscriptionOptionsWithAllocator<AllocatorT>&, typename MessageMemoryStrategyT::SharedPtr)[m[Kâ€™
[0.940s]   219 |   [01;36m[Kcreate_subscription[m[K(
[0.940s]       |   [01;36m[K^~~~~~~~~~~~~~~~~~~[m[K
[0.940s] [01m[K/opt/ros/humble/include/rclcpp/rclcpp/node.hpp:219:3:[m[K [01;36m[Knote: [m[K  template argument deduction/substitution failed:
[0.940s] [01m[K/home/testing/dev_ws/src/latency_test/src/talker.cpp:9:9:[m[K [01;36m[Knote: [m[K  candidate expects 5 arguments, 1 provided
[0.941s]     8 |     this->talker_subscriber_ = [01;36m[Kparent->create_subscription<std_msgs::msg::String>[m[K
[0.941s]       |                                [01;36m[K~~~~~~~~~~~~~~~~~~~~~~~~~~~~~~~~~~~~~~~~~~~~~~~~~~[m[K
[0.941s]     9 | [01;36m[K        ("PI_TO_COMP")[m[K, 10, std::bind(&talker::get_response_time, this, this->send_time);
[0.941s]       |         [01;36m[K^~~~~~~~~~~~~~[m[K
[0.941s] In file included from [01m[K/usr/include/c++/11/pstl/glue_algorithm_defs.h:13[m[K,
[0.941s]                  from [01m[K/usr/include/c++/11/algorithm:74[m[K,
[0.941s]                  from [01m[K/opt/ros/humble/include/rclcpp/rclcpp/executor.hpp:18[m[K,
[0.941s]                  from [01m[K/opt/ros/humble/include/rclcpp/rclcpp/executors/multi_threaded_executor.hpp:25[m[K,
[0.941s]                  from [01m[K/opt/ros/humble/include/rclcpp/rclcpp/executors.hpp:21[m[K,
[0.941s]                  from [01m[K/opt/ros/humble/include/rclcpp/rclcpp/rclcpp.hpp:155[m[K,
[0.942s]                  from [01m[K/home/testing/dev_ws/src/latency_test/include/talker.h:5[m[K,
[0.942s]                  from [01m[K/home/testing/dev_ws/src/latency_test/src/talker.cpp:1[m[K:
[0.942s] /usr/include/c++/11/functional: In instantiation of â€˜[01m[Kstruct std::_Bind_check_arity<void (talker::*)(), talker*, double&>[m[Kâ€™:
[0.943s] [01m[K/usr/include/c++/11/functional:768:12:[m[K   required from â€˜[01m[Kstruct std::_Bind_helper<false, void (talker::*)(), talker*, double&>[m[Kâ€™
[0.943s] [01m[K/usr/include/c++/11/functional:789:5:[m[K   required by substitution of â€˜[01m[Ktemplate<class _Func, class ... _BoundArgs> typename std::_Bind_helper<std::__is_socketlike<_Func>::value, _Func, _BoundArgs ...>::type std::bind(_Func&&, _BoundArgs&& ...) [with _Func = void (talker::*)(); _BoundArgs = {talker*, double&}][m[Kâ€™
[0.943s] [01m[K/home/testing/dev_ws/src/latency_test/src/talker.cpp:9:38:[m[K   required from here
[0.943s] [01m[K/usr/include/c++/11/functional:756:21:[m[K [01;31m[Kerror: [m[Kstatic assertion failed: Wrong number of arguments for pointer-to-member
[0.943s]   755 |       static_assert(_Varargs::[01;31m[Kvalue[m[K
[0.943s]       |                               [01;31m[K~~~~~[m[K
[0.943s]   756 | [01;31m[K                    ? sizeof...(_BoundArgs) >= _Arity::value + 1[m[K
[0.944s]       |                     [01;31m[K^~~~~~~~~~~~~~~~~~~~~~~~~~~~~~~~~~~~~~~~~~~~[m[K
[0.944s]   757 | [01;31m[K                    : sizeof...(_BoundArgs) == _Arity::value + 1[m[K,
[0.944s]       |                     [01;31m[K~~~~~~~~~~~~~~~~~~~~~~~~~~~~~~~~~~~~~~~~~~~~[m[K
[0.944s] [01m[K/usr/include/c++/11/functional:756:21:[m[K [01;36m[Knote: [m[Kâ€˜[01m[K(false ? (2 >= (((long unsigned int)std::integral_constant<long unsigned int, 0>::value) + 1)) : (2 == (((long unsigned int)std::integral_constant<long unsigned int, 0>::value) + 1)))[m[Kâ€™ evaluates to false
[0.944s] [01m[K/home/testing/dev_ws/src/latency_test/src/talker.cpp:12:11:[m[K [01;31m[Kerror: [m[Kâ€˜[01m[Kclass talker[m[Kâ€™ has no member named â€˜[01m[Ktalker_publiher_[m[Kâ€™; did you mean â€˜[01m[Ktalker_publisher_[m[Kâ€™?
[0.944s]    12 |     this->[01;31m[Ktalker_publiher_[m[K = parent->create_subscription<std_msgs::msg::String>("COMP_TO_PI", 10);
[0.944s]       |           [01;31m[K^~~~~~~~~~~~~~~~[m[K
[0.944s]       |           [32m[Ktalker_publisher_[m[K
[0.944s] [01m[K/home/testing/dev_ws/src/latency_test/src/talker.cpp:12:80:[m[K [01;31m[Kerror: [m[Kno matching function for call to â€˜[01m[Krclcpp::Node::create_subscription<std_msgs::msg::String>(const char [11], int)[m[Kâ€™
[0.945s]    12 |     this->talker_publiher_ = [01;31m[Kparent->create_subscription<std_msgs::msg::String>("COMP_TO_PI", 10)[m[K;
[0.945s]       |                              [01;31m[K~~~~~~~~~~~~~~~~~~~~~~~~~~~~~~~~~~~~~~~~~~~~~~~~~~^~~~~~~~~~~~~~~~~~[m[K
[0.945s] In file included from [01m[K/opt/ros/humble/include/rclcpp/rclcpp/executors/single_threaded_executor.hpp:28[m[K,
[0.945s]                  from [01m[K/opt/ros/humble/include/rclcpp/rclcpp/executors.hpp:22[m[K,
[0.945s]                  from [01m[K/opt/ros/humble/include/rclcpp/rclcpp/rclcpp.hpp:155[m[K,
[0.945s]                  from [01m[K/home/testing/dev_ws/src/latency_test/include/talker.h:5[m[K,
[0.945s]                  from [01m[K/home/testing/dev_ws/src/latency_test/src/talker.cpp:1[m[K:
[0.948s] [01m[K/opt/ros/humble/include/rclcpp/rclcpp/node.hpp:219:3:[m[K [01;36m[Knote: [m[Kcandidate: â€˜[01m[Ktemplate<class MessageT, class CallbackT, class AllocatorT, class SubscriptionT, class MessageMemoryStrategyT> std::shared_ptr<ROSMessageT> rclcpp::Node::create_subscription(const string&, const rclcpp::QoS&, CallbackT&&, const rclcpp::SubscriptionOptionsWithAllocator<AllocatorT>&, typename MessageMemoryStrategyT::SharedPtr)[m[Kâ€™
[0.948s]   219 |   [01;36m[Kcreate_subscription[m[K(
[0.948s]       |   [01;36m[K^~~~~~~~~~~~~~~~~~~[m[K
[0.948s] [01m[K/opt/ros/humble/include/rclcpp/rclcpp/node.hpp:219:3:[m[K [01;36m[Knote: [m[K  template argument deduction/substitution failed:
[0.948s] [01m[K/home/testing/dev_ws/src/latency_test/src/talker.cpp:12:80:[m[K [01;36m[Knote: [m[K  candidate expects 5 arguments, 2 provided
[0.948s]    12 |     this->talker_publiher_ = [01;36m[Kparent->create_subscription<std_msgs::msg::String>("COMP_TO_PI", 10)[m[K;
[0.948s]       |                              [01;36m[K~~~~~~~~~~~~~~~~~~~~~~~~~~~~~~~~~~~~~~~~~~~~~~~~~~^~~~~~~~~~~~~~~~~~[m[K
[0.949s] [01m[K/home/testing/dev_ws/src/latency_test/src/talker.cpp:14:9:[m[K [01;31m[Kerror: [m[Kunable to find numeric literal operator â€˜[01m[Koperator""ms[m[Kâ€™
[0.949s]    14 |         [01;31m[K500ms[m[K, std::bind(&talker::timer_callback, this));
[0.949s]       |         [01;31m[K^~~~~[m[K
[0.949s] [01m[K/home/testing/dev_ws/src/latency_test/src/talker.cpp:[m[K At global scope:
[0.949s] [01m[K/home/testing/dev_ws/src/latency_test/src/talker.cpp:19:1:[m[K [01;31m[Kerror: [m[KISO C++ forbids declaration of â€˜[01m[Kget_response_time[m[Kâ€™ with no type [[01;31m[K-fpermissive[m[K]
[0.949s]    19 | [01;31m[Ktalker[m[K::get_response_time() {
[0.949s]       | [01;31m[K^~~~~~[m[K
[0.949s] [01m[K/home/testing/dev_ws/src/latency_test/src/talker.cpp:19:1:[m[K [01;31m[Kerror: [m[Kno declaration matches â€˜[01m[Kint talker::get_response_time()[m[Kâ€™
[0.949s] In file included from [01m[K/home/testing/dev_ws/src/latency_test/src/talker.cpp:1[m[K:
[0.950s] [01m[K/home/testing/dev_ws/src/latency_test/include/talker.h:31:14:[m[K [01;36m[Knote: [m[Kcandidate is: â€˜[01m[Kvoid talker::get_response_time()[m[Kâ€™
[0.950s]    31 |         void [01;36m[Kget_response_time[m[K();
[0.950s]       |              [01;36m[K^~~~~~~~~~~~~~~~~[m[K
[0.950s] [01m[K/home/testing/dev_ws/src/latency_test/include/talker.h:11:7:[m[K [01;36m[Knote: [m[Kâ€˜[01m[Kclass talker[m[Kâ€™ defined here
[0.950s]    11 | class [01;36m[Ktalker[m[K : public rclcpp::Node{
[0.953s]       |       [01;36m[K^~~~~~[m[K
[0.953s] [01m[K/home/testing/dev_ws/src/latency_test/src/talker.cpp:26:1:[m[K [01;31m[Kerror: [m[KISO C++ forbids declaration of â€˜[01m[Ktimer_callback[m[Kâ€™ with no type [[01;31m[K-fpermissive[m[K]
[0.953s]    26 | [01;31m[Ktalker[m[K::timer_callback() {
[0.953s]       | [01;31m[K^~~~~~[m[K
[0.953s] [01m[K/home/testing/dev_ws/src/latency_test/src/talker.cpp:26:1:[m[K [01;31m[Kerror: [m[Kno declaration matches â€˜[01m[Kint talker::timer_callback()[m[Kâ€™
[0.954s] In file included from [01m[K/home/testing/dev_ws/src/latency_test/src/talker.cpp:1[m[K:
[0.954s] [01m[K/home/testing/dev_ws/src/latency_test/include/talker.h:32:14:[m[K [01;36m[Knote: [m[Kcandidate is: â€˜[01m[Kvoid talker::timer_callback()[m[Kâ€™
[0.954s]    32 |         void [01;36m[Ktimer_callback[m[K();
[0.954s]       |              [01;36m[K^~~~~~~~~~~~~~[m[K
[0.954s] [01m[K/home/testing/dev_ws/src/latency_test/include/talker.h:11:7:[m[K [01;36m[Knote: [m[Kâ€˜[01m[Kclass talker[m[Kâ€™ defined here
[0.954s]    11 | class [01;36m[Ktalker[m[K : public rclcpp::Node{
[0.954s]       |       [01;36m[K^~~~~~[m[K
[1.043s] In file included from [01m[K/usr/include/aarch64-linux-gnu/c++/11/bits/c++allocator.h:33[m[K,
[1.043s]                  from [01m[K/usr/include/c++/11/bits/allocator.h:46[m[K,
[1.043s]                  from [01m[K/usr/include/c++/11/memory:64[m[K,
[1.043s]                  from [01m[K/opt/ros/humble/include/rclcpp/rclcpp/rclcpp.hpp:153[m[K,
[1.043s]                  from [01m[K/home/testing/dev_ws/src/latency_test/src/latency_test_main.cpp:1[m[K:
[1.043s] /usr/include/c++/11/ext/new_allocator.h: In instantiation of â€˜[01m[Kvoid __gnu_cxx::new_allocator<_Tp>::construct(_Up*, _Args&& ...) [with _Up = talker; _Args = {}; _Tp = talker][m[Kâ€™:
[1.044s] [01m[K/usr/include/c++/11/bits/alloc_traits.h:516:17:[m[K   required from â€˜[01m[Kstatic void std::allocator_traits<std::allocator<_Tp1> >::construct(std::allocator_traits<std::allocator<_Tp1> >::allocator_type&, _Up*, _Args&& ...) [with _Up = talker; _Args = {}; _Tp = talker; std::allocator_traits<std::allocator<_Tp1> >::allocator_type = std::allocator<talker>][m[Kâ€™
[1.044s] [01m[K/usr/include/c++/11/bits/shared_ptr_base.h:519:39:[m[K   required from â€˜[01m[Kstd::_Sp_counted_ptr_inplace<_Tp, _Alloc, _Lp>::_Sp_counted_ptr_inplace(_Alloc, _Args&& ...) [with _Args = {}; _Tp = talker; _Alloc = std::allocator<talker>; __gnu_cxx::_Lock_policy _Lp = __gnu_cxx::_S_atomic][m[Kâ€™
[1.044s] [01m[K/usr/include/c++/11/bits/shared_ptr_base.h:650:16:[m[K   required from â€˜[01m[Kstd::__shared_count<_Lp>::__shared_count(_Tp*&, std::_Sp_alloc_shared_tag<_Alloc>, _Args&& ...) [with _Tp = talker; _Alloc = std::allocator<talker>; _Args = {}; __gnu_cxx::_Lock_policy _Lp = __gnu_cxx::_S_atomic][m[Kâ€™
[1.044s] [01m[K/usr/include/c++/11/bits/shared_ptr_base.h:1342:14:[m[K   required from â€˜[01m[Kstd::__shared_ptr<_Tp, _Lp>::__shared_ptr(std::_Sp_alloc_shared_tag<_Tp>, _Args&& ...) [with _Alloc = std::allocator<talker>; _Args = {}; _Tp = talker; __gnu_cxx::_Lock_policy _Lp = __gnu_cxx::_S_atomic][m[Kâ€™
[1.044s] [01m[K/usr/include/c++/11/bits/shared_ptr.h:409:59:[m[K   required from â€˜[01m[Kstd::shared_ptr<_Tp>::shared_ptr(std::_Sp_alloc_shared_tag<_Tp>, _Args&& ...) [with _Alloc = std::allocator<talker>; _Args = {}; _Tp = talker][m[Kâ€™
[1.044s] [01m[K/usr/include/c++/11/bits/shared_ptr.h:862:14:[m[K   required from â€˜[01m[Kstd::shared_ptr<_Tp> std::allocate_shared(const _Alloc&, _Args&& ...) [with _Tp = talker; _Alloc = std::allocator<talker>; _Args = {}][m[Kâ€™
[1.044s] [01m[K/usr/include/c++/11/bits/shared_ptr.h:878:39:[m[K   required from â€˜[01m[Kstd::shared_ptr<_Tp> std::make_shared(_Args&& ...) [with _Tp = talker; _Args = {}][m[Kâ€™
[1.044s] [01m[K/home/testing/dev_ws/src/latency_test/src/latency_test_main.cpp:9:40:[m[K   required from here
[1.044s] [01m[K/usr/include/c++/11/ext/new_allocator.h:162:11:[m[K [01;31m[Kerror: [m[Kno matching function for call to â€˜[01m[Ktalker::talker()[m[Kâ€™
[1.044s]   162 |         { [01;31m[K::new((void *)__p) _Up(std::forward<_Args>(__args)...)[m[K; }
[1.044s]       |           [01;31m[K^~~~~~~~~~~~~~~~~~~~~~~~~~~~~~~~~~~~~~~~~~~~~~~~~~~~~~[m[K
[1.045s] In file included from [01m[K/home/testing/dev_ws/src/latency_test/src/latency_test_main.cpp:2[m[K:
[1.045s] [01m[K/home/testing/dev_ws/src/latency_test/include/talker.h:14:9:[m[K [01;36m[Knote: [m[Kcandidate: â€˜[01m[Ktalker::talker(rclcpp::Node*)[m[Kâ€™
[1.045s]    14 |         [01;36m[Ktalker[m[K(rclcpp::Node *parent);
[1.045s]       |         [01;36m[K^~~~~~[m[K
[1.045s] [01m[K/home/testing/dev_ws/src/latency_test/include/talker.h:14:9:[m[K [01;36m[Knote: [m[K  candidate expects 1 argument, 0 provided
[1.071s] gmake[2]: *** [CMakeFiles/latency_test.dir/build.make:90: CMakeFiles/latency_test.dir/src/latency_test_main.cpp.o] Error 1
[1.071s] gmake[2]: *** Waiting for unfinished jobs....
[1.086s] gmake[2]: *** [CMakeFiles/latency_test.dir/build.make:76: CMakeFiles/latency_test.dir/src/talker.cpp.o] Error 1
[1.086s] gmake[1]: *** [CMakeFiles/Makefile2:137: CMakeFiles/latency_test.dir/all] Error 2
[1.086s] gmake: *** [Makefile:146: all] Error 2
[1.087s] Invoked command in '/home/testing/dev_ws/src/build/latency_test' returned '2': CMAKE_PREFIX_PATH=/opt/ros/humble /usr/bin/cmake --build /home/testing/dev_ws/src/build/latency_test -- -j8 -l8
