[0.000000] (-) TimerEvent: {}
[0.000160] (latency_test) JobQueued: {'identifier': 'latency_test', 'dependencies': OrderedDict()}
[0.000255] (latency_test) JobStarted: {'identifier': 'latency_test'}
[0.003427] (latency_test) JobProgress: {'identifier': 'latency_test', 'progress': 'cmake'}
[0.004060] (latency_test) JobProgress: {'identifier': 'latency_test', 'progress': 'build'}
[0.004611] (latency_test) Command: {'cmd': ['/usr/bin/cmake', '--build', '/home/testing/dev_ws/src/build/latency_test', '--', '-j8', '-l8'], 'cwd': '/home/testing/dev_ws/src/build/latency_test', 'env': OrderedDict([('HOSTNAME', 'docker-desktop'), ('SHLVL', '1'), ('LD_LIBRARY_PATH', '/opt/ros/humble/lib/aarch64-linux-gnu:/opt/ros/humble/lib'), ('HOME', '/root'), ('OLDPWD', '/home/testing/dev_ws'), ('ROS_PYTHON_VERSION', '3'), ('ROS_DISTRO', 'humble'), ('_', '/usr/bin/colcon'), ('ROS_VERSION', '2'), ('USERNAME', 'holohover_new'), ('TERM', 'xterm'), ('ROS_LOCALHOST_ONLY', '0'), ('PATH', '/opt/ros/humble/bin:/usr/local/sbin:/usr/local/bin:/usr/sbin:/usr/bin:/sbin:/bin'), ('LANG', 'C.UTF-8'), ('LS_COLORS', 'rs=0:di=01;34:ln=01;36:mh=00:pi=40;33:so=01;35:do=01;35:bd=40;33;01:cd=40;33;01:or=40;31;01:mi=00:su=37;41:sg=30;43:ca=30;41:tw=30;42:ow=34;42:st=37;44:ex=01;32:*.tar=01;31:*.tgz=01;31:*.arc=01;31:*.arj=01;31:*.taz=01;31:*.lha=01;31:*.lz4=01;31:*.lzh=01;31:*.lzma=01;31:*.tlz=01;31:*.txz=01;31:*.tzo=01;31:*.t7z=01;31:*.zip=01;31:*.z=01;31:*.dz=01;31:*.gz=01;31:*.lrz=01;31:*.lz=01;31:*.lzo=01;31:*.xz=01;31:*.zst=01;31:*.tzst=01;31:*.bz2=01;31:*.bz=01;31:*.tbz=01;31:*.tbz2=01;31:*.tz=01;31:*.deb=01;31:*.rpm=01;31:*.jar=01;31:*.war=01;31:*.ear=01;31:*.sar=01;31:*.rar=01;31:*.alz=01;31:*.ace=01;31:*.zoo=01;31:*.cpio=01;31:*.7z=01;31:*.rz=01;31:*.cab=01;31:*.wim=01;31:*.swm=01;31:*.dwm=01;31:*.esd=01;31:*.jpg=01;35:*.jpeg=01;35:*.mjpg=01;35:*.mjpeg=01;35:*.gif=01;35:*.bmp=01;35:*.pbm=01;35:*.pgm=01;35:*.ppm=01;35:*.tga=01;35:*.xbm=01;35:*.xpm=01;35:*.tif=01;35:*.tiff=01;35:*.png=01;35:*.svg=01;35:*.svgz=01;35:*.mng=01;35:*.pcx=01;35:*.mov=01;35:*.mpg=01;35:*.mpeg=01;35:*.m2v=01;35:*.mkv=01;35:*.webm=01;35:*.webp=01;35:*.ogm=01;35:*.mp4=01;35:*.m4v=01;35:*.mp4v=01;35:*.vob=01;35:*.qt=01;35:*.nuv=01;35:*.wmv=01;35:*.asf=01;35:*.rm=01;35:*.rmvb=01;35:*.flc=01;35:*.avi=01;35:*.fli=01;35:*.flv=01;35:*.gl=01;35:*.dl=01;35:*.xcf=01;35:*.xwd=01;35:*.yuv=01;35:*.cgm=01;35:*.emf=01;35:*.ogv=01;35:*.ogx=01;35:*.aac=00;36:*.au=00;36:*.flac=00;36:*.m4a=00;36:*.mid=00;36:*.midi=00;36:*.mka=00;36:*.mp3=00;36:*.mpc=00;36:*.ogg=00;36:*.ra=00;36:*.wav=00;36:*.oga=00;36:*.opus=00;36:*.spx=00;36:*.xspf=00;36:'), ('ROS_DOMAIN_ID', '0'), ('AMENT_PREFIX_PATH', '/opt/ros/humble'), ('DEBIAN_FRONTEND', 'noninteractive'), ('PWD', '/home/testing/dev_ws/src/build/latency_test'), ('LC_ALL', 'C.UTF-8'), ('PYTHONPATH', '/opt/ros/humble/lib/python3.10/site-packages:/opt/ros/humble/local/lib/python3.10/dist-packages'), ('COLCON', '1'), ('CMAKE_PREFIX_PATH', '/opt/ros/humble')]), 'shell': False}
[0.026969] (latency_test) StdoutLine: {'line': b'\x1b[35m\x1b[1mConsolidate compiler generated dependencies of target latency_test\x1b[0m\n'}
[0.087661] (latency_test) StdoutLine: {'line': b'[ 33%] \x1b[32mBuilding CXX object CMakeFiles/latency_test.dir/src/talker.cpp.o\x1b[0m\n'}
[0.088243] (latency_test) StdoutLine: {'line': b'[ 66%] \x1b[32mBuilding CXX object CMakeFiles/latency_test.dir/src/latency_test_main.cpp.o\x1b[0m\n'}
[0.099356] (-) TimerEvent: {}
[0.200616] (-) TimerEvent: {}
[0.301358] (-) TimerEvent: {}
[0.404361] (-) TimerEvent: {}
[0.505354] (-) TimerEvent: {}
[0.606358] (-) TimerEvent: {}
[0.709365] (-) TimerEvent: {}
[0.810363] (-) TimerEvent: {}
[0.911363] (-) TimerEvent: {}
[1.012367] (-) TimerEvent: {}
[1.047542] (latency_test) StderrLine: {'line': b'\x1b[01m\x1b[K/home/testing/dev_ws/src/latency_test/src/talker.cpp:\x1b[m\x1b[K In member function \xe2\x80\x98\x1b[01m\x1b[Kvoid talker::get_response_time(std_msgs::msg::String_<std::allocator<void> >::SharedPtr)\x1b[m\x1b[K\xe2\x80\x99:\n'}
[1.047838] (latency_test) StderrLine: {'line': b'\x1b[01m\x1b[K/home/testing/dev_ws/src/latency_test/src/talker.cpp:18:71:\x1b[m\x1b[K \x1b[01;35m\x1b[Kwarning: \x1b[m\x1b[Kunused parameter \xe2\x80\x98\x1b[01m\x1b[Kmsg\x1b[m\x1b[K\xe2\x80\x99 [\x1b[01;35m\x1b[K-Wunused-parameter\x1b[m\x1b[K]\n'}
[1.048011] (latency_test) StderrLine: {'line': b'   18 | void talker::get_response_time(\x1b[01;35m\x1b[Kconst std_msgs::msg::String::SharedPtr msg\x1b[m\x1b[K) {\n'}
[1.048129] (latency_test) StderrLine: {'line': b'      |                                \x1b[01;35m\x1b[K~~~~~~~~~~~~~~~~~~~~~~~~~~~~~~~~~~~~~~~^~~\x1b[m\x1b[K\n'}
[1.052879] (latency_test) StderrLine: {'line': b'\x1b[01m\x1b[K/home/testing/dev_ws/src/latency_test/src/talker.cpp:\x1b[m\x1b[K In member function \xe2\x80\x98\x1b[01m\x1b[Kvoid talker::timer_callback()\x1b[m\x1b[K\xe2\x80\x99:\n'}
[1.053083] (latency_test) StderrLine: {'line': b'\x1b[01m\x1b[K/home/testing/dev_ws/src/latency_test/src/talker.cpp:32:5:\x1b[m\x1b[K \x1b[01;31m\x1b[Kerror: \x1b[m\x1b[K\xe2\x80\x98\x1b[01m\x1b[Ktalker_publisher_\x1b[m\x1b[K\xe2\x80\x99 was not declared in this scope; did you mean \xe2\x80\x98\x1b[01m\x1b[Ktalker_subscriber_\x1b[m\x1b[K\xe2\x80\x99?\n'}
[1.053211] (latency_test) StderrLine: {'line': b'   32 |     \x1b[01;31m\x1b[Ktalker_publisher_\x1b[m\x1b[K->publish(message);\n'}
[1.053327] (latency_test) StderrLine: {'line': b'      |     \x1b[01;31m\x1b[K^~~~~~~~~~~~~~~~~\x1b[m\x1b[K\n'}
[1.053435] (latency_test) StderrLine: {'line': b'      |     \x1b[32m\x1b[Ktalker_subscriber_\x1b[m\x1b[K\n'}
[1.113358] (-) TimerEvent: {}
[1.214374] (-) TimerEvent: {}
[1.318369] (-) TimerEvent: {}
[1.423367] (-) TimerEvent: {}
[1.524874] (-) TimerEvent: {}
[1.628619] (-) TimerEvent: {}
[1.734374] (-) TimerEvent: {}
[1.839057] (-) TimerEvent: {}
[1.902582] (latency_test) StderrLine: {'line': b'gmake[2]: *** [CMakeFiles/latency_test.dir/build.make:76: CMakeFiles/latency_test.dir/src/talker.cpp.o] Error 1\n'}
[1.902843] (latency_test) StderrLine: {'line': b'gmake[1]: *** [CMakeFiles/Makefile2:137: CMakeFiles/latency_test.dir/all] Error 2\n'}
[1.903011] (latency_test) StderrLine: {'line': b'gmake: *** [Makefile:146: all] Error 2\n'}
[1.903721] (latency_test) CommandEnded: {'returncode': 2}
[1.910890] (latency_test) JobEnded: {'identifier': 'latency_test', 'rc': 2}
[1.923188] (-) EventReactorShutdown: {}
