[0.000000] (-) TimerEvent: {}
[0.001296] (latency_test_listener) JobQueued: {'identifier': 'latency_test_listener', 'dependencies': OrderedDict()}
[0.001476] (latency_test_talker) JobQueued: {'identifier': 'latency_test_talker', 'dependencies': OrderedDict()}
[0.001603] (latency_test_listener) JobStarted: {'identifier': 'latency_test_listener'}
[0.006981] (latency_test_talker) JobStarted: {'identifier': 'latency_test_talker'}
[0.011502] (latency_test_listener) JobProgress: {'identifier': 'latency_test_listener', 'progress': 'cmake'}
[0.012437] (latency_test_listener) JobProgress: {'identifier': 'latency_test_listener', 'progress': 'build'}
[0.013287] (latency_test_listener) Command: {'cmd': ['/usr/bin/cmake', '--build', '/home/testing/dev_ws/src/build/latency_test_listener', '--', '-j8', '-l8'], 'cwd': '/home/testing/dev_ws/src/build/latency_test_listener', 'env': OrderedDict([('HOSTNAME', 'docker-desktop'), ('SHLVL', '1'), ('LD_LIBRARY_PATH', '/opt/ros/humble/lib/aarch64-linux-gnu:/opt/ros/humble/lib'), ('HOME', '/root'), ('OLDPWD', '/home/testing/dev_ws'), ('ROS_PYTHON_VERSION', '3'), ('COLCON_PREFIX_PATH', '/home/testing/dev_ws/src/install:/home/testing/dev_ws/install'), ('ROS_DISTRO', 'humble'), ('_', '/usr/bin/colcon'), ('ROS_VERSION', '2'), ('USERNAME', 'testing'), ('TERM', 'xterm'), ('ROS_LOCALHOST_ONLY', '0'), ('PATH', '/opt/ros/humble/bin:/usr/local/sbin:/usr/local/bin:/usr/sbin:/usr/bin:/sbin:/bin'), ('LANG', 'C.UTF-8'), ('LS_COLORS', 'rs=0:di=01;34:ln=01;36:mh=00:pi=40;33:so=01;35:do=01;35:bd=40;33;01:cd=40;33;01:or=40;31;01:mi=00:su=37;41:sg=30;43:ca=30;41:tw=30;42:ow=34;42:st=37;44:ex=01;32:*.tar=01;31:*.tgz=01;31:*.arc=01;31:*.arj=01;31:*.taz=01;31:*.lha=01;31:*.lz4=01;31:*.lzh=01;31:*.lzma=01;31:*.tlz=01;31:*.txz=01;31:*.tzo=01;31:*.t7z=01;31:*.zip=01;31:*.z=01;31:*.dz=01;31:*.gz=01;31:*.lrz=01;31:*.lz=01;31:*.lzo=01;31:*.xz=01;31:*.zst=01;31:*.tzst=01;31:*.bz2=01;31:*.bz=01;31:*.tbz=01;31:*.tbz2=01;31:*.tz=01;31:*.deb=01;31:*.rpm=01;31:*.jar=01;31:*.war=01;31:*.ear=01;31:*.sar=01;31:*.rar=01;31:*.alz=01;31:*.ace=01;31:*.zoo=01;31:*.cpio=01;31:*.7z=01;31:*.rz=01;31:*.cab=01;31:*.wim=01;31:*.swm=01;31:*.dwm=01;31:*.esd=01;31:*.jpg=01;35:*.jpeg=01;35:*.mjpg=01;35:*.mjpeg=01;35:*.gif=01;35:*.bmp=01;35:*.pbm=01;35:*.pgm=01;35:*.ppm=01;35:*.tga=01;35:*.xbm=01;35:*.xpm=01;35:*.tif=01;35:*.tiff=01;35:*.png=01;35:*.svg=01;35:*.svgz=01;35:*.mng=01;35:*.pcx=01;35:*.mov=01;35:*.mpg=01;35:*.mpeg=01;35:*.m2v=01;35:*.mkv=01;35:*.webm=01;35:*.webp=01;35:*.ogm=01;35:*.mp4=01;35:*.m4v=01;35:*.mp4v=01;35:*.vob=01;35:*.qt=01;35:*.nuv=01;35:*.wmv=01;35:*.asf=01;35:*.rm=01;35:*.rmvb=01;35:*.flc=01;35:*.avi=01;35:*.fli=01;35:*.flv=01;35:*.gl=01;35:*.dl=01;35:*.xcf=01;35:*.xwd=01;35:*.yuv=01;35:*.cgm=01;35:*.emf=01;35:*.ogv=01;35:*.ogx=01;35:*.aac=00;36:*.au=00;36:*.flac=00;36:*.m4a=00;36:*.mid=00;36:*.midi=00;36:*.mka=00;36:*.mp3=00;36:*.mpc=00;36:*.ogg=00;36:*.ra=00;36:*.wav=00;36:*.oga=00;36:*.opus=00;36:*.spx=00;36:*.xspf=00;36:'), ('ROS_DOMAIN_ID', '0'), ('AMENT_PREFIX_PATH', '/home/testing/dev_ws/src/install/latency_test_talker:/home/testing/dev_ws/install/latency_test:/opt/ros/humble'), ('DEBIAN_FRONTEND', 'noninteractive'), ('PWD', '/home/testing/dev_ws/src/build/latency_test_listener'), ('LC_ALL', 'C.UTF-8'), ('PYTHONPATH', '/opt/ros/humble/lib/python3.10/site-packages:/opt/ros/humble/local/lib/python3.10/dist-packages:/home/testing/dev_ws/install/latency_test_talker/lib/python3.8/site-packages'), ('COLCON', '1'), ('CMAKE_PREFIX_PATH', '/home/testing/dev_ws/src/install/latency_test_talker:/home/testing/dev_ws/install/latency_test:/opt/ros/humble')]), 'shell': False}
[0.016038] (latency_test_talker) JobProgress: {'identifier': 'latency_test_talker', 'progress': 'cmake'}
[0.016652] (latency_test_talker) JobProgress: {'identifier': 'latency_test_talker', 'progress': 'build'}
[0.017423] (latency_test_talker) Command: {'cmd': ['/usr/bin/cmake', '--build', '/home/testing/dev_ws/src/build/latency_test_talker', '--', '-j8', '-l8'], 'cwd': '/home/testing/dev_ws/src/build/latency_test_talker', 'env': OrderedDict([('HOSTNAME', 'docker-desktop'), ('SHLVL', '1'), ('LD_LIBRARY_PATH', '/opt/ros/humble/lib/aarch64-linux-gnu:/opt/ros/humble/lib'), ('HOME', '/root'), ('OLDPWD', '/home/testing/dev_ws'), ('ROS_PYTHON_VERSION', '3'), ('COLCON_PREFIX_PATH', '/home/testing/dev_ws/src/install:/home/testing/dev_ws/install'), ('ROS_DISTRO', 'humble'), ('_', '/usr/bin/colcon'), ('ROS_VERSION', '2'), ('USERNAME', 'testing'), ('TERM', 'xterm'), ('ROS_LOCALHOST_ONLY', '0'), ('PATH', '/opt/ros/humble/bin:/usr/local/sbin:/usr/local/bin:/usr/sbin:/usr/bin:/sbin:/bin'), ('LANG', 'C.UTF-8'), ('LS_COLORS', 'rs=0:di=01;34:ln=01;36:mh=00:pi=40;33:so=01;35:do=01;35:bd=40;33;01:cd=40;33;01:or=40;31;01:mi=00:su=37;41:sg=30;43:ca=30;41:tw=30;42:ow=34;42:st=37;44:ex=01;32:*.tar=01;31:*.tgz=01;31:*.arc=01;31:*.arj=01;31:*.taz=01;31:*.lha=01;31:*.lz4=01;31:*.lzh=01;31:*.lzma=01;31:*.tlz=01;31:*.txz=01;31:*.tzo=01;31:*.t7z=01;31:*.zip=01;31:*.z=01;31:*.dz=01;31:*.gz=01;31:*.lrz=01;31:*.lz=01;31:*.lzo=01;31:*.xz=01;31:*.zst=01;31:*.tzst=01;31:*.bz2=01;31:*.bz=01;31:*.tbz=01;31:*.tbz2=01;31:*.tz=01;31:*.deb=01;31:*.rpm=01;31:*.jar=01;31:*.war=01;31:*.ear=01;31:*.sar=01;31:*.rar=01;31:*.alz=01;31:*.ace=01;31:*.zoo=01;31:*.cpio=01;31:*.7z=01;31:*.rz=01;31:*.cab=01;31:*.wim=01;31:*.swm=01;31:*.dwm=01;31:*.esd=01;31:*.jpg=01;35:*.jpeg=01;35:*.mjpg=01;35:*.mjpeg=01;35:*.gif=01;35:*.bmp=01;35:*.pbm=01;35:*.pgm=01;35:*.ppm=01;35:*.tga=01;35:*.xbm=01;35:*.xpm=01;35:*.tif=01;35:*.tiff=01;35:*.png=01;35:*.svg=01;35:*.svgz=01;35:*.mng=01;35:*.pcx=01;35:*.mov=01;35:*.mpg=01;35:*.mpeg=01;35:*.m2v=01;35:*.mkv=01;35:*.webm=01;35:*.webp=01;35:*.ogm=01;35:*.mp4=01;35:*.m4v=01;35:*.mp4v=01;35:*.vob=01;35:*.qt=01;35:*.nuv=01;35:*.wmv=01;35:*.asf=01;35:*.rm=01;35:*.rmvb=01;35:*.flc=01;35:*.avi=01;35:*.fli=01;35:*.flv=01;35:*.gl=01;35:*.dl=01;35:*.xcf=01;35:*.xwd=01;35:*.yuv=01;35:*.cgm=01;35:*.emf=01;35:*.ogv=01;35:*.ogx=01;35:*.aac=00;36:*.au=00;36:*.flac=00;36:*.m4a=00;36:*.mid=00;36:*.midi=00;36:*.mka=00;36:*.mp3=00;36:*.mpc=00;36:*.ogg=00;36:*.ra=00;36:*.wav=00;36:*.oga=00;36:*.opus=00;36:*.spx=00;36:*.xspf=00;36:'), ('ROS_DOMAIN_ID', '0'), ('AMENT_PREFIX_PATH', '/home/testing/dev_ws/src/install/latency_test_talker:/home/testing/dev_ws/install/latency_test:/opt/ros/humble'), ('DEBIAN_FRONTEND', 'noninteractive'), ('PWD', '/home/testing/dev_ws/src/build/latency_test_talker'), ('LC_ALL', 'C.UTF-8'), ('PYTHONPATH', '/opt/ros/humble/lib/python3.10/site-packages:/opt/ros/humble/local/lib/python3.10/dist-packages:/home/testing/dev_ws/install/latency_test_talker/lib/python3.8/site-packages'), ('COLCON', '1'), ('CMAKE_PREFIX_PATH', '/home/testing/dev_ws/src/install/latency_test_talker:/home/testing/dev_ws/install/latency_test:/opt/ros/humble')]), 'shell': False}
[0.043962] (latency_test_listener) StdoutLine: {'line': b'\x1b[35m\x1b[1mConsolidate compiler generated dependencies of target latency_test_listener\x1b[0m\n'}
[0.047651] (latency_test_talker) StdoutLine: {'line': b'\x1b[35m\x1b[1mConsolidate compiler generated dependencies of target latency_test_talker\x1b[0m\n'}
[0.054561] (latency_test_listener) StdoutLine: {'line': b'[ 50%] \x1b[32m\x1b[1mLinking CXX executable latency_test_listener\x1b[0m\n'}
[0.099350] (-) TimerEvent: {}
[0.108116] (latency_test_listener) StderrLine: {'line': b"/usr/bin/ld: /usr/lib/gcc/aarch64-linux-gnu/11/../../../aarch64-linux-gnu/Scrt1.o: in function `_start':\n"}
[0.108827] (latency_test_listener) StderrLine: {'line': b"(.text+0x1c): undefined reference to `main'\n"}
[0.109208] (latency_test_listener) StderrLine: {'line': b"/usr/bin/ld: (.text+0x20): undefined reference to `main'\n"}
[0.111816] (latency_test_listener) StderrLine: {'line': b'collect2: error: ld returned 1 exit status\n'}
[0.112845] (latency_test_listener) StderrLine: {'line': b'gmake[2]: *** [CMakeFiles/latency_test_listener.dir/build.make:159: latency_test_listener] Error 1\n'}
[0.113288] (latency_test_listener) StderrLine: {'line': b'gmake[1]: *** [CMakeFiles/Makefile2:137: CMakeFiles/latency_test_listener.dir/all] Error 2\n'}
[0.114196] (latency_test_listener) StderrLine: {'line': b'gmake: *** [Makefile:146: all] Error 2\n'}
[0.115084] (latency_test_listener) CommandEnded: {'returncode': 2}
[0.130089] (latency_test_listener) JobEnded: {'identifier': 'latency_test_listener', 'rc': 2}
[0.168354] (latency_test_talker) StdoutLine: {'line': b'[100%] Built target latency_test_talker\n'}
[0.175761] (latency_test_talker) JobEnded: {'identifier': 'latency_test_talker', 'rc': 'SIGINT'}
[0.177468] (-) EventReactorShutdown: {}
