[0.000000] (-) TimerEvent: {}
[0.000931] (latency_test_listener) JobQueued: {'identifier': 'latency_test_listener', 'dependencies': OrderedDict()}
[0.001260] (latency_test_talker) JobQueued: {'identifier': 'latency_test_talker', 'dependencies': OrderedDict()}
[0.001457] (latency_test_listener) JobStarted: {'identifier': 'latency_test_listener'}
[0.006445] (latency_test_talker) JobStarted: {'identifier': 'latency_test_talker'}
[0.010858] (latency_test_listener) JobProgress: {'identifier': 'latency_test_listener', 'progress': 'cmake'}
[0.013012] (latency_test_listener) Command: {'cmd': ['/usr/bin/cmake', '/home/testing/dev_ws/src/latency_test_listener', '-DCMAKE_INSTALL_PREFIX=/home/testing/dev_ws/src/install/latency_test_listener'], 'cwd': '/home/testing/dev_ws/src/build/latency_test_listener', 'env': OrderedDict([('HOSTNAME', 'docker-desktop'), ('SHLVL', '1'), ('LD_LIBRARY_PATH', '/opt/ros/humble/lib/aarch64-linux-gnu:/opt/ros/humble/lib'), ('HOME', '/root'), ('OLDPWD', '/home/testing/dev_ws'), ('ROS_PYTHON_VERSION', '3'), ('COLCON_PREFIX_PATH', '/home/testing/dev_ws/src/install:/home/testing/dev_ws/install'), ('ROS_DISTRO', 'humble'), ('_', '/usr/bin/colcon'), ('ROS_VERSION', '2'), ('USERNAME', 'testing'), ('TERM', 'xterm'), ('ROS_LOCALHOST_ONLY', '0'), ('PATH', '/opt/ros/humble/bin:/usr/local/sbin:/usr/local/bin:/usr/sbin:/usr/bin:/sbin:/bin'), ('LANG', 'C.UTF-8'), ('LS_COLORS', 'rs=0:di=01;34:ln=01;36:mh=00:pi=40;33:so=01;35:do=01;35:bd=40;33;01:cd=40;33;01:or=40;31;01:mi=00:su=37;41:sg=30;43:ca=30;41:tw=30;42:ow=34;42:st=37;44:ex=01;32:*.tar=01;31:*.tgz=01;31:*.arc=01;31:*.arj=01;31:*.taz=01;31:*.lha=01;31:*.lz4=01;31:*.lzh=01;31:*.lzma=01;31:*.tlz=01;31:*.txz=01;31:*.tzo=01;31:*.t7z=01;31:*.zip=01;31:*.z=01;31:*.dz=01;31:*.gz=01;31:*.lrz=01;31:*.lz=01;31:*.lzo=01;31:*.xz=01;31:*.zst=01;31:*.tzst=01;31:*.bz2=01;31:*.bz=01;31:*.tbz=01;31:*.tbz2=01;31:*.tz=01;31:*.deb=01;31:*.rpm=01;31:*.jar=01;31:*.war=01;31:*.ear=01;31:*.sar=01;31:*.rar=01;31:*.alz=01;31:*.ace=01;31:*.zoo=01;31:*.cpio=01;31:*.7z=01;31:*.rz=01;31:*.cab=01;31:*.wim=01;31:*.swm=01;31:*.dwm=01;31:*.esd=01;31:*.jpg=01;35:*.jpeg=01;35:*.mjpg=01;35:*.mjpeg=01;35:*.gif=01;35:*.bmp=01;35:*.pbm=01;35:*.pgm=01;35:*.ppm=01;35:*.tga=01;35:*.xbm=01;35:*.xpm=01;35:*.tif=01;35:*.tiff=01;35:*.png=01;35:*.svg=01;35:*.svgz=01;35:*.mng=01;35:*.pcx=01;35:*.mov=01;35:*.mpg=01;35:*.mpeg=01;35:*.m2v=01;35:*.mkv=01;35:*.webm=01;35:*.webp=01;35:*.ogm=01;35:*.mp4=01;35:*.m4v=01;35:*.mp4v=01;35:*.vob=01;35:*.qt=01;35:*.nuv=01;35:*.wmv=01;35:*.asf=01;35:*.rm=01;35:*.rmvb=01;35:*.flc=01;35:*.avi=01;35:*.fli=01;35:*.flv=01;35:*.gl=01;35:*.dl=01;35:*.xcf=01;35:*.xwd=01;35:*.yuv=01;35:*.cgm=01;35:*.emf=01;35:*.ogv=01;35:*.ogx=01;35:*.aac=00;36:*.au=00;36:*.flac=00;36:*.m4a=00;36:*.mid=00;36:*.midi=00;36:*.mka=00;36:*.mp3=00;36:*.mpc=00;36:*.ogg=00;36:*.ra=00;36:*.wav=00;36:*.oga=00;36:*.opus=00;36:*.spx=00;36:*.xspf=00;36:'), ('ROS_DOMAIN_ID', '0'), ('AMENT_PREFIX_PATH', '/home/testing/dev_ws/src/install/latency_test_talker:/home/testing/dev_ws/install/latency_test:/opt/ros/humble'), ('DEBIAN_FRONTEND', 'noninteractive'), ('PWD', '/home/testing/dev_ws/src/build/latency_test_listener'), ('LC_ALL', 'C.UTF-8'), ('PYTHONPATH', '/opt/ros/humble/lib/python3.10/site-packages:/opt/ros/humble/local/lib/python3.10/dist-packages:/home/testing/dev_ws/install/latency_test_talker/lib/python3.8/site-packages'), ('COLCON', '1'), ('CMAKE_PREFIX_PATH', '/home/testing/dev_ws/src/install/latency_test_talker:/home/testing/dev_ws/install/latency_test:/opt/ros/humble')]), 'shell': False}
[0.016076] (latency_test_talker) JobProgress: {'identifier': 'latency_test_talker', 'progress': 'cmake'}
[0.017569] (latency_test_talker) Command: {'cmd': ['/usr/bin/cmake', '/home/testing/dev_ws/src/latency_test_talker', '-DCMAKE_INSTALL_PREFIX=/home/testing/dev_ws/src/install/latency_test_talker'], 'cwd': '/home/testing/dev_ws/src/build/latency_test_talker', 'env': OrderedDict([('HOSTNAME', 'docker-desktop'), ('SHLVL', '1'), ('LD_LIBRARY_PATH', '/opt/ros/humble/lib/aarch64-linux-gnu:/opt/ros/humble/lib'), ('HOME', '/root'), ('OLDPWD', '/home/testing/dev_ws'), ('ROS_PYTHON_VERSION', '3'), ('COLCON_PREFIX_PATH', '/home/testing/dev_ws/src/install:/home/testing/dev_ws/install'), ('ROS_DISTRO', 'humble'), ('_', '/usr/bin/colcon'), ('ROS_VERSION', '2'), ('USERNAME', 'testing'), ('TERM', 'xterm'), ('ROS_LOCALHOST_ONLY', '0'), ('PATH', '/opt/ros/humble/bin:/usr/local/sbin:/usr/local/bin:/usr/sbin:/usr/bin:/sbin:/bin'), ('LANG', 'C.UTF-8'), ('LS_COLORS', 'rs=0:di=01;34:ln=01;36:mh=00:pi=40;33:so=01;35:do=01;35:bd=40;33;01:cd=40;33;01:or=40;31;01:mi=00:su=37;41:sg=30;43:ca=30;41:tw=30;42:ow=34;42:st=37;44:ex=01;32:*.tar=01;31:*.tgz=01;31:*.arc=01;31:*.arj=01;31:*.taz=01;31:*.lha=01;31:*.lz4=01;31:*.lzh=01;31:*.lzma=01;31:*.tlz=01;31:*.txz=01;31:*.tzo=01;31:*.t7z=01;31:*.zip=01;31:*.z=01;31:*.dz=01;31:*.gz=01;31:*.lrz=01;31:*.lz=01;31:*.lzo=01;31:*.xz=01;31:*.zst=01;31:*.tzst=01;31:*.bz2=01;31:*.bz=01;31:*.tbz=01;31:*.tbz2=01;31:*.tz=01;31:*.deb=01;31:*.rpm=01;31:*.jar=01;31:*.war=01;31:*.ear=01;31:*.sar=01;31:*.rar=01;31:*.alz=01;31:*.ace=01;31:*.zoo=01;31:*.cpio=01;31:*.7z=01;31:*.rz=01;31:*.cab=01;31:*.wim=01;31:*.swm=01;31:*.dwm=01;31:*.esd=01;31:*.jpg=01;35:*.jpeg=01;35:*.mjpg=01;35:*.mjpeg=01;35:*.gif=01;35:*.bmp=01;35:*.pbm=01;35:*.pgm=01;35:*.ppm=01;35:*.tga=01;35:*.xbm=01;35:*.xpm=01;35:*.tif=01;35:*.tiff=01;35:*.png=01;35:*.svg=01;35:*.svgz=01;35:*.mng=01;35:*.pcx=01;35:*.mov=01;35:*.mpg=01;35:*.mpeg=01;35:*.m2v=01;35:*.mkv=01;35:*.webm=01;35:*.webp=01;35:*.ogm=01;35:*.mp4=01;35:*.m4v=01;35:*.mp4v=01;35:*.vob=01;35:*.qt=01;35:*.nuv=01;35:*.wmv=01;35:*.asf=01;35:*.rm=01;35:*.rmvb=01;35:*.flc=01;35:*.avi=01;35:*.fli=01;35:*.flv=01;35:*.gl=01;35:*.dl=01;35:*.xcf=01;35:*.xwd=01;35:*.yuv=01;35:*.cgm=01;35:*.emf=01;35:*.ogv=01;35:*.ogx=01;35:*.aac=00;36:*.au=00;36:*.flac=00;36:*.m4a=00;36:*.mid=00;36:*.midi=00;36:*.mka=00;36:*.mp3=00;36:*.mpc=00;36:*.ogg=00;36:*.ra=00;36:*.wav=00;36:*.oga=00;36:*.opus=00;36:*.spx=00;36:*.xspf=00;36:'), ('ROS_DOMAIN_ID', '0'), ('AMENT_PREFIX_PATH', '/home/testing/dev_ws/src/install/latency_test_talker:/home/testing/dev_ws/install/latency_test:/opt/ros/humble'), ('DEBIAN_FRONTEND', 'noninteractive'), ('PWD', '/home/testing/dev_ws/src/build/latency_test_talker'), ('LC_ALL', 'C.UTF-8'), ('PYTHONPATH', '/opt/ros/humble/lib/python3.10/site-packages:/opt/ros/humble/local/lib/python3.10/dist-packages:/home/testing/dev_ws/install/latency_test_talker/lib/python3.8/site-packages'), ('COLCON', '1'), ('CMAKE_PREFIX_PATH', '/home/testing/dev_ws/src/install/latency_test_talker:/home/testing/dev_ws/install/latency_test:/opt/ros/humble')]), 'shell': False}
[0.068175] (latency_test_listener) StdoutLine: {'line': b'-- The C compiler identification is GNU 11.4.0\n'}
[0.076362] (latency_test_talker) StdoutLine: {'line': b'-- The C compiler identification is GNU 11.4.0\n'}
[0.099872] (-) TimerEvent: {}
[0.122355] (latency_test_listener) StdoutLine: {'line': b'-- The CXX compiler identification is GNU 11.4.0\n'}
[0.125671] (latency_test_talker) StdoutLine: {'line': b'-- The CXX compiler identification is GNU 11.4.0\n'}
[0.132585] (latency_test_listener) StdoutLine: {'line': b'-- Detecting C compiler ABI info\n'}
[0.135809] (latency_test_talker) StdoutLine: {'line': b'-- Detecting C compiler ABI info\n'}
[0.201099] (-) TimerEvent: {}
[0.236308] (latency_test_talker) StdoutLine: {'line': b'-- Detecting C compiler ABI info - done\n'}
[0.238866] (latency_test_listener) StdoutLine: {'line': b'-- Detecting C compiler ABI info - done\n'}
[0.248913] (latency_test_talker) StdoutLine: {'line': b'-- Check for working C compiler: /usr/bin/cc - skipped\n'}
[0.250090] (latency_test_talker) StdoutLine: {'line': b'-- Detecting C compile features\n'}
[0.251831] (latency_test_talker) StdoutLine: {'line': b'-- Detecting C compile features - done\n'}
[0.252410] (latency_test_listener) StdoutLine: {'line': b'-- Check for working C compiler: /usr/bin/cc - skipped\n'}
[0.253036] (latency_test_listener) StdoutLine: {'line': b'-- Detecting C compile features\n'}
[0.253579] (latency_test_listener) StdoutLine: {'line': b'-- Detecting C compile features - done\n'}
[0.259057] (latency_test_talker) StdoutLine: {'line': b'-- Detecting CXX compiler ABI info\n'}
[0.259683] (latency_test_listener) StdoutLine: {'line': b'-- Detecting CXX compiler ABI info\n'}
[0.301918] (-) TimerEvent: {}
[0.377746] (latency_test_listener) StdoutLine: {'line': b'-- Detecting CXX compiler ABI info - done\n'}
[0.378597] (latency_test_talker) StdoutLine: {'line': b'-- Detecting CXX compiler ABI info - done\n'}
[0.389913] (latency_test_listener) StdoutLine: {'line': b'-- Check for working CXX compiler: /usr/bin/c++ - skipped\n'}
[0.391122] (latency_test_listener) StdoutLine: {'line': b'-- Detecting CXX compile features\n'}
[0.391594] (latency_test_talker) StdoutLine: {'line': b'-- Check for working CXX compiler: /usr/bin/c++ - skipped\n'}
[0.392108] (latency_test_listener) StdoutLine: {'line': b'-- Detecting CXX compile features - done\n'}
[0.392688] (latency_test_talker) StdoutLine: {'line': b'-- Detecting CXX compile features\n'}
[0.393450] (latency_test_talker) StdoutLine: {'line': b'-- Detecting CXX compile features - done\n'}
[0.398015] (latency_test_talker) StdoutLine: {'line': b'-- Found ament_cmake: 1.3.11 (/opt/ros/humble/share/ament_cmake/cmake)\n'}
[0.398607] (latency_test_listener) StdoutLine: {'line': b'-- Found ament_cmake: 1.3.11 (/opt/ros/humble/share/ament_cmake/cmake)\n'}
[0.402810] (-) TimerEvent: {}
[0.507291] (-) TimerEvent: {}
[0.516810] (latency_test_talker) StdoutLine: {'line': b'-- Found Python3: /usr/bin/python3 (found version "3.10.12") found components: Interpreter \n'}
[0.518565] (latency_test_listener) StdoutLine: {'line': b'-- Found Python3: /usr/bin/python3 (found version "3.10.12") found components: Interpreter \n'}
[0.607952] (-) TimerEvent: {}
[0.617292] (latency_test_talker) StdoutLine: {'line': b'-- Found rclcpp: 16.0.11 (/opt/ros/humble/share/rclcpp/cmake)\n'}
[0.620032] (latency_test_listener) StdoutLine: {'line': b'-- Found rclcpp: 16.0.11 (/opt/ros/humble/share/rclcpp/cmake)\n'}
[0.649291] (latency_test_listener) StdoutLine: {'line': b'-- Found rosidl_generator_c: 3.1.6 (/opt/ros/humble/share/rosidl_generator_c/cmake)\n'}
[0.649749] (latency_test_talker) StdoutLine: {'line': b'-- Found rosidl_generator_c: 3.1.6 (/opt/ros/humble/share/rosidl_generator_c/cmake)\n'}
[0.653261] (latency_test_talker) StdoutLine: {'line': b'-- Found rosidl_adapter: 3.1.6 (/opt/ros/humble/share/rosidl_adapter/cmake)\n'}
[0.656836] (latency_test_listener) StdoutLine: {'line': b'-- Found rosidl_adapter: 3.1.6 (/opt/ros/humble/share/rosidl_adapter/cmake)\n'}
[0.660284] (latency_test_talker) StdoutLine: {'line': b'-- Found rosidl_generator_cpp: 3.1.6 (/opt/ros/humble/share/rosidl_generator_cpp/cmake)\n'}
[0.662867] (latency_test_listener) StdoutLine: {'line': b'-- Found rosidl_generator_cpp: 3.1.6 (/opt/ros/humble/share/rosidl_generator_cpp/cmake)\n'}
[0.670980] (latency_test_talker) StdoutLine: {'line': b'-- Using all available rosidl_typesupport_c: rosidl_typesupport_fastrtps_c;rosidl_typesupport_introspection_c\n'}
[0.672314] (latency_test_listener) StdoutLine: {'line': b'-- Using all available rosidl_typesupport_c: rosidl_typesupport_fastrtps_c;rosidl_typesupport_introspection_c\n'}
[0.684974] (latency_test_talker) StdoutLine: {'line': b'-- Using all available rosidl_typesupport_cpp: rosidl_typesupport_fastrtps_cpp;rosidl_typesupport_introspection_cpp\n'}
[0.687167] (latency_test_listener) StdoutLine: {'line': b'-- Using all available rosidl_typesupport_cpp: rosidl_typesupport_fastrtps_cpp;rosidl_typesupport_introspection_cpp\n'}
[0.708808] (-) TimerEvent: {}
[0.724051] (latency_test_talker) StdoutLine: {'line': b'-- Found rmw_implementation_cmake: 6.1.2 (/opt/ros/humble/share/rmw_implementation_cmake/cmake)\n'}
[0.726376] (latency_test_talker) StdoutLine: {'line': b'-- Found rmw_fastrtps_cpp: 6.2.7 (/opt/ros/humble/share/rmw_fastrtps_cpp/cmake)\n'}
[0.727747] (latency_test_listener) StdoutLine: {'line': b'-- Found rmw_implementation_cmake: 6.1.2 (/opt/ros/humble/share/rmw_implementation_cmake/cmake)\n'}
[0.728970] (latency_test_listener) StdoutLine: {'line': b'-- Found rmw_fastrtps_cpp: 6.2.7 (/opt/ros/humble/share/rmw_fastrtps_cpp/cmake)\n'}
[0.778146] (latency_test_talker) StdoutLine: {'line': b'-- Found OpenSSL: /usr/lib/aarch64-linux-gnu/libcrypto.so (found version "3.0.2")  \n'}
[0.779438] (latency_test_listener) StdoutLine: {'line': b'-- Found OpenSSL: /usr/lib/aarch64-linux-gnu/libcrypto.so (found version "3.0.2")  \n'}
[0.791953] (latency_test_talker) StdoutLine: {'line': b'-- Found FastRTPS: /opt/ros/humble/include  \n'}
[0.792728] (latency_test_listener) StdoutLine: {'line': b'-- Found FastRTPS: /opt/ros/humble/include  \n'}
[0.809819] (-) TimerEvent: {}
[0.811753] (latency_test_talker) StdoutLine: {'line': b"-- Using RMW implementation 'rmw_fastrtps_cpp' as default\n"}
[0.813648] (latency_test_listener) StdoutLine: {'line': b"-- Using RMW implementation 'rmw_fastrtps_cpp' as default\n"}
[0.820452] (latency_test_listener) StdoutLine: {'line': b'-- Looking for pthread.h\n'}
[0.821319] (latency_test_talker) StdoutLine: {'line': b'-- Looking for pthread.h\n'}
[0.905415] (latency_test_listener) StdoutLine: {'line': b'-- Looking for pthread.h - found\n'}
[0.906297] (latency_test_talker) StdoutLine: {'line': b'-- Looking for pthread.h - found\n'}
[0.907205] (latency_test_talker) StdoutLine: {'line': b'-- Performing Test CMAKE_HAVE_LIBC_PTHREAD\n'}
[0.907881] (latency_test_listener) StdoutLine: {'line': b'-- Performing Test CMAKE_HAVE_LIBC_PTHREAD\n'}
[0.910861] (-) TimerEvent: {}
[0.992340] (latency_test_listener) StdoutLine: {'line': b'-- Performing Test CMAKE_HAVE_LIBC_PTHREAD - Success\n'}
[0.994098] (latency_test_talker) StdoutLine: {'line': b'-- Performing Test CMAKE_HAVE_LIBC_PTHREAD - Success\n'}
[0.994415] (latency_test_listener) StdoutLine: {'line': b'-- Found Threads: TRUE  \n'}
[0.995407] (latency_test_talker) StdoutLine: {'line': b'-- Found Threads: TRUE  \n'}
[1.013811] (-) TimerEvent: {}
[1.035283] (latency_test_talker) StdoutLine: {'line': b'-- Found ament_lint_auto: 0.12.11 (/opt/ros/humble/share/ament_lint_auto/cmake)\n'}
[1.035973] (latency_test_listener) StdoutLine: {'line': b'-- Found ament_lint_auto: 0.12.11 (/opt/ros/humble/share/ament_lint_auto/cmake)\n'}
[1.111817] (latency_test_talker) StdoutLine: {'line': b"-- Added test 'copyright' to check source files copyright and LICENSE\n"}
[1.112615] (latency_test_listener) StdoutLine: {'line': b"-- Added test 'copyright' to check source files copyright and LICENSE\n"}
[1.114811] (-) TimerEvent: {}
[1.120850] (latency_test_talker) StdoutLine: {'line': b"-- Added test 'cppcheck' to perform static code analysis on C / C++ code\n"}
[1.121822] (latency_test_listener) StdoutLine: {'line': b"-- Added test 'cppcheck' to perform static code analysis on C / C++ code\n"}
[1.122092] (latency_test_talker) StdoutLine: {'line': b'-- Configured cppcheck include dirs: /home/testing/dev_ws/src/latency_test_talker/include\n'}
[1.122582] (latency_test_talker) StdoutLine: {'line': b'-- Configured cppcheck exclude dirs and/or files: \n'}
[1.123200] (latency_test_listener) StdoutLine: {'line': b'-- Configured cppcheck include dirs: /home/testing/dev_ws/src/latency_test_listener/include\n'}
[1.123490] (latency_test_listener) StdoutLine: {'line': b'-- Configured cppcheck exclude dirs and/or files: \n'}
[1.129183] (latency_test_talker) StdoutLine: {'line': b"-- Added test 'cpplint' to check C / C++ code against the Google style\n"}
[1.129619] (latency_test_talker) StdoutLine: {'line': b'-- Configured cpplint exclude dirs and/or files: \n'}
[1.129979] (latency_test_listener) StdoutLine: {'line': b"-- Added test 'cpplint' to check C / C++ code against the Google style\n"}
[1.130509] (latency_test_listener) StdoutLine: {'line': b'-- Configured cpplint exclude dirs and/or files: \n'}
[1.131634] (latency_test_talker) StdoutLine: {'line': b"-- Added test 'flake8' to check Python code syntax and style conventions\n"}
[1.132051] (latency_test_listener) StdoutLine: {'line': b"-- Added test 'flake8' to check Python code syntax and style conventions\n"}
[1.135022] (latency_test_talker) StdoutLine: {'line': b"-- Added test 'lint_cmake' to check CMake code style\n"}
[1.135386] (latency_test_listener) StdoutLine: {'line': b"-- Added test 'lint_cmake' to check CMake code style\n"}
[1.137119] (latency_test_talker) StdoutLine: {'line': b"-- Added test 'pep257' to check Python code against some of the docstring style conventions in PEP 257\n"}
[1.137633] (latency_test_listener) StdoutLine: {'line': b"-- Added test 'pep257' to check Python code against some of the docstring style conventions in PEP 257\n"}
[1.146617] (latency_test_talker) StdoutLine: {'line': b"-- Added test 'uncrustify' to check C / C++ code style\n"}
[1.147224] (latency_test_talker) StdoutLine: {'line': b'-- Configured uncrustify additional arguments: \n'}
[1.147798] (latency_test_listener) StdoutLine: {'line': b"-- Added test 'uncrustify' to check C / C++ code style\n"}
[1.148341] (latency_test_listener) StdoutLine: {'line': b'-- Configured uncrustify additional arguments: \n'}
[1.149466] (latency_test_talker) StdoutLine: {'line': b"-- Added test 'xmllint' to check XML markup files\n"}
[1.149913] (latency_test_listener) StdoutLine: {'line': b"-- Added test 'xmllint' to check XML markup files\n"}
[1.162471] (latency_test_talker) StdoutLine: {'line': b'-- Configuring done\n'}
[1.163273] (latency_test_listener) StdoutLine: {'line': b'-- Configuring done\n'}
[1.208122] (latency_test_listener) StdoutLine: {'line': b'-- Generating done\n'}
[1.209906] (latency_test_talker) StdoutLine: {'line': b'-- Generating done\n'}
[1.215813] (-) TimerEvent: {}
[1.233350] (latency_test_listener) StdoutLine: {'line': b'-- Build files have been written to: /home/testing/dev_ws/src/build/latency_test_listener\n'}
[1.235096] (latency_test_talker) StdoutLine: {'line': b'-- Build files have been written to: /home/testing/dev_ws/src/build/latency_test_talker\n'}
[1.239977] (latency_test_listener) CommandEnded: {'returncode': 0}
[1.243062] (latency_test_listener) JobProgress: {'identifier': 'latency_test_listener', 'progress': 'build'}
[1.245164] (latency_test_listener) Command: {'cmd': ['/usr/bin/cmake', '--build', '/home/testing/dev_ws/src/build/latency_test_listener', '--', '-j8', '-l8'], 'cwd': '/home/testing/dev_ws/src/build/latency_test_listener', 'env': OrderedDict([('HOSTNAME', 'docker-desktop'), ('SHLVL', '1'), ('LD_LIBRARY_PATH', '/opt/ros/humble/lib/aarch64-linux-gnu:/opt/ros/humble/lib'), ('HOME', '/root'), ('OLDPWD', '/home/testing/dev_ws'), ('ROS_PYTHON_VERSION', '3'), ('COLCON_PREFIX_PATH', '/home/testing/dev_ws/src/install:/home/testing/dev_ws/install'), ('ROS_DISTRO', 'humble'), ('_', '/usr/bin/colcon'), ('ROS_VERSION', '2'), ('USERNAME', 'testing'), ('TERM', 'xterm'), ('ROS_LOCALHOST_ONLY', '0'), ('PATH', '/opt/ros/humble/bin:/usr/local/sbin:/usr/local/bin:/usr/sbin:/usr/bin:/sbin:/bin'), ('LANG', 'C.UTF-8'), ('LS_COLORS', 'rs=0:di=01;34:ln=01;36:mh=00:pi=40;33:so=01;35:do=01;35:bd=40;33;01:cd=40;33;01:or=40;31;01:mi=00:su=37;41:sg=30;43:ca=30;41:tw=30;42:ow=34;42:st=37;44:ex=01;32:*.tar=01;31:*.tgz=01;31:*.arc=01;31:*.arj=01;31:*.taz=01;31:*.lha=01;31:*.lz4=01;31:*.lzh=01;31:*.lzma=01;31:*.tlz=01;31:*.txz=01;31:*.tzo=01;31:*.t7z=01;31:*.zip=01;31:*.z=01;31:*.dz=01;31:*.gz=01;31:*.lrz=01;31:*.lz=01;31:*.lzo=01;31:*.xz=01;31:*.zst=01;31:*.tzst=01;31:*.bz2=01;31:*.bz=01;31:*.tbz=01;31:*.tbz2=01;31:*.tz=01;31:*.deb=01;31:*.rpm=01;31:*.jar=01;31:*.war=01;31:*.ear=01;31:*.sar=01;31:*.rar=01;31:*.alz=01;31:*.ace=01;31:*.zoo=01;31:*.cpio=01;31:*.7z=01;31:*.rz=01;31:*.cab=01;31:*.wim=01;31:*.swm=01;31:*.dwm=01;31:*.esd=01;31:*.jpg=01;35:*.jpeg=01;35:*.mjpg=01;35:*.mjpeg=01;35:*.gif=01;35:*.bmp=01;35:*.pbm=01;35:*.pgm=01;35:*.ppm=01;35:*.tga=01;35:*.xbm=01;35:*.xpm=01;35:*.tif=01;35:*.tiff=01;35:*.png=01;35:*.svg=01;35:*.svgz=01;35:*.mng=01;35:*.pcx=01;35:*.mov=01;35:*.mpg=01;35:*.mpeg=01;35:*.m2v=01;35:*.mkv=01;35:*.webm=01;35:*.webp=01;35:*.ogm=01;35:*.mp4=01;35:*.m4v=01;35:*.mp4v=01;35:*.vob=01;35:*.qt=01;35:*.nuv=01;35:*.wmv=01;35:*.asf=01;35:*.rm=01;35:*.rmvb=01;35:*.flc=01;35:*.avi=01;35:*.fli=01;35:*.flv=01;35:*.gl=01;35:*.dl=01;35:*.xcf=01;35:*.xwd=01;35:*.yuv=01;35:*.cgm=01;35:*.emf=01;35:*.ogv=01;35:*.ogx=01;35:*.aac=00;36:*.au=00;36:*.flac=00;36:*.m4a=00;36:*.mid=00;36:*.midi=00;36:*.mka=00;36:*.mp3=00;36:*.mpc=00;36:*.ogg=00;36:*.ra=00;36:*.wav=00;36:*.oga=00;36:*.opus=00;36:*.spx=00;36:*.xspf=00;36:'), ('ROS_DOMAIN_ID', '0'), ('AMENT_PREFIX_PATH', '/home/testing/dev_ws/src/install/latency_test_talker:/home/testing/dev_ws/install/latency_test:/opt/ros/humble'), ('DEBIAN_FRONTEND', 'noninteractive'), ('PWD', '/home/testing/dev_ws/src/build/latency_test_listener'), ('LC_ALL', 'C.UTF-8'), ('PYTHONPATH', '/opt/ros/humble/lib/python3.10/site-packages:/opt/ros/humble/local/lib/python3.10/dist-packages:/home/testing/dev_ws/install/latency_test_talker/lib/python3.8/site-packages'), ('COLCON', '1'), ('CMAKE_PREFIX_PATH', '/home/testing/dev_ws/src/install/latency_test_talker:/home/testing/dev_ws/install/latency_test:/opt/ros/humble')]), 'shell': False}
[1.246808] (latency_test_talker) CommandEnded: {'returncode': 0}
[1.247424] (latency_test_talker) JobProgress: {'identifier': 'latency_test_talker', 'progress': 'build'}
[1.247866] (latency_test_talker) Command: {'cmd': ['/usr/bin/cmake', '--build', '/home/testing/dev_ws/src/build/latency_test_talker', '--', '-j8', '-l8'], 'cwd': '/home/testing/dev_ws/src/build/latency_test_talker', 'env': OrderedDict([('HOSTNAME', 'docker-desktop'), ('SHLVL', '1'), ('LD_LIBRARY_PATH', '/opt/ros/humble/lib/aarch64-linux-gnu:/opt/ros/humble/lib'), ('HOME', '/root'), ('OLDPWD', '/home/testing/dev_ws'), ('ROS_PYTHON_VERSION', '3'), ('COLCON_PREFIX_PATH', '/home/testing/dev_ws/src/install:/home/testing/dev_ws/install'), ('ROS_DISTRO', 'humble'), ('_', '/usr/bin/colcon'), ('ROS_VERSION', '2'), ('USERNAME', 'testing'), ('TERM', 'xterm'), ('ROS_LOCALHOST_ONLY', '0'), ('PATH', '/opt/ros/humble/bin:/usr/local/sbin:/usr/local/bin:/usr/sbin:/usr/bin:/sbin:/bin'), ('LANG', 'C.UTF-8'), ('LS_COLORS', 'rs=0:di=01;34:ln=01;36:mh=00:pi=40;33:so=01;35:do=01;35:bd=40;33;01:cd=40;33;01:or=40;31;01:mi=00:su=37;41:sg=30;43:ca=30;41:tw=30;42:ow=34;42:st=37;44:ex=01;32:*.tar=01;31:*.tgz=01;31:*.arc=01;31:*.arj=01;31:*.taz=01;31:*.lha=01;31:*.lz4=01;31:*.lzh=01;31:*.lzma=01;31:*.tlz=01;31:*.txz=01;31:*.tzo=01;31:*.t7z=01;31:*.zip=01;31:*.z=01;31:*.dz=01;31:*.gz=01;31:*.lrz=01;31:*.lz=01;31:*.lzo=01;31:*.xz=01;31:*.zst=01;31:*.tzst=01;31:*.bz2=01;31:*.bz=01;31:*.tbz=01;31:*.tbz2=01;31:*.tz=01;31:*.deb=01;31:*.rpm=01;31:*.jar=01;31:*.war=01;31:*.ear=01;31:*.sar=01;31:*.rar=01;31:*.alz=01;31:*.ace=01;31:*.zoo=01;31:*.cpio=01;31:*.7z=01;31:*.rz=01;31:*.cab=01;31:*.wim=01;31:*.swm=01;31:*.dwm=01;31:*.esd=01;31:*.jpg=01;35:*.jpeg=01;35:*.mjpg=01;35:*.mjpeg=01;35:*.gif=01;35:*.bmp=01;35:*.pbm=01;35:*.pgm=01;35:*.ppm=01;35:*.tga=01;35:*.xbm=01;35:*.xpm=01;35:*.tif=01;35:*.tiff=01;35:*.png=01;35:*.svg=01;35:*.svgz=01;35:*.mng=01;35:*.pcx=01;35:*.mov=01;35:*.mpg=01;35:*.mpeg=01;35:*.m2v=01;35:*.mkv=01;35:*.webm=01;35:*.webp=01;35:*.ogm=01;35:*.mp4=01;35:*.m4v=01;35:*.mp4v=01;35:*.vob=01;35:*.qt=01;35:*.nuv=01;35:*.wmv=01;35:*.asf=01;35:*.rm=01;35:*.rmvb=01;35:*.flc=01;35:*.avi=01;35:*.fli=01;35:*.flv=01;35:*.gl=01;35:*.dl=01;35:*.xcf=01;35:*.xwd=01;35:*.yuv=01;35:*.cgm=01;35:*.emf=01;35:*.ogv=01;35:*.ogx=01;35:*.aac=00;36:*.au=00;36:*.flac=00;36:*.m4a=00;36:*.mid=00;36:*.midi=00;36:*.mka=00;36:*.mp3=00;36:*.mpc=00;36:*.ogg=00;36:*.ra=00;36:*.wav=00;36:*.oga=00;36:*.opus=00;36:*.spx=00;36:*.xspf=00;36:'), ('ROS_DOMAIN_ID', '0'), ('AMENT_PREFIX_PATH', '/home/testing/dev_ws/src/install/latency_test_talker:/home/testing/dev_ws/install/latency_test:/opt/ros/humble'), ('DEBIAN_FRONTEND', 'noninteractive'), ('PWD', '/home/testing/dev_ws/src/build/latency_test_talker'), ('LC_ALL', 'C.UTF-8'), ('PYTHONPATH', '/opt/ros/humble/lib/python3.10/site-packages:/opt/ros/humble/local/lib/python3.10/dist-packages:/home/testing/dev_ws/install/latency_test_talker/lib/python3.8/site-packages'), ('COLCON', '1'), ('CMAKE_PREFIX_PATH', '/home/testing/dev_ws/src/install/latency_test_talker:/home/testing/dev_ws/install/latency_test:/opt/ros/humble')]), 'shell': False}
[1.293316] (latency_test_listener) StdoutLine: {'line': b'[ 50%] \x1b[32mBuilding CXX object CMakeFiles/latency_test_listener.dir/src/listener.cpp.o\x1b[0m\n'}
[1.295067] (latency_test_talker) StdoutLine: {'line': b'[ 66%] \x1b[32mBuilding CXX object CMakeFiles/latency_test_talker.dir/src/latency_test_main.cpp.o\x1b[0m\n'}
[1.295946] (latency_test_talker) StdoutLine: {'line': b'[ 66%] \x1b[32mBuilding CXX object CMakeFiles/latency_test_talker.dir/src/talker.cpp.o\x1b[0m\n'}
[1.315924] (latency_test_listener) StdoutLine: {'line': b'[100%] \x1b[32m\x1b[1mLinking CXX executable latency_test_listener\x1b[0m\n'}
[1.316613] (-) TimerEvent: {}
[1.399869] (latency_test_listener) StderrLine: {'line': b"/usr/bin/ld: /usr/lib/gcc/aarch64-linux-gnu/11/../../../aarch64-linux-gnu/Scrt1.o: in function `_start':\n"}
[1.400639] (latency_test_listener) StderrLine: {'line': b"(.text+0x1c): undefined reference to `main'\n"}
[1.401587] (latency_test_listener) StderrLine: {'line': b"/usr/bin/ld: (.text+0x20): undefined reference to `main'\n"}
[1.405263] (latency_test_listener) StderrLine: {'line': b'collect2: error: ld returned 1 exit status\n'}
[1.406712] (latency_test_listener) StderrLine: {'line': b'gmake[2]: *** [CMakeFiles/latency_test_listener.dir/build.make:159: latency_test_listener] Error 1\n'}
[1.407397] (latency_test_listener) StderrLine: {'line': b'gmake[1]: *** [CMakeFiles/Makefile2:137: CMakeFiles/latency_test_listener.dir/all] Error 2\n'}
[1.407852] (latency_test_listener) StderrLine: {'line': b'gmake: *** [Makefile:146: all] Error 2\n'}
[1.409296] (latency_test_listener) CommandEnded: {'returncode': 2}
[1.416833] (-) TimerEvent: {}
[1.432384] (latency_test_listener) JobEnded: {'identifier': 'latency_test_listener', 'rc': 2}
[1.517894] (-) TimerEvent: {}
[1.618875] (-) TimerEvent: {}
[1.721868] (-) TimerEvent: {}
[1.822878] (-) TimerEvent: {}
[1.923873] (-) TimerEvent: {}
[2.024873] (-) TimerEvent: {}
[2.125869] (-) TimerEvent: {}
[2.226842] (-) TimerEvent: {}
[2.329842] (-) TimerEvent: {}
[2.430839] (-) TimerEvent: {}
[2.531841] (-) TimerEvent: {}
[2.632838] (-) TimerEvent: {}
[2.733841] (-) TimerEvent: {}
[2.834836] (-) TimerEvent: {}
[2.935846] (-) TimerEvent: {}
[3.036838] (-) TimerEvent: {}
[3.116033] (latency_test_talker) StderrLine: {'line': b'\x1b[01m\x1b[K/home/testing/dev_ws/src/latency_test_talker/src/talker.cpp:\x1b[m\x1b[K In member function \xe2\x80\x98\x1b[01m\x1b[Kvoid talker::get_response_time(std_msgs::msg::String_<std::allocator<void> >::SharedPtr)\x1b[m\x1b[K\xe2\x80\x99:\n'}
[3.118134] (latency_test_talker) StderrLine: {'line': b'\x1b[01m\x1b[K/home/testing/dev_ws/src/latency_test_talker/src/talker.cpp:19:71:\x1b[m\x1b[K \x1b[01;35m\x1b[Kwarning: \x1b[m\x1b[Kunused parameter \xe2\x80\x98\x1b[01m\x1b[Kmsg\x1b[m\x1b[K\xe2\x80\x99 [\x1b[01;35m\x1b[K-Wunused-parameter\x1b[m\x1b[K]\n'}
[3.118324] (latency_test_talker) StderrLine: {'line': b'   19 | void talker::get_response_time(\x1b[01;35m\x1b[Kconst std_msgs::msg::String::SharedPtr msg\x1b[m\x1b[K) {\n'}
[3.118492] (latency_test_talker) StderrLine: {'line': b'      |                                \x1b[01;35m\x1b[K~~~~~~~~~~~~~~~~~~~~~~~~~~~~~~~~~~~~~~~^~~\x1b[m\x1b[K\n'}
[3.137838] (-) TimerEvent: {}
[3.238843] (-) TimerEvent: {}
[3.339849] (-) TimerEvent: {}
[3.440924] (-) TimerEvent: {}
[3.546876] (-) TimerEvent: {}
[3.650584] (-) TimerEvent: {}
[3.756878] (-) TimerEvent: {}
[3.858099] (-) TimerEvent: {}
[3.961094] (-) TimerEvent: {}
[4.062103] (-) TimerEvent: {}
[4.167867] (-) TimerEvent: {}
[4.270602] (-) TimerEvent: {}
[4.372087] (-) TimerEvent: {}
[4.474343] (-) TimerEvent: {}
[4.575082] (-) TimerEvent: {}
[4.676106] (-) TimerEvent: {}
[4.777086] (-) TimerEvent: {}
[4.878340] (-) TimerEvent: {}
[4.983588] (-) TimerEvent: {}
[5.085097] (-) TimerEvent: {}
[5.187084] (-) TimerEvent: {}
[5.290843] (-) TimerEvent: {}
[5.392086] (-) TimerEvent: {}
[5.497339] (-) TimerEvent: {}
[5.598331] (-) TimerEvent: {}
[5.700331] (-) TimerEvent: {}
[5.805855] (-) TimerEvent: {}
[5.909845] (-) TimerEvent: {}
[6.011843] (-) TimerEvent: {}
[6.114581] (-) TimerEvent: {}
[6.216845] (-) TimerEvent: {}
[6.318108] (-) TimerEvent: {}
[6.419097] (-) TimerEvent: {}
[6.524353] (-) TimerEvent: {}
[6.624850] (-) TimerEvent: {}
[6.701226] (latency_test_talker) StdoutLine: {'line': b'[100%] \x1b[32m\x1b[1mLinking CXX executable latency_test_talker\x1b[0m\n'}
[6.726037] (-) TimerEvent: {}
[6.832851] (-) TimerEvent: {}
[6.936309] (-) TimerEvent: {}
[7.043884] (-) TimerEvent: {}
[7.090346] (latency_test_talker) StdoutLine: {'line': b'[100%] Built target latency_test_talker\n'}
[7.097448] (latency_test_talker) JobEnded: {'identifier': 'latency_test_talker', 'rc': 'SIGINT'}
[7.108635] (-) EventReactorShutdown: {}
