[35m[1mConsolidate compiler generated dependencies of target latency_test[0m
[ 33%] [32mBuilding CXX object CMakeFiles/latency_test.dir/src/talker.cpp.o[0m
[01m[K/home/testing/dev_ws/src/latency_test/src/talker.cpp:[m[K In constructor â€˜[01m[Ktalker::talker()[m[Kâ€™:
[01m[K/home/testing/dev_ws/src/latency_test/src/talker.cpp:9:9:[m[K [01;31m[Kerror: [m[Kno matching function for call to â€˜[01m[Ktalker::create_subscription<std_msgs::msg::String>(const char [11])[m[Kâ€™
    8 |     this->talker_subscriber_ = [01;31m[Kcreate_subscription<std_msgs::msg::String>[m[K
      |                                [01;31m[K~~~~~~~~~~~~~~~~~~~~~~~~~~~~~~~~~~~~~~~~~~[m[K
    9 | [01;31m[K        ("PI_TO_COMP")[m[K, 10, std::bind(&talker::get_response_time, this, this->send_time);
      |         [01;31m[K^~~~~~~~~~~~~~[m[K
In file included from [01m[K/opt/ros/humble/include/rclcpp/rclcpp/executors/single_threaded_executor.hpp:28[m[K,
                 from [01m[K/opt/ros/humble/include/rclcpp/rclcpp/executors.hpp:22[m[K,
                 from [01m[K/opt/ros/humble/include/rclcpp/rclcpp/rclcpp.hpp:155[m[K,
                 from [01m[K/home/testing/dev_ws/src/latency_test/include/talker.h:5[m[K,
                 from [01m[K/home/testing/dev_ws/src/latency_test/src/talker.cpp:1[m[K:
[01m[K/opt/ros/humble/include/rclcpp/rclcpp/node.hpp:219:3:[m[K [01;36m[Knote: [m[Kcandidate: â€˜[01m[Ktemplate<class MessageT, class CallbackT, class AllocatorT, class SubscriptionT, class MessageMemoryStrategyT> std::shared_ptr<ROSMessageT> rclcpp::Node::create_subscription(const string&, const rclcpp::QoS&, CallbackT&&, const rclcpp::SubscriptionOptionsWithAllocator<AllocatorT>&, typename MessageMemoryStrategyT::SharedPtr)[m[Kâ€™
  219 |   [01;36m[Kcreate_subscription[m[K(
      |   [01;36m[K^~~~~~~~~~~~~~~~~~~[m[K
[01m[K/opt/ros/humble/include/rclcpp/rclcpp/node.hpp:219:3:[m[K [01;36m[Knote: [m[K  template argument deduction/substitution failed:
[01m[K/home/testing/dev_ws/src/latency_test/src/talker.cpp:9:9:[m[K [01;36m[Knote: [m[K  candidate expects 5 arguments, 1 provided
    8 |     this->talker_subscriber_ = [01;36m[Kcreate_subscription<std_msgs::msg::String>[m[K
      |                                [01;36m[K~~~~~~~~~~~~~~~~~~~~~~~~~~~~~~~~~~~~~~~~~~[m[K
    9 | [01;36m[K        ("PI_TO_COMP")[m[K, 10, std::bind(&talker::get_response_time, this, this->send_time);
      |         [01;36m[K^~~~~~~~~~~~~~[m[K
In file included from [01m[K/usr/include/c++/11/pstl/glue_algorithm_defs.h:13[m[K,
                 from [01m[K/usr/include/c++/11/algorithm:74[m[K,
                 from [01m[K/opt/ros/humble/include/rclcpp/rclcpp/executor.hpp:18[m[K,
                 from [01m[K/opt/ros/humble/include/rclcpp/rclcpp/executors/multi_threaded_executor.hpp:25[m[K,
                 from [01m[K/opt/ros/humble/include/rclcpp/rclcpp/executors.hpp:21[m[K,
                 from [01m[K/opt/ros/humble/include/rclcpp/rclcpp/rclcpp.hpp:155[m[K,
                 from [01m[K/home/testing/dev_ws/src/latency_test/include/talker.h:5[m[K,
                 from [01m[K/home/testing/dev_ws/src/latency_test/src/talker.cpp:1[m[K:
/usr/include/c++/11/functional: In instantiation of â€˜[01m[Kstruct std::_Bind_check_arity<void (talker::*)(), talker*, double&>[m[Kâ€™:
[01m[K/usr/include/c++/11/functional:768:12:[m[K   required from â€˜[01m[Kstruct std::_Bind_helper<false, void (talker::*)(), talker*, double&>[m[Kâ€™
[01m[K/usr/include/c++/11/functional:789:5:[m[K   required by substitution of â€˜[01m[Ktemplate<class _Func, class ... _BoundArgs> typename std::_Bind_helper<std::__is_socketlike<_Func>::value, _Func, _BoundArgs ...>::type std::bind(_Func&&, _BoundArgs&& ...) [with _Func = void (talker::*)(); _BoundArgs = {talker*, double&}][m[Kâ€™
[01m[K/home/testing/dev_ws/src/latency_test/src/talker.cpp:9:38:[m[K   required from here
[01m[K/usr/include/c++/11/functional:756:21:[m[K [01;31m[Kerror: [m[Kstatic assertion failed: Wrong number of arguments for pointer-to-member
  755 |       static_assert(_Varargs::[01;31m[Kvalue[m[K
      |                               [01;31m[K~~~~~[m[K
  756 | [01;31m[K                    ? sizeof...(_BoundArgs) >= _Arity::value + 1[m[K
      |                     [01;31m[K^~~~~~~~~~~~~~~~~~~~~~~~~~~~~~~~~~~~~~~~~~~~[m[K
  757 | [01;31m[K                    : sizeof...(_BoundArgs) == _Arity::value + 1[m[K,
      |                     [01;31m[K~~~~~~~~~~~~~~~~~~~~~~~~~~~~~~~~~~~~~~~~~~~~[m[K
[01m[K/usr/include/c++/11/functional:756:21:[m[K [01;36m[Knote: [m[Kâ€˜[01m[K(false ? (2 >= (((long unsigned int)std::integral_constant<long unsigned int, 0>::value) + 1)) : (2 == (((long unsigned int)std::integral_constant<long unsigned int, 0>::value) + 1)))[m[Kâ€™ evaluates to false
[01m[K/home/testing/dev_ws/src/latency_test/src/talker.cpp:12:11:[m[K [01;31m[Kerror: [m[Kâ€˜[01m[Kclass talker[m[Kâ€™ has no member named â€˜[01m[Ktalker_publiher_[m[Kâ€™; did you mean â€˜[01m[Ktalker_publisher_[m[Kâ€™?
   12 |     this->[01;31m[Ktalker_publiher_[m[K = this->create_subscription<std_msgs::msg::String>("COMP_TO_PI", 10);
      |           [01;31m[K^~~~~~~~~~~~~~~~[m[K
      |           [32m[Ktalker_publisher_[m[K
[01m[K/home/testing/dev_ws/src/latency_test/src/talker.cpp:12:78:[m[K [01;31m[Kerror: [m[Kno matching function for call to â€˜[01m[Ktalker::create_subscription<std_msgs::msg::String>(const char [11], int)[m[Kâ€™
   12 |     this->talker_publiher_ = [01;31m[Kthis->create_subscription<std_msgs::msg::String>("COMP_TO_PI", 10)[m[K;
      |                              [01;31m[K~~~~~~~~~~~~~~~~~~~~~~~~~~~~~~~~~~~~~~~~~~~~~~~~^~~~~~~~~~~~~~~~~~[m[K
In file included from [01m[K/opt/ros/humble/include/rclcpp/rclcpp/executors/single_threaded_executor.hpp:28[m[K,
                 from [01m[K/opt/ros/humble/include/rclcpp/rclcpp/executors.hpp:22[m[K,
                 from [01m[K/opt/ros/humble/include/rclcpp/rclcpp/rclcpp.hpp:155[m[K,
                 from [01m[K/home/testing/dev_ws/src/latency_test/include/talker.h:5[m[K,
                 from [01m[K/home/testing/dev_ws/src/latency_test/src/talker.cpp:1[m[K:
[01m[K/opt/ros/humble/include/rclcpp/rclcpp/node.hpp:219:3:[m[K [01;36m[Knote: [m[Kcandidate: â€˜[01m[Ktemplate<class MessageT, class CallbackT, class AllocatorT, class SubscriptionT, class MessageMemoryStrategyT> std::shared_ptr<ROSMessageT> rclcpp::Node::create_subscription(const string&, const rclcpp::QoS&, CallbackT&&, const rclcpp::SubscriptionOptionsWithAllocator<AllocatorT>&, typename MessageMemoryStrategyT::SharedPtr)[m[Kâ€™
  219 |   [01;36m[Kcreate_subscription[m[K(
      |   [01;36m[K^~~~~~~~~~~~~~~~~~~[m[K
[01m[K/opt/ros/humble/include/rclcpp/rclcpp/node.hpp:219:3:[m[K [01;36m[Knote: [m[K  template argument deduction/substitution failed:
[01m[K/home/testing/dev_ws/src/latency_test/src/talker.cpp:12:78:[m[K [01;36m[Knote: [m[K  candidate expects 5 arguments, 2 provided
   12 |     this->talker_publiher_ = [01;36m[Kthis->create_subscription<std_msgs::msg::String>("COMP_TO_PI", 10)[m[K;
      |                              [01;36m[K~~~~~~~~~~~~~~~~~~~~~~~~~~~~~~~~~~~~~~~~~~~~~~~~^~~~~~~~~~~~~~~~~~[m[K
[01m[K/home/testing/dev_ws/src/latency_test/src/talker.cpp:14:9:[m[K [01;31m[Kerror: [m[Kunable to find numeric literal operator â€˜[01m[Koperator""ms[m[Kâ€™
   14 |         [01;31m[K500ms[m[K, std::bind(&talker::timer_callback, this));
      |         [01;31m[K^~~~~[m[K
[01m[K/home/testing/dev_ws/src/latency_test/src/talker.cpp:[m[K At global scope:
[01m[K/home/testing/dev_ws/src/latency_test/src/talker.cpp:19:1:[m[K [01;31m[Kerror: [m[KISO C++ forbids declaration of â€˜[01m[Kget_response_time[m[Kâ€™ with no type [[01;31m[K-fpermissive[m[K]
   19 | [01;31m[Ktalker[m[K::get_response_time() {
      | [01;31m[K^~~~~~[m[K
[01m[K/home/testing/dev_ws/src/latency_test/src/talker.cpp:19:1:[m[K [01;31m[Kerror: [m[Kno declaration matches â€˜[01m[Kint talker::get_response_time()[m[Kâ€™
In file included from [01m[K/home/testing/dev_ws/src/latency_test/src/talker.cpp:1[m[K:
[01m[K/home/testing/dev_ws/src/latency_test/include/talker.h:30:14:[m[K [01;36m[Knote: [m[Kcandidate is: â€˜[01m[Kvoid talker::get_response_time()[m[Kâ€™
   30 |         void [01;36m[Kget_response_time[m[K();
      |              [01;36m[K^~~~~~~~~~~~~~~~~[m[K
[01m[K/home/testing/dev_ws/src/latency_test/include/talker.h:11:7:[m[K [01;36m[Knote: [m[Kâ€˜[01m[Kclass talker[m[Kâ€™ defined here
   11 | class [01;36m[Ktalker[m[K : public rclcpp::Node{
      |       [01;36m[K^~~~~~[m[K
[01m[K/home/testing/dev_ws/src/latency_test/src/talker.cpp:26:1:[m[K [01;31m[Kerror: [m[KISO C++ forbids declaration of â€˜[01m[Ktimer_callback[m[Kâ€™ with no type [[01;31m[K-fpermissive[m[K]
   26 | [01;31m[Ktalker[m[K::timer_callback() {
      | [01;31m[K^~~~~~[m[K
[01m[K/home/testing/dev_ws/src/latency_test/src/talker.cpp:26:1:[m[K [01;31m[Kerror: [m[Kno declaration matches â€˜[01m[Kint talker::timer_callback()[m[Kâ€™
In file included from [01m[K/home/testing/dev_ws/src/latency_test/src/talker.cpp:1[m[K:
[01m[K/home/testing/dev_ws/src/latency_test/include/talker.h:31:14:[m[K [01;36m[Knote: [m[Kcandidate is: â€˜[01m[Kvoid talker::timer_callback()[m[Kâ€™
   31 |         void [01;36m[Ktimer_callback[m[K();
      |              [01;36m[K^~~~~~~~~~~~~~[m[K
[01m[K/home/testing/dev_ws/src/latency_test/include/talker.h:11:7:[m[K [01;36m[Knote: [m[Kâ€˜[01m[Kclass talker[m[Kâ€™ defined here
   11 | class [01;36m[Ktalker[m[K : public rclcpp::Node{
      |       [01;36m[K^~~~~~[m[K
gmake[2]: *** [CMakeFiles/latency_test.dir/build.make:76: CMakeFiles/latency_test.dir/src/talker.cpp.o] Error 1
gmake[1]: *** [CMakeFiles/Makefile2:137: CMakeFiles/latency_test.dir/all] Error 2
gmake: *** [Makefile:146: all] Error 2
