[0.000000] (-) TimerEvent: {}
[0.000609] (latency_test) JobQueued: {'identifier': 'latency_test', 'dependencies': OrderedDict()}
[0.000719] (latency_test) JobStarted: {'identifier': 'latency_test'}
[0.003724] (latency_test) JobProgress: {'identifier': 'latency_test', 'progress': 'cmake'}
[0.004449] (latency_test) JobProgress: {'identifier': 'latency_test', 'progress': 'build'}
[0.005211] (latency_test) Command: {'cmd': ['/usr/bin/cmake', '--build', '/home/testing/dev_ws/src/build/latency_test', '--', '-j8', '-l8'], 'cwd': '/home/testing/dev_ws/src/build/latency_test', 'env': OrderedDict([('HOSTNAME', 'docker-desktop'), ('SHLVL', '1'), ('LD_LIBRARY_PATH', '/opt/ros/humble/lib/aarch64-linux-gnu:/opt/ros/humble/lib'), ('HOME', '/root'), ('OLDPWD', '/home/testing/dev_ws'), ('ROS_PYTHON_VERSION', '3'), ('ROS_DISTRO', 'humble'), ('_', '/usr/bin/colcon'), ('ROS_VERSION', '2'), ('USERNAME', 'holohover_new'), ('TERM', 'xterm'), ('ROS_LOCALHOST_ONLY', '0'), ('PATH', '/opt/ros/humble/bin:/usr/local/sbin:/usr/local/bin:/usr/sbin:/usr/bin:/sbin:/bin'), ('LANG', 'C.UTF-8'), ('LS_COLORS', 'rs=0:di=01;34:ln=01;36:mh=00:pi=40;33:so=01;35:do=01;35:bd=40;33;01:cd=40;33;01:or=40;31;01:mi=00:su=37;41:sg=30;43:ca=30;41:tw=30;42:ow=34;42:st=37;44:ex=01;32:*.tar=01;31:*.tgz=01;31:*.arc=01;31:*.arj=01;31:*.taz=01;31:*.lha=01;31:*.lz4=01;31:*.lzh=01;31:*.lzma=01;31:*.tlz=01;31:*.txz=01;31:*.tzo=01;31:*.t7z=01;31:*.zip=01;31:*.z=01;31:*.dz=01;31:*.gz=01;31:*.lrz=01;31:*.lz=01;31:*.lzo=01;31:*.xz=01;31:*.zst=01;31:*.tzst=01;31:*.bz2=01;31:*.bz=01;31:*.tbz=01;31:*.tbz2=01;31:*.tz=01;31:*.deb=01;31:*.rpm=01;31:*.jar=01;31:*.war=01;31:*.ear=01;31:*.sar=01;31:*.rar=01;31:*.alz=01;31:*.ace=01;31:*.zoo=01;31:*.cpio=01;31:*.7z=01;31:*.rz=01;31:*.cab=01;31:*.wim=01;31:*.swm=01;31:*.dwm=01;31:*.esd=01;31:*.jpg=01;35:*.jpeg=01;35:*.mjpg=01;35:*.mjpeg=01;35:*.gif=01;35:*.bmp=01;35:*.pbm=01;35:*.pgm=01;35:*.ppm=01;35:*.tga=01;35:*.xbm=01;35:*.xpm=01;35:*.tif=01;35:*.tiff=01;35:*.png=01;35:*.svg=01;35:*.svgz=01;35:*.mng=01;35:*.pcx=01;35:*.mov=01;35:*.mpg=01;35:*.mpeg=01;35:*.m2v=01;35:*.mkv=01;35:*.webm=01;35:*.webp=01;35:*.ogm=01;35:*.mp4=01;35:*.m4v=01;35:*.mp4v=01;35:*.vob=01;35:*.qt=01;35:*.nuv=01;35:*.wmv=01;35:*.asf=01;35:*.rm=01;35:*.rmvb=01;35:*.flc=01;35:*.avi=01;35:*.fli=01;35:*.flv=01;35:*.gl=01;35:*.dl=01;35:*.xcf=01;35:*.xwd=01;35:*.yuv=01;35:*.cgm=01;35:*.emf=01;35:*.ogv=01;35:*.ogx=01;35:*.aac=00;36:*.au=00;36:*.flac=00;36:*.m4a=00;36:*.mid=00;36:*.midi=00;36:*.mka=00;36:*.mp3=00;36:*.mpc=00;36:*.ogg=00;36:*.ra=00;36:*.wav=00;36:*.oga=00;36:*.opus=00;36:*.spx=00;36:*.xspf=00;36:'), ('ROS_DOMAIN_ID', '0'), ('AMENT_PREFIX_PATH', '/opt/ros/humble'), ('DEBIAN_FRONTEND', 'noninteractive'), ('PWD', '/home/testing/dev_ws/src/build/latency_test'), ('LC_ALL', 'C.UTF-8'), ('PYTHONPATH', '/opt/ros/humble/lib/python3.10/site-packages:/opt/ros/humble/local/lib/python3.10/dist-packages'), ('COLCON', '1'), ('CMAKE_PREFIX_PATH', '/opt/ros/humble')]), 'shell': False}
[0.016641] (latency_test) StdoutLine: {'line': b'-- Found ament_cmake: 1.3.11 (/opt/ros/humble/share/ament_cmake/cmake)\n'}
[0.062696] (latency_test) StdoutLine: {'line': b'-- Found rclcpp: 16.0.11 (/opt/ros/humble/share/rclcpp/cmake)\n'}
[0.072026] (latency_test) StdoutLine: {'line': b'-- Found rosidl_generator_c: 3.1.6 (/opt/ros/humble/share/rosidl_generator_c/cmake)\n'}
[0.073155] (latency_test) StdoutLine: {'line': b'-- Found rosidl_adapter: 3.1.6 (/opt/ros/humble/share/rosidl_adapter/cmake)\n'}
[0.075532] (latency_test) StdoutLine: {'line': b'-- Found rosidl_generator_cpp: 3.1.6 (/opt/ros/humble/share/rosidl_generator_cpp/cmake)\n'}
[0.079311] (latency_test) StdoutLine: {'line': b'-- Using all available rosidl_typesupport_c: rosidl_typesupport_fastrtps_c;rosidl_typesupport_introspection_c\n'}
[0.084205] (latency_test) StdoutLine: {'line': b'-- Using all available rosidl_typesupport_cpp: rosidl_typesupport_fastrtps_cpp;rosidl_typesupport_introspection_cpp\n'}
[0.096579] (latency_test) StdoutLine: {'line': b'-- Found rmw_implementation_cmake: 6.1.2 (/opt/ros/humble/share/rmw_implementation_cmake/cmake)\n'}
[0.100374] (-) TimerEvent: {}
[0.100460] (latency_test) StdoutLine: {'line': b'-- Found rmw_fastrtps_cpp: 6.2.7 (/opt/ros/humble/share/rmw_fastrtps_cpp/cmake)\n'}
[0.126747] (latency_test) StdoutLine: {'line': b"-- Using RMW implementation 'rmw_fastrtps_cpp' as default\n"}
[0.147233] (latency_test) StdoutLine: {'line': b'-- Found ament_lint_auto: 0.12.11 (/opt/ros/humble/share/ament_lint_auto/cmake)\n'}
[0.177818] (latency_test) StdoutLine: {'line': b"-- Added test 'copyright' to check source files copyright and LICENSE\n"}
[0.181121] (latency_test) StdoutLine: {'line': b"-- Added test 'cppcheck' to perform static code analysis on C / C++ code\n"}
[0.181421] (latency_test) StdoutLine: {'line': b'-- Configured cppcheck include dirs: /home/testing/dev_ws/src/latency_test/include\n'}
[0.181616] (latency_test) StdoutLine: {'line': b'-- Configured cppcheck exclude dirs and/or files: \n'}
[0.183945] (latency_test) StdoutLine: {'line': b"-- Added test 'cpplint' to check C / C++ code against the Google style\n"}
[0.184183] (latency_test) StdoutLine: {'line': b'-- Configured cpplint exclude dirs and/or files: \n'}
[0.184463] (latency_test) StdoutLine: {'line': b"-- Added test 'flake8' to check Python code syntax and style conventions\n"}
[0.185243] (latency_test) StdoutLine: {'line': b"-- Added test 'lint_cmake' to check CMake code style\n"}
[0.185783] (latency_test) StdoutLine: {'line': b"-- Added test 'pep257' to check Python code against some of the docstring style conventions in PEP 257\n"}
[0.188392] (latency_test) StdoutLine: {'line': b"-- Added test 'uncrustify' to check C / C++ code style\n"}
[0.188662] (latency_test) StdoutLine: {'line': b'-- Configured uncrustify additional arguments: \n'}
[0.188952] (latency_test) StdoutLine: {'line': b"-- Added test 'xmllint' to check XML markup files\n"}
[0.190616] (latency_test) StdoutLine: {'line': b'-- Configuring done\n'}
[0.201386] (-) TimerEvent: {}
[0.204449] (latency_test) StdoutLine: {'line': b'-- Generating done\n'}
[0.212144] (latency_test) StdoutLine: {'line': b'-- Build files have been written to: /home/testing/dev_ws/src/build/latency_test\n'}
[0.228897] (latency_test) StdoutLine: {'line': b'[ 66%] \x1b[32mBuilding CXX object CMakeFiles/latency_test.dir/src/talker.cpp.o\x1b[0m\n'}
[0.229379] (latency_test) StdoutLine: {'line': b'[ 66%] \x1b[32mBuilding CXX object CMakeFiles/latency_test.dir/src/latency_test_main.cpp.o\x1b[0m\n'}
[0.302414] (-) TimerEvent: {}
[0.403408] (-) TimerEvent: {}
[0.507162] (-) TimerEvent: {}
[0.608471] (-) TimerEvent: {}
[0.711407] (-) TimerEvent: {}
[0.812403] (-) TimerEvent: {}
[0.913402] (-) TimerEvent: {}
[1.014408] (-) TimerEvent: {}
[1.115401] (-) TimerEvent: {}
[1.216413] (-) TimerEvent: {}
[1.252383] (latency_test) StderrLine: {'line': b'In file included from \x1b[01m\x1b[K/home/testing/dev_ws/src/latency_test/src/latency_test_main.cpp:2\x1b[m\x1b[K:\n'}
[1.252689] (latency_test) StderrLine: {'line': b'\x1b[01m\x1b[K/home/testing/dev_ws/src/latency_test/include/talker.h:23:48:\x1b[m\x1b[K \x1b[01;31m\x1b[Kerror: \x1b[m\x1b[Kexpected unqualified-id before \xe2\x80\x98\x1b[01m\x1b[K>\x1b[m\x1b[K\xe2\x80\x99 token\n'}
[1.254642] (latency_test) StderrLine: {'line': b'   23 |         rclcpp::Publisher<std_msgs::msg::String\x1b[01;31m\x1b[K>>\x1b[m\x1b[K::SharedPtr talker_publisher_;\n'}
[1.255408] (latency_test) StderrLine: {'line': b'      |                                                \x1b[01;31m\x1b[K^~\x1b[m\x1b[K\n'}
[1.258545] (latency_test) StderrLine: {'line': b'\x1b[01m\x1b[K/home/testing/dev_ws/src/latency_test/include/talker.h:26:17:\x1b[m\x1b[K \x1b[01;31m\x1b[Kerror: \x1b[m\x1b[K\xe2\x80\x98\x1b[01m\x1b[KSubscriber\x1b[m\x1b[K\xe2\x80\x99 in namespace \xe2\x80\x98\x1b[01m\x1b[Krclcpp\x1b[m\x1b[K\xe2\x80\x99 does not name a template type\n'}
[1.258683] (latency_test) StderrLine: {'line': b'   26 |         rclcpp::\x1b[01;31m\x1b[KSubscriber\x1b[m\x1b[K<std_msgs::msg::String>>::SharedPtr talker_subscriber_;\n'}
[1.258806] (latency_test) StderrLine: {'line': b'      |                 \x1b[01;31m\x1b[K^~~~~~~~~~\x1b[m\x1b[K\n'}
[1.258950] (latency_test) StderrLine: {'line': b'\x1b[01m\x1b[K/home/testing/dev_ws/src/latency_test/include/talker.h:31:29:\x1b[m\x1b[K \x1b[01;31m\x1b[Kerror: \x1b[m\x1b[Kexpected \xe2\x80\x98\x1b[01m\x1b[K;\x1b[m\x1b[K\xe2\x80\x99 at end of member declaration\n'}
[1.259069] (latency_test) StderrLine: {'line': b'   31 |         void timer_callback(\x1b[01;31m\x1b[K)\x1b[m\x1b[K\n'}
[1.259181] (latency_test) StderrLine: {'line': b'      |                             \x1b[01;31m\x1b[K^\x1b[m\x1b[K\n'}
[1.259293] (latency_test) StderrLine: {'line': b'      |                              \x1b[32m\x1b[K;\x1b[m\x1b[K\n'}
[1.259404] (latency_test) StderrLine: {'line': b'\x1b[01m\x1b[K/home/testing/dev_ws/src/latency_test/include/talker.h:33:2:\x1b[m\x1b[K \x1b[01;31m\x1b[Kerror: \x1b[m\x1b[Kexpected \xe2\x80\x98\x1b[01m\x1b[K;\x1b[m\x1b[K\xe2\x80\x99 after class definition\n'}
[1.259514] (latency_test) StderrLine: {'line': b'   33 | }\n'}
[1.259623] (latency_test) StderrLine: {'line': b'      |  \x1b[01;31m\x1b[K^\x1b[m\x1b[K\n'}
[1.259735] (latency_test) StderrLine: {'line': b'      |  \x1b[32m\x1b[K;\x1b[m\x1b[K\n'}
[1.259842] (latency_test) StderrLine: {'line': b'\x1b[01m\x1b[K/home/testing/dev_ws/src/latency_test/src/latency_test_main.cpp:\x1b[m\x1b[K In function \xe2\x80\x98\x1b[01m\x1b[Kint main(int, char**)\x1b[m\x1b[K\xe2\x80\x99:\n'}
[1.259958] (latency_test) StderrLine: {'line': b'\x1b[01m\x1b[K/home/testing/dev_ws/src/latency_test/src/latency_test_main.cpp:9:15:\x1b[m\x1b[K \x1b[01;31m\x1b[Kerror: \x1b[m\x1b[Kno matching function for call to \xe2\x80\x98\x1b[01m\x1b[Kspin(std::shared_ptr<talker>)\x1b[m\x1b[K\xe2\x80\x99\n'}
[1.260107] (latency_test) StderrLine: {'line': b'    9 |   \x1b[01;31m\x1b[Krclcpp::spin(std::make_shared<talker>())\x1b[m\x1b[K;\n'}
[1.260226] (latency_test) StderrLine: {'line': b'      |   \x1b[01;31m\x1b[K~~~~~~~~~~~~^~~~~~~~~~~~~~~~~~~~~~~~~~~~\x1b[m\x1b[K\n'}
[1.260342] (latency_test) StderrLine: {'line': b'In file included from \x1b[01m\x1b[K/opt/ros/humble/include/rclcpp/rclcpp/rclcpp.hpp:155\x1b[m\x1b[K,\n'}
[1.260466] (latency_test) StderrLine: {'line': b'                 from \x1b[01m\x1b[K/home/testing/dev_ws/src/latency_test/src/latency_test_main.cpp:1\x1b[m\x1b[K:\n'}
[1.260574] (latency_test) StderrLine: {'line': b'\x1b[01m\x1b[K/opt/ros/humble/include/rclcpp/rclcpp/executors.hpp:45:1:\x1b[m\x1b[K \x1b[01;36m\x1b[Knote: \x1b[m\x1b[Kcandidate: \xe2\x80\x98\x1b[01m\x1b[Kvoid rclcpp::spin(rclcpp::node_interfaces::NodeBaseInterface::SharedPtr)\x1b[m\x1b[K\xe2\x80\x99\n'}
[1.260716] (latency_test) StderrLine: {'line': b'   45 | \x1b[01;36m\x1b[Kspin\x1b[m\x1b[K(rclcpp::node_interfaces::NodeBaseInterface::SharedPtr node_ptr);\n'}
[1.260823] (latency_test) StderrLine: {'line': b'      | \x1b[01;36m\x1b[K^~~~\x1b[m\x1b[K\n'}
[1.260924] (latency_test) StderrLine: {'line': b'\x1b[01m\x1b[K/opt/ros/humble/include/rclcpp/rclcpp/executors.hpp:45:60:\x1b[m\x1b[K \x1b[01;36m\x1b[Knote: \x1b[m\x1b[K  no known conversion for argument 1 from \xe2\x80\x98\x1b[01m\x1b[Kshared_ptr<\x1b[01;32m\x1b[Ktalker\x1b[m\x1b[K>\x1b[m\x1b[K\xe2\x80\x99 to \xe2\x80\x98\x1b[01m\x1b[Kshared_ptr<\x1b[01;32m\x1b[Krclcpp::node_interfaces::NodeBaseInterface\x1b[m\x1b[K>\x1b[m\x1b[K\xe2\x80\x99\n'}
[1.261031] (latency_test) StderrLine: {'line': b'   45 | spin(\x1b[01;36m\x1b[Krclcpp::node_interfaces::NodeBaseInterface::SharedPtr node_ptr\x1b[m\x1b[K);\n'}
[1.261134] (latency_test) StderrLine: {'line': b'      |      \x1b[01;36m\x1b[K~~~~~~~~~~~~~~~~~~~~~~~~~~~~~~~~~~~~~~~~~~~~~~~~~~~~~~^~~~~~~~\x1b[m\x1b[K\n'}
[1.261239] (latency_test) StderrLine: {'line': b'\x1b[01m\x1b[K/opt/ros/humble/include/rclcpp/rclcpp/executors.hpp:49:1:\x1b[m\x1b[K \x1b[01;36m\x1b[Knote: \x1b[m\x1b[Kcandidate: \xe2\x80\x98\x1b[01m\x1b[Kvoid rclcpp::spin(rclcpp::Node::SharedPtr)\x1b[m\x1b[K\xe2\x80\x99\n'}
[1.261340] (latency_test) StderrLine: {'line': b'   49 | \x1b[01;36m\x1b[Kspin\x1b[m\x1b[K(rclcpp::Node::SharedPtr node_ptr);\n'}
[1.261452] (latency_test) StderrLine: {'line': b'      | \x1b[01;36m\x1b[K^~~~\x1b[m\x1b[K\n'}
[1.261556] (latency_test) StderrLine: {'line': b'\x1b[01m\x1b[K/opt/ros/humble/include/rclcpp/rclcpp/executors.hpp:49:30:\x1b[m\x1b[K \x1b[01;36m\x1b[Knote: \x1b[m\x1b[K  no known conversion for argument 1 from \xe2\x80\x98\x1b[01m\x1b[Kshared_ptr<\x1b[01;32m\x1b[Ktalker\x1b[m\x1b[K>\x1b[m\x1b[K\xe2\x80\x99 to \xe2\x80\x98\x1b[01m\x1b[Kshared_ptr<\x1b[01;32m\x1b[Krclcpp::Node\x1b[m\x1b[K>\x1b[m\x1b[K\xe2\x80\x99\n'}
[1.261788] (latency_test) StderrLine: {'line': b'   49 | spin(\x1b[01;36m\x1b[Krclcpp::Node::SharedPtr node_ptr\x1b[m\x1b[K);\n'}
[1.261960] (latency_test) StderrLine: {'line': b'      |      \x1b[01;36m\x1b[K~~~~~~~~~~~~~~~~~~~~~~~~^~~~~~~~\x1b[m\x1b[K\n'}
[1.262088] (latency_test) StderrLine: {'line': b'In file included from \x1b[01m\x1b[K/home/testing/dev_ws/src/latency_test/src/talker.cpp:1\x1b[m\x1b[K:\n'}
[1.262197] (latency_test) StderrLine: {'line': b'\x1b[01m\x1b[K/home/testing/dev_ws/src/latency_test/include/talker.h:23:48:\x1b[m\x1b[K \x1b[01;31m\x1b[Kerror: \x1b[m\x1b[Kexpected unqualified-id before \xe2\x80\x98\x1b[01m\x1b[K>\x1b[m\x1b[K\xe2\x80\x99 token\n'}
[1.262314] (latency_test) StderrLine: {'line': b'   23 |         rclcpp::Publisher<std_msgs::msg::String\x1b[01;31m\x1b[K>>\x1b[m\x1b[K::SharedPtr talker_publisher_;\n'}
[1.262418] (latency_test) StderrLine: {'line': b'      |                                                \x1b[01;31m\x1b[K^~\x1b[m\x1b[K\n'}
[1.262523] (latency_test) StderrLine: {'line': b'\x1b[01m\x1b[K/home/testing/dev_ws/src/latency_test/include/talker.h:26:17:\x1b[m\x1b[K \x1b[01;31m\x1b[Kerror: \x1b[m\x1b[K\xe2\x80\x98\x1b[01m\x1b[KSubscriber\x1b[m\x1b[K\xe2\x80\x99 in namespace \xe2\x80\x98\x1b[01m\x1b[Krclcpp\x1b[m\x1b[K\xe2\x80\x99 does not name a template type\n'}
[1.262635] (latency_test) StderrLine: {'line': b'   26 |         rclcpp::\x1b[01;31m\x1b[KSubscriber\x1b[m\x1b[K<std_msgs::msg::String>>::SharedPtr talker_subscriber_;\n'}
[1.262769] (latency_test) StderrLine: {'line': b'      |                 \x1b[01;31m\x1b[K^~~~~~~~~~\x1b[m\x1b[K\n'}
[1.262882] (latency_test) StderrLine: {'line': b'\x1b[01m\x1b[K/home/testing/dev_ws/src/latency_test/include/talker.h:31:29:\x1b[m\x1b[K \x1b[01;31m\x1b[Kerror: \x1b[m\x1b[Kexpected \xe2\x80\x98\x1b[01m\x1b[K;\x1b[m\x1b[K\xe2\x80\x99 at end of member declaration\n'}
[1.262995] (latency_test) StderrLine: {'line': b'   31 |         void timer_callback(\x1b[01;31m\x1b[K)\x1b[m\x1b[K\n'}
[1.263086] (latency_test) StderrLine: {'line': b'      |                             \x1b[01;31m\x1b[K^\x1b[m\x1b[K\n'}
[1.263198] (latency_test) StderrLine: {'line': b'      |                              \x1b[32m\x1b[K;\x1b[m\x1b[K\n'}
[1.263300] (latency_test) StderrLine: {'line': b'\x1b[01m\x1b[K/home/testing/dev_ws/src/latency_test/include/talker.h:11:1:\x1b[m\x1b[K \x1b[01;31m\x1b[Kerror: \x1b[m\x1b[Knew types may not be defined in a return type\n'}
[1.263411] (latency_test) StderrLine: {'line': b'   11 | \x1b[01;31m\x1b[Kclass\x1b[m\x1b[K talker {\n'}
[1.263515] (latency_test) StderrLine: {'line': b'      | \x1b[01;31m\x1b[K^~~~~\x1b[m\x1b[K\n'}
[1.263640] (latency_test) StderrLine: {'line': b'\x1b[01m\x1b[K/home/testing/dev_ws/src/latency_test/include/talker.h:11:1:\x1b[m\x1b[K \x1b[01;36m\x1b[Knote: \x1b[m\x1b[K(perhaps a semicolon is missing after the definition of \xe2\x80\x98\x1b[01m\x1b[Ktalker\x1b[m\x1b[K\xe2\x80\x99)\n'}
[1.263741] (latency_test) StderrLine: {'line': b'\x1b[01m\x1b[K/home/testing/dev_ws/src/latency_test/include/talker.h:11:1:\x1b[m\x1b[K \x1b[01;31m\x1b[Kerror: \x1b[m\x1b[Kreturn type specification for constructor invalid\n'}
[1.263844] (latency_test) StderrLine: {'line': b'\x1b[01m\x1b[K/home/testing/dev_ws/src/latency_test/src/talker.cpp:\x1b[m\x1b[K In constructor \xe2\x80\x98\x1b[01m\x1b[Ktalker::talker(rclcpp::Node*)\x1b[m\x1b[K\xe2\x80\x99:\n'}
[1.263942] (latency_test) StderrLine: {'line': b'\x1b[01m\x1b[K/home/testing/dev_ws/src/latency_test/src/talker.cpp:3:40:\x1b[m\x1b[K \x1b[01;31m\x1b[Kerror: \x1b[m\x1b[Kclass \xe2\x80\x98\x1b[01m\x1b[Ktalker\x1b[m\x1b[K\xe2\x80\x99 does not have any field named \xe2\x80\x98\x1b[01m\x1b[Kparant\x1b[m\x1b[K\xe2\x80\x99\n'}
[1.264093] (latency_test) StderrLine: {'line': b'    3 | talker::talker(rclcpp::Node* parent) : \x1b[01;31m\x1b[Kparant\x1b[m\x1b[K(parent) {\n'}
[1.264196] (latency_test) StderrLine: {'line': b'      |                                        \x1b[01;31m\x1b[K^~~~~~\x1b[m\x1b[K\n'}
[1.264370] (latency_test) StderrLine: {'line': b'\x1b[01m\x1b[K/home/testing/dev_ws/src/latency_test/src/talker.cpp:8:11:\x1b[m\x1b[K \x1b[01;31m\x1b[Kerror: \x1b[m\x1b[K\xe2\x80\x98\x1b[01m\x1b[Kclass talker\x1b[m\x1b[K\xe2\x80\x99 has no member named \xe2\x80\x98\x1b[01m\x1b[Ktalker_subscriber_\x1b[m\x1b[K\xe2\x80\x99\n'}
[1.264479] (latency_test) StderrLine: {'line': b'    8 |     this->\x1b[01;31m\x1b[Ktalker_subscriber_\x1b[m\x1b[K = parent->create_subscription<std_msgs::msg::String>\n'}
[1.264583] (latency_test) StderrLine: {'line': b'      |           \x1b[01;31m\x1b[K^~~~~~~~~~~~~~~~~~\x1b[m\x1b[K\n'}
[1.264689] (latency_test) StderrLine: {'line': b'\x1b[01m\x1b[K/home/testing/dev_ws/src/latency_test/src/talker.cpp:9:9:\x1b[m\x1b[K \x1b[01;31m\x1b[Kerror: \x1b[m\x1b[Kno matching function for call to \xe2\x80\x98\x1b[01m\x1b[Krclcpp::Node::create_subscription<std_msgs::msg::String>(const char [11])\x1b[m\x1b[K\xe2\x80\x99\n'}
[1.264792] (latency_test) StderrLine: {'line': b'    8 |     this->talker_subscriber_ = \x1b[01;31m\x1b[Kparent->create_subscription<std_msgs::msg::String>\x1b[m\x1b[K\n'}
[1.264915] (latency_test) StderrLine: {'line': b'      |                                \x1b[01;31m\x1b[K~~~~~~~~~~~~~~~~~~~~~~~~~~~~~~~~~~~~~~~~~~~~~~~~~~\x1b[m\x1b[K\n'}
[1.265017] (latency_test) StderrLine: {'line': b'    9 | \x1b[01;31m\x1b[K        ("PI_TO_COMP")\x1b[m\x1b[K, 10, std::bind(&talker::get_response_time, this, this->send_time);\n'}
[1.265120] (latency_test) StderrLine: {'line': b'      |         \x1b[01;31m\x1b[K^~~~~~~~~~~~~~\x1b[m\x1b[K\n'}
[1.265220] (latency_test) StderrLine: {'line': b'In file included from \x1b[01m\x1b[K/opt/ros/humble/include/rclcpp/rclcpp/executors/single_threaded_executor.hpp:28\x1b[m\x1b[K,\n'}
[1.265324] (latency_test) StderrLine: {'line': b'                 from \x1b[01m\x1b[K/opt/ros/humble/include/rclcpp/rclcpp/executors.hpp:22\x1b[m\x1b[K,\n'}
[1.265422] (latency_test) StderrLine: {'line': b'                 from \x1b[01m\x1b[K/opt/ros/humble/include/rclcpp/rclcpp/rclcpp.hpp:155\x1b[m\x1b[K,\n'}
[1.265554] (latency_test) StderrLine: {'line': b'                 from \x1b[01m\x1b[K/home/testing/dev_ws/src/latency_test/include/talker.h:5\x1b[m\x1b[K,\n'}
[1.265630] (latency_test) StderrLine: {'line': b'                 from \x1b[01m\x1b[K/home/testing/dev_ws/src/latency_test/src/talker.cpp:1\x1b[m\x1b[K:\n'}
[1.265705] (latency_test) StderrLine: {'line': b'\x1b[01m\x1b[K/opt/ros/humble/include/rclcpp/rclcpp/node.hpp:219:3:\x1b[m\x1b[K \x1b[01;36m\x1b[Knote: \x1b[m\x1b[Kcandidate: \xe2\x80\x98\x1b[01m\x1b[Ktemplate<class MessageT, class CallbackT, class AllocatorT, class SubscriptionT, class MessageMemoryStrategyT> std::shared_ptr<ROSMessageT> rclcpp::Node::create_subscription(const string&, const rclcpp::QoS&, CallbackT&&, const rclcpp::SubscriptionOptionsWithAllocator<AllocatorT>&, typename MessageMemoryStrategyT::SharedPtr)\x1b[m\x1b[K\xe2\x80\x99\n'}
[1.265782] (latency_test) StderrLine: {'line': b'  219 |   \x1b[01;36m\x1b[Kcreate_subscription\x1b[m\x1b[K(\n'}
[1.265857] (latency_test) StderrLine: {'line': b'      |   \x1b[01;36m\x1b[K^~~~~~~~~~~~~~~~~~~\x1b[m\x1b[K\n'}
[1.266959] (latency_test) StderrLine: {'line': b'\x1b[01m\x1b[K/opt/ros/humble/include/rclcpp/rclcpp/node.hpp:219:3:\x1b[m\x1b[K \x1b[01;36m\x1b[Knote: \x1b[m\x1b[K  template argument deduction/substitution failed:\n'}
[1.268313] (latency_test) StderrLine: {'line': b'\x1b[01m\x1b[K/home/testing/dev_ws/src/latency_test/src/talker.cpp:9:9:\x1b[m\x1b[K \x1b[01;36m\x1b[Knote: \x1b[m\x1b[K  candidate expects 5 arguments, 1 provided\n'}
[1.268410] (latency_test) StderrLine: {'line': b'    8 |     this->talker_subscriber_ = \x1b[01;36m\x1b[Kparent->create_subscription<std_msgs::msg::String>\x1b[m\x1b[K\n'}
[1.269404] (latency_test) StderrLine: {'line': b'      |                                \x1b[01;36m\x1b[K~~~~~~~~~~~~~~~~~~~~~~~~~~~~~~~~~~~~~~~~~~~~~~~~~~\x1b[m\x1b[K\n'}
[1.272383] (latency_test) StderrLine: {'line': b'    9 | \x1b[01;36m\x1b[K        ("PI_TO_COMP")\x1b[m\x1b[K, 10, std::bind(&talker::get_response_time, this, this->send_time);\n'}
[1.272500] (latency_test) StderrLine: {'line': b'      |         \x1b[01;36m\x1b[K^~~~~~~~~~~~~~\x1b[m\x1b[K\n'}
[1.272617] (latency_test) StderrLine: {'line': b'In file included from \x1b[01m\x1b[K/usr/include/c++/11/pstl/glue_algorithm_defs.h:13\x1b[m\x1b[K,\n'}
[1.272699] (latency_test) StderrLine: {'line': b'                 from \x1b[01m\x1b[K/usr/include/c++/11/algorithm:74\x1b[m\x1b[K,\n'}
[1.272780] (latency_test) StderrLine: {'line': b'                 from \x1b[01m\x1b[K/opt/ros/humble/include/rclcpp/rclcpp/executor.hpp:18\x1b[m\x1b[K,\n'}
[1.272867] (latency_test) StderrLine: {'line': b'                 from \x1b[01m\x1b[K/opt/ros/humble/include/rclcpp/rclcpp/executors/multi_threaded_executor.hpp:25\x1b[m\x1b[K,\n'}
[1.272948] (latency_test) StderrLine: {'line': b'                 from \x1b[01m\x1b[K/opt/ros/humble/include/rclcpp/rclcpp/executors.hpp:21\x1b[m\x1b[K,\n'}
[1.273026] (latency_test) StderrLine: {'line': b'                 from \x1b[01m\x1b[K/opt/ros/humble/include/rclcpp/rclcpp/rclcpp.hpp:155\x1b[m\x1b[K,\n'}
[1.273105] (latency_test) StderrLine: {'line': b'                 from \x1b[01m\x1b[K/home/testing/dev_ws/src/latency_test/include/talker.h:5\x1b[m\x1b[K,\n'}
[1.273184] (latency_test) StderrLine: {'line': b'                 from \x1b[01m\x1b[K/home/testing/dev_ws/src/latency_test/src/talker.cpp:1\x1b[m\x1b[K:\n'}
[1.273262] (latency_test) StderrLine: {'line': b'/usr/include/c++/11/functional: In instantiation of \xe2\x80\x98\x1b[01m\x1b[Kstruct std::_Bind_check_arity<void (talker::*)(), talker*, double&>\x1b[m\x1b[K\xe2\x80\x99:\n'}
[1.273339] (latency_test) StderrLine: {'line': b'\x1b[01m\x1b[K/usr/include/c++/11/functional:768:12:\x1b[m\x1b[K   required from \xe2\x80\x98\x1b[01m\x1b[Kstruct std::_Bind_helper<false, void (talker::*)(), talker*, double&>\x1b[m\x1b[K\xe2\x80\x99\n'}
[1.273448] (latency_test) StderrLine: {'line': b'\x1b[01m\x1b[K/usr/include/c++/11/functional:789:5:\x1b[m\x1b[K   required by substitution of \xe2\x80\x98\x1b[01m\x1b[Ktemplate<class _Func, class ... _BoundArgs> typename std::_Bind_helper<std::__is_socketlike<_Func>::value, _Func, _BoundArgs ...>::type std::bind(_Func&&, _BoundArgs&& ...) [with _Func = void (talker::*)(); _BoundArgs = {talker*, double&}]\x1b[m\x1b[K\xe2\x80\x99\n'}
[1.273529] (latency_test) StderrLine: {'line': b'\x1b[01m\x1b[K/home/testing/dev_ws/src/latency_test/src/talker.cpp:9:38:\x1b[m\x1b[K   required from here\n'}
[1.273606] (latency_test) StderrLine: {'line': b'\x1b[01m\x1b[K/usr/include/c++/11/functional:756:21:\x1b[m\x1b[K \x1b[01;31m\x1b[Kerror: \x1b[m\x1b[Kstatic assertion failed: Wrong number of arguments for pointer-to-member\n'}
[1.273683] (latency_test) StderrLine: {'line': b'  755 |       static_assert(_Varargs::\x1b[01;31m\x1b[Kvalue\x1b[m\x1b[K\n'}
[1.273759] (latency_test) StderrLine: {'line': b'      |                               \x1b[01;31m\x1b[K~~~~~\x1b[m\x1b[K\n'}
[1.273836] (latency_test) StderrLine: {'line': b'  756 | \x1b[01;31m\x1b[K                    ? sizeof...(_BoundArgs) >= _Arity::value + 1\x1b[m\x1b[K\n'}
[1.273913] (latency_test) StderrLine: {'line': b'      |                     \x1b[01;31m\x1b[K^~~~~~~~~~~~~~~~~~~~~~~~~~~~~~~~~~~~~~~~~~~~\x1b[m\x1b[K\n'}
[1.273989] (latency_test) StderrLine: {'line': b'  757 | \x1b[01;31m\x1b[K                    : sizeof...(_BoundArgs) == _Arity::value + 1\x1b[m\x1b[K,\n'}
[1.274066] (latency_test) StderrLine: {'line': b'      |                     \x1b[01;31m\x1b[K~~~~~~~~~~~~~~~~~~~~~~~~~~~~~~~~~~~~~~~~~~~~\x1b[m\x1b[K\n'}
[1.274162] (latency_test) StderrLine: {'line': b'\x1b[01m\x1b[K/usr/include/c++/11/functional:756:21:\x1b[m\x1b[K \x1b[01;36m\x1b[Knote: \x1b[m\x1b[K\xe2\x80\x98\x1b[01m\x1b[K(false ? (2 >= (((long unsigned int)std::integral_constant<long unsigned int, 0>::value) + 1)) : (2 == (((long unsigned int)std::integral_constant<long unsigned int, 0>::value) + 1)))\x1b[m\x1b[K\xe2\x80\x99 evaluates to false\n'}
[1.274259] (latency_test) StderrLine: {'line': b'\x1b[01m\x1b[K/home/testing/dev_ws/src/latency_test/src/talker.cpp:12:11:\x1b[m\x1b[K \x1b[01;31m\x1b[Kerror: \x1b[m\x1b[K\xe2\x80\x98\x1b[01m\x1b[Kclass talker\x1b[m\x1b[K\xe2\x80\x99 has no member named \xe2\x80\x98\x1b[01m\x1b[Ktalker_publiher_\x1b[m\x1b[K\xe2\x80\x99\n'}
[1.277445] (latency_test) StderrLine: {'line': b'   12 |     this->\x1b[01;31m\x1b[Ktalker_publiher_\x1b[m\x1b[K = parent->create_subscription<std_msgs::msg::String>("COMP_TO_PI", 10);\n'}
[1.277558] (latency_test) StderrLine: {'line': b'      |           \x1b[01;31m\x1b[K^~~~~~~~~~~~~~~~\x1b[m\x1b[K\n'}
[1.277664] (latency_test) StderrLine: {'line': b'\x1b[01m\x1b[K/home/testing/dev_ws/src/latency_test/src/talker.cpp:12:80:\x1b[m\x1b[K \x1b[01;31m\x1b[Kerror: \x1b[m\x1b[Kno matching function for call to \xe2\x80\x98\x1b[01m\x1b[Krclcpp::Node::create_subscription<std_msgs::msg::String>(const char [11], int)\x1b[m\x1b[K\xe2\x80\x99\n'}
[1.277768] (latency_test) StderrLine: {'line': b'   12 |     this->talker_publiher_ = \x1b[01;31m\x1b[Kparent->create_subscription<std_msgs::msg::String>("COMP_TO_PI", 10)\x1b[m\x1b[K;\n'}
[1.277878] (latency_test) StderrLine: {'line': b'      |                              \x1b[01;31m\x1b[K~~~~~~~~~~~~~~~~~~~~~~~~~~~~~~~~~~~~~~~~~~~~~~~~~~^~~~~~~~~~~~~~~~~~\x1b[m\x1b[K\n'}
[1.278433] (latency_test) StderrLine: {'line': b'In file included from \x1b[01m\x1b[K/opt/ros/humble/include/rclcpp/rclcpp/executors/single_threaded_executor.hpp:28\x1b[m\x1b[K,\n'}
[1.278537] (latency_test) StderrLine: {'line': b'                 from \x1b[01m\x1b[K/opt/ros/humble/include/rclcpp/rclcpp/executors.hpp:22\x1b[m\x1b[K,\n'}
[1.278644] (latency_test) StderrLine: {'line': b'                 from \x1b[01m\x1b[K/opt/ros/humble/include/rclcpp/rclcpp/rclcpp.hpp:155\x1b[m\x1b[K,\n'}
[1.278749] (latency_test) StderrLine: {'line': b'                 from \x1b[01m\x1b[K/home/testing/dev_ws/src/latency_test/include/talker.h:5\x1b[m\x1b[K,\n'}
[1.278854] (latency_test) StderrLine: {'line': b'                 from \x1b[01m\x1b[K/home/testing/dev_ws/src/latency_test/src/talker.cpp:1\x1b[m\x1b[K:\n'}
[1.278971] (latency_test) StderrLine: {'line': b'\x1b[01m\x1b[K/opt/ros/humble/include/rclcpp/rclcpp/node.hpp:219:3:\x1b[m\x1b[K \x1b[01;36m\x1b[Knote: \x1b[m\x1b[Kcandidate: \xe2\x80\x98\x1b[01m\x1b[Ktemplate<class MessageT, class CallbackT, class AllocatorT, class SubscriptionT, class MessageMemoryStrategyT> std::shared_ptr<ROSMessageT> rclcpp::Node::create_subscription(const string&, const rclcpp::QoS&, CallbackT&&, const rclcpp::SubscriptionOptionsWithAllocator<AllocatorT>&, typename MessageMemoryStrategyT::SharedPtr)\x1b[m\x1b[K\xe2\x80\x99\n'}
[1.279112] (latency_test) StderrLine: {'line': b'  219 |   \x1b[01;36m\x1b[Kcreate_subscription\x1b[m\x1b[K(\n'}
[1.279219] (latency_test) StderrLine: {'line': b'      |   \x1b[01;36m\x1b[K^~~~~~~~~~~~~~~~~~~\x1b[m\x1b[K\n'}
[1.279325] (latency_test) StderrLine: {'line': b'\x1b[01m\x1b[K/opt/ros/humble/include/rclcpp/rclcpp/node.hpp:219:3:\x1b[m\x1b[K \x1b[01;36m\x1b[Knote: \x1b[m\x1b[K  template argument deduction/substitution failed:\n'}
[1.279438] (latency_test) StderrLine: {'line': b'\x1b[01m\x1b[K/home/testing/dev_ws/src/latency_test/src/talker.cpp:12:80:\x1b[m\x1b[K \x1b[01;36m\x1b[Knote: \x1b[m\x1b[K  candidate expects 5 arguments, 2 provided\n'}
[1.279543] (latency_test) StderrLine: {'line': b'   12 |     this->talker_publiher_ = \x1b[01;36m\x1b[Kparent->create_subscription<std_msgs::msg::String>("COMP_TO_PI", 10)\x1b[m\x1b[K;\n'}
[1.279649] (latency_test) StderrLine: {'line': b'      |                              \x1b[01;36m\x1b[K~~~~~~~~~~~~~~~~~~~~~~~~~~~~~~~~~~~~~~~~~~~~~~~~~~^~~~~~~~~~~~~~~~~~\x1b[m\x1b[K\n'}
[1.279780] (latency_test) StderrLine: {'line': b'\x1b[01m\x1b[K/home/testing/dev_ws/src/latency_test/src/talker.cpp:13:26:\x1b[m\x1b[K \x1b[01;31m\x1b[Kerror: \x1b[m\x1b[K\xe2\x80\x98\x1b[01m\x1b[Kclass talker\x1b[m\x1b[K\xe2\x80\x99 has no member named \xe2\x80\x98\x1b[01m\x1b[Kcreate_wall_timer\x1b[m\x1b[K\xe2\x80\x99\n'}
[1.279911] (latency_test) StderrLine: {'line': b'   13 |     this->timer_ = this->\x1b[01;31m\x1b[Kcreate_wall_timer\x1b[m\x1b[K(\n'}
[1.280033] (latency_test) StderrLine: {'line': b'      |                          \x1b[01;31m\x1b[K^~~~~~~~~~~~~~~~~\x1b[m\x1b[K\n'}
[1.280139] (latency_test) StderrLine: {'line': b'\x1b[01m\x1b[K/home/testing/dev_ws/src/latency_test/src/talker.cpp:14:9:\x1b[m\x1b[K \x1b[01;31m\x1b[Kerror: \x1b[m\x1b[Kunable to find numeric literal operator \xe2\x80\x98\x1b[01m\x1b[Koperator""ms\x1b[m\x1b[K\xe2\x80\x99\n'}
[1.280244] (latency_test) StderrLine: {'line': b'   14 |         \x1b[01;31m\x1b[K500ms\x1b[m\x1b[K, std::bind(&talker::timer_callback, this));\n'}
[1.280346] (latency_test) StderrLine: {'line': b'      |         \x1b[01;31m\x1b[K^~~~~\x1b[m\x1b[K\n'}
[1.280451] (latency_test) StderrLine: {'line': b'\x1b[01m\x1b[K/home/testing/dev_ws/src/latency_test/src/talker.cpp:\x1b[m\x1b[K At global scope:\n'}
[1.280551] (latency_test) StderrLine: {'line': b'\x1b[01m\x1b[K/home/testing/dev_ws/src/latency_test/src/talker.cpp:19:1:\x1b[m\x1b[K \x1b[01;31m\x1b[Kerror: \x1b[m\x1b[KISO C++ forbids declaration of \xe2\x80\x98\x1b[01m\x1b[Kget_response_time\x1b[m\x1b[K\xe2\x80\x99 with no type [\x1b[01;31m\x1b[K-fpermissive\x1b[m\x1b[K]\n'}
[1.280659] (latency_test) StderrLine: {'line': b'   19 | \x1b[01;31m\x1b[Ktalker\x1b[m\x1b[K::get_response_time() {\n'}
[1.280759] (latency_test) StderrLine: {'line': b'      | \x1b[01;31m\x1b[K^~~~~~\x1b[m\x1b[K\n'}
[1.280865] (latency_test) StderrLine: {'line': b'\x1b[01m\x1b[K/home/testing/dev_ws/src/latency_test/src/talker.cpp:19:1:\x1b[m\x1b[K \x1b[01;31m\x1b[Kerror: \x1b[m\x1b[Kno declaration matches \xe2\x80\x98\x1b[01m\x1b[Kint talker::get_response_time()\x1b[m\x1b[K\xe2\x80\x99\n'}
[1.280965] (latency_test) StderrLine: {'line': b'In file included from \x1b[01m\x1b[K/home/testing/dev_ws/src/latency_test/src/talker.cpp:1\x1b[m\x1b[K:\n'}
[1.281070] (latency_test) StderrLine: {'line': b'\x1b[01m\x1b[K/home/testing/dev_ws/src/latency_test/include/talker.h:30:14:\x1b[m\x1b[K \x1b[01;36m\x1b[Knote: \x1b[m\x1b[Kcandidate is: \xe2\x80\x98\x1b[01m\x1b[Kvoid talker::get_response_time()\x1b[m\x1b[K\xe2\x80\x99\n'}
[1.281198] (latency_test) StderrLine: {'line': b'   30 |         void \x1b[01;36m\x1b[Kget_response_time\x1b[m\x1b[K();\n'}
[1.281306] (latency_test) StderrLine: {'line': b'      |              \x1b[01;36m\x1b[K^~~~~~~~~~~~~~~~~\x1b[m\x1b[K\n'}
[1.281422] (latency_test) StderrLine: {'line': b'\x1b[01m\x1b[K/home/testing/dev_ws/src/latency_test/include/talker.h:11:7:\x1b[m\x1b[K \x1b[01;36m\x1b[Knote: \x1b[m\x1b[K\xe2\x80\x98\x1b[01m\x1b[Kclass talker\x1b[m\x1b[K\xe2\x80\x99 defined here\n'}
[1.281530] (latency_test) StderrLine: {'line': b'   11 | class \x1b[01;36m\x1b[Ktalker\x1b[m\x1b[K {\n'}
[1.281635] (latency_test) StderrLine: {'line': b'      |       \x1b[01;36m\x1b[K^~~~~~\x1b[m\x1b[K\n'}
[1.281751] (latency_test) StderrLine: {'line': b'\x1b[01m\x1b[K/home/testing/dev_ws/src/latency_test/src/talker.cpp:26:1:\x1b[m\x1b[K \x1b[01;31m\x1b[Kerror: \x1b[m\x1b[KISO C++ forbids declaration of \xe2\x80\x98\x1b[01m\x1b[Ktimer_callback\x1b[m\x1b[K\xe2\x80\x99 with no type [\x1b[01;31m\x1b[K-fpermissive\x1b[m\x1b[K]\n'}
[1.281867] (latency_test) StderrLine: {'line': b'   26 | \x1b[01;31m\x1b[Ktalker\x1b[m\x1b[K::timer_callback() {\n'}
[1.281980] (latency_test) StderrLine: {'line': b'      | \x1b[01;31m\x1b[K^~~~~~\x1b[m\x1b[K\n'}
[1.282096] (latency_test) StderrLine: {'line': b'\x1b[01m\x1b[K/home/testing/dev_ws/src/latency_test/src/talker.cpp:26:1:\x1b[m\x1b[K \x1b[01;31m\x1b[Kerror: \x1b[m\x1b[Kno declaration matches \xe2\x80\x98\x1b[01m\x1b[Kint talker::timer_callback()\x1b[m\x1b[K\xe2\x80\x99\n'}
[1.282203] (latency_test) StderrLine: {'line': b'In file included from \x1b[01m\x1b[K/home/testing/dev_ws/src/latency_test/src/talker.cpp:1\x1b[m\x1b[K:\n'}
[1.282310] (latency_test) StderrLine: {'line': b'\x1b[01m\x1b[K/home/testing/dev_ws/src/latency_test/include/talker.h:31:14:\x1b[m\x1b[K \x1b[01;36m\x1b[Knote: \x1b[m\x1b[Kcandidate is: \xe2\x80\x98\x1b[01m\x1b[Kvoid talker::timer_callback()\x1b[m\x1b[K\xe2\x80\x99\n'}
[1.282449] (latency_test) StderrLine: {'line': b'   31 |         void \x1b[01;36m\x1b[Ktimer_callback\x1b[m\x1b[K()\n'}
[1.282554] (latency_test) StderrLine: {'line': b'      |              \x1b[01;36m\x1b[K^~~~~~~~~~~~~~\x1b[m\x1b[K\n'}
[1.283432] (latency_test) StderrLine: {'line': b'\x1b[01m\x1b[K/home/testing/dev_ws/src/latency_test/include/talker.h:11:7:\x1b[m\x1b[K \x1b[01;36m\x1b[Knote: \x1b[m\x1b[K\xe2\x80\x98\x1b[01m\x1b[Kclass talker\x1b[m\x1b[K\xe2\x80\x99 defined here\n'}
[1.283542] (latency_test) StderrLine: {'line': b'   11 | class \x1b[01;36m\x1b[Ktalker\x1b[m\x1b[K {\n'}
[1.283642] (latency_test) StderrLine: {'line': b'      |       \x1b[01;36m\x1b[K^~~~~~\x1b[m\x1b[K\n'}
[1.317404] (-) TimerEvent: {}
[1.408824] (latency_test) StderrLine: {'line': b'In file included from \x1b[01m\x1b[K/usr/include/aarch64-linux-gnu/c++/11/bits/c++allocator.h:33\x1b[m\x1b[K,\n'}
[1.409065] (latency_test) StderrLine: {'line': b'                 from \x1b[01m\x1b[K/usr/include/c++/11/bits/allocator.h:46\x1b[m\x1b[K,\n'}
[1.409199] (latency_test) StderrLine: {'line': b'                 from \x1b[01m\x1b[K/usr/include/c++/11/memory:64\x1b[m\x1b[K,\n'}
[1.409314] (latency_test) StderrLine: {'line': b'                 from \x1b[01m\x1b[K/opt/ros/humble/include/rclcpp/rclcpp/rclcpp.hpp:153\x1b[m\x1b[K,\n'}
[1.409423] (latency_test) StderrLine: {'line': b'                 from \x1b[01m\x1b[K/home/testing/dev_ws/src/latency_test/src/latency_test_main.cpp:1\x1b[m\x1b[K:\n'}
[1.409548] (latency_test) StderrLine: {'line': b'/usr/include/c++/11/ext/new_allocator.h: In instantiation of \xe2\x80\x98\x1b[01m\x1b[Kvoid __gnu_cxx::new_allocator<_Tp>::construct(_Up*, _Args&& ...) [with _Up = talker; _Args = {}; _Tp = talker]\x1b[m\x1b[K\xe2\x80\x99:\n'}
[1.410380] (latency_test) StderrLine: {'line': b'\x1b[01m\x1b[K/usr/include/c++/11/bits/alloc_traits.h:516:17:\x1b[m\x1b[K   required from \xe2\x80\x98\x1b[01m\x1b[Kstatic void std::allocator_traits<std::allocator<_Tp1> >::construct(std::allocator_traits<std::allocator<_Tp1> >::allocator_type&, _Up*, _Args&& ...) [with _Up = talker; _Args = {}; _Tp = talker; std::allocator_traits<std::allocator<_Tp1> >::allocator_type = std::allocator<talker>]\x1b[m\x1b[K\xe2\x80\x99\n'}
[1.410545] (latency_test) StderrLine: {'line': b'\x1b[01m\x1b[K/usr/include/c++/11/bits/shared_ptr_base.h:519:39:\x1b[m\x1b[K   required from \xe2\x80\x98\x1b[01m\x1b[Kstd::_Sp_counted_ptr_inplace<_Tp, _Alloc, _Lp>::_Sp_counted_ptr_inplace(_Alloc, _Args&& ...) [with _Args = {}; _Tp = talker; _Alloc = std::allocator<talker>; __gnu_cxx::_Lock_policy _Lp = __gnu_cxx::_S_atomic]\x1b[m\x1b[K\xe2\x80\x99\n'}
[1.410659] (latency_test) StderrLine: {'line': b'\x1b[01m\x1b[K/usr/include/c++/11/bits/shared_ptr_base.h:650:16:\x1b[m\x1b[K   required from \xe2\x80\x98\x1b[01m\x1b[Kstd::__shared_count<_Lp>::__shared_count(_Tp*&, std::_Sp_alloc_shared_tag<_Alloc>, _Args&& ...) [with _Tp = talker; _Alloc = std::allocator<talker>; _Args = {}; __gnu_cxx::_Lock_policy _Lp = __gnu_cxx::_S_atomic]\x1b[m\x1b[K\xe2\x80\x99\n'}
[1.410767] (latency_test) StderrLine: {'line': b'\x1b[01m\x1b[K/usr/include/c++/11/bits/shared_ptr_base.h:1342:14:\x1b[m\x1b[K   required from \xe2\x80\x98\x1b[01m\x1b[Kstd::__shared_ptr<_Tp, _Lp>::__shared_ptr(std::_Sp_alloc_shared_tag<_Tp>, _Args&& ...) [with _Alloc = std::allocator<talker>; _Args = {}; _Tp = talker; __gnu_cxx::_Lock_policy _Lp = __gnu_cxx::_S_atomic]\x1b[m\x1b[K\xe2\x80\x99\n'}
[1.410874] (latency_test) StderrLine: {'line': b'\x1b[01m\x1b[K/usr/include/c++/11/bits/shared_ptr.h:409:59:\x1b[m\x1b[K   required from \xe2\x80\x98\x1b[01m\x1b[Kstd::shared_ptr<_Tp>::shared_ptr(std::_Sp_alloc_shared_tag<_Tp>, _Args&& ...) [with _Alloc = std::allocator<talker>; _Args = {}; _Tp = talker]\x1b[m\x1b[K\xe2\x80\x99\n'}
[1.410989] (latency_test) StderrLine: {'line': b'\x1b[01m\x1b[K/usr/include/c++/11/bits/shared_ptr.h:862:14:\x1b[m\x1b[K   required from \xe2\x80\x98\x1b[01m\x1b[Kstd::shared_ptr<_Tp> std::allocate_shared(const _Alloc&, _Args&& ...) [with _Tp = talker; _Alloc = std::allocator<talker>; _Args = {}]\x1b[m\x1b[K\xe2\x80\x99\n'}
[1.411124] (latency_test) StderrLine: {'line': b'\x1b[01m\x1b[K/usr/include/c++/11/bits/shared_ptr.h:878:39:\x1b[m\x1b[K   required from \xe2\x80\x98\x1b[01m\x1b[Kstd::shared_ptr<_Tp> std::make_shared(_Args&& ...) [with _Tp = talker; _Args = {}]\x1b[m\x1b[K\xe2\x80\x99\n'}
[1.411229] (latency_test) StderrLine: {'line': b'\x1b[01m\x1b[K/home/testing/dev_ws/src/latency_test/src/latency_test_main.cpp:9:40:\x1b[m\x1b[K   required from here\n'}
[1.411380] (latency_test) StderrLine: {'line': b'\x1b[01m\x1b[K/usr/include/c++/11/ext/new_allocator.h:162:11:\x1b[m\x1b[K \x1b[01;31m\x1b[Kerror: \x1b[m\x1b[Kno matching function for call to \xe2\x80\x98\x1b[01m\x1b[Ktalker::talker()\x1b[m\x1b[K\xe2\x80\x99\n'}
[1.411487] (latency_test) StderrLine: {'line': b'  162 |         { \x1b[01;31m\x1b[K::new((void *)__p) _Up(std::forward<_Args>(__args)...)\x1b[m\x1b[K; }\n'}
[1.411588] (latency_test) StderrLine: {'line': b'      |           \x1b[01;31m\x1b[K^~~~~~~~~~~~~~~~~~~~~~~~~~~~~~~~~~~~~~~~~~~~~~~~~~~~~~\x1b[m\x1b[K\n'}
[1.411695] (latency_test) StderrLine: {'line': b'In file included from \x1b[01m\x1b[K/home/testing/dev_ws/src/latency_test/src/latency_test_main.cpp:2\x1b[m\x1b[K:\n'}
[1.411807] (latency_test) StderrLine: {'line': b'\x1b[01m\x1b[K/home/testing/dev_ws/src/latency_test/include/talker.h:14:9:\x1b[m\x1b[K \x1b[01;36m\x1b[Knote: \x1b[m\x1b[Kcandidate: \xe2\x80\x98\x1b[01m\x1b[Ktalker::talker(rclcpp::Node*)\x1b[m\x1b[K\xe2\x80\x99\n'}
[1.411922] (latency_test) StderrLine: {'line': b'   14 |         \x1b[01;36m\x1b[Ktalker\x1b[m\x1b[K(rclcpp::Node *parent);\n'}
[1.414483] (latency_test) StderrLine: {'line': b'      |         \x1b[01;36m\x1b[K^~~~~~\x1b[m\x1b[K\n'}
[1.414598] (latency_test) StderrLine: {'line': b'\x1b[01m\x1b[K/home/testing/dev_ws/src/latency_test/include/talker.h:14:9:\x1b[m\x1b[K \x1b[01;36m\x1b[Knote: \x1b[m\x1b[K  candidate expects 1 argument, 0 provided\n'}
[1.414708] (latency_test) StderrLine: {'line': b'\x1b[01m\x1b[K/home/testing/dev_ws/src/latency_test/include/talker.h:11:7:\x1b[m\x1b[K \x1b[01;36m\x1b[Knote: \x1b[m\x1b[Kcandidate: \xe2\x80\x98\x1b[01m\x1b[Ktalker::talker(const talker&)\x1b[m\x1b[K\xe2\x80\x99\n'}
[1.414814] (latency_test) StderrLine: {'line': b'   11 | class \x1b[01;36m\x1b[Ktalker\x1b[m\x1b[K {\n'}
[1.414918] (latency_test) StderrLine: {'line': b'      |       \x1b[01;36m\x1b[K^~~~~~\x1b[m\x1b[K\n'}
[1.415022] (latency_test) StderrLine: {'line': b'\x1b[01m\x1b[K/home/testing/dev_ws/src/latency_test/include/talker.h:11:7:\x1b[m\x1b[K \x1b[01;36m\x1b[Knote: \x1b[m\x1b[K  candidate expects 1 argument, 0 provided\n'}
[1.415121] (latency_test) StderrLine: {'line': b'\x1b[01m\x1b[K/home/testing/dev_ws/src/latency_test/include/talker.h:11:7:\x1b[m\x1b[K \x1b[01;36m\x1b[Knote: \x1b[m\x1b[Kcandidate: \xe2\x80\x98\x1b[01m\x1b[Ktalker::talker(talker&&)\x1b[m\x1b[K\xe2\x80\x99\n'}
[1.415244] (latency_test) StderrLine: {'line': b'\x1b[01m\x1b[K/home/testing/dev_ws/src/latency_test/include/talker.h:11:7:\x1b[m\x1b[K \x1b[01;36m\x1b[Knote: \x1b[m\x1b[K  candidate expects 1 argument, 0 provided\n'}
[1.418374] (-) TimerEvent: {}
[1.428108] (latency_test) StderrLine: {'line': b'gmake[2]: *** [CMakeFiles/latency_test.dir/build.make:76: CMakeFiles/latency_test.dir/src/talker.cpp.o] Error 1\n'}
[1.429515] (latency_test) StderrLine: {'line': b'gmake[2]: *** Waiting for unfinished jobs....\n'}
[1.440908] (latency_test) StderrLine: {'line': b'gmake[2]: *** [CMakeFiles/latency_test.dir/build.make:90: CMakeFiles/latency_test.dir/src/latency_test_main.cpp.o] Error 1\n'}
[1.441585] (latency_test) StderrLine: {'line': b'gmake[1]: *** [CMakeFiles/Makefile2:137: CMakeFiles/latency_test.dir/all] Error 2\n'}
[1.441955] (latency_test) StderrLine: {'line': b'gmake: *** [Makefile:146: all] Error 2\n'}
[1.442316] (latency_test) CommandEnded: {'returncode': 2}
[1.448479] (latency_test) JobEnded: {'identifier': 'latency_test', 'rc': 2}
[1.459902] (-) EventReactorShutdown: {}
