[01m[K/home/testing/dev_ws/src/latency_test/src/talker.cpp:[m[K In member function â€˜[01m[Kvoid talker::get_response_time(std_msgs::msg::String_<std::allocator<void> >::SharedPtr)[m[Kâ€™:
[01m[K/home/testing/dev_ws/src/latency_test/src/talker.cpp:18:71:[m[K [01;35m[Kwarning: [m[Kunused parameter â€˜[01m[Kmsg[m[Kâ€™ [[01;35m[K-Wunused-parameter[m[K]
   18 | void talker::get_response_time([01;35m[Kconst std_msgs::msg::String::SharedPtr msg[m[K) {
      |                                [01;35m[K~~~~~~~~~~~~~~~~~~~~~~~~~~~~~~~~~~~~~~~^~~[m[K
[01m[K/home/testing/dev_ws/src/latency_test/src/talker.cpp:[m[K In member function â€˜[01m[Kvoid talker::timer_callback()[m[Kâ€™:
[01m[K/home/testing/dev_ws/src/latency_test/src/talker.cpp:32:5:[m[K [01;31m[Kerror: [m[Kâ€˜[01m[Ktalker_publisher_[m[Kâ€™ was not declared in this scope; did you mean â€˜[01m[Ktalker_subscriber_[m[Kâ€™?
   32 |     [01;31m[Ktalker_publisher_[m[K->publish(message);
      |     [01;31m[K^~~~~~~~~~~~~~~~~[m[K
      |     [32m[Ktalker_subscriber_[m[K
gmake[2]: *** [CMakeFiles/latency_test.dir/build.make:76: CMakeFiles/latency_test.dir/src/talker.cpp.o] Error 1
gmake[1]: *** [CMakeFiles/Makefile2:137: CMakeFiles/latency_test.dir/all] Error 2
gmake: *** [Makefile:146: all] Error 2
