[0.005s] Invoking command in '/home/testing/dev_ws/src/build/latency_test': CMAKE_PREFIX_PATH=/opt/ros/humble /usr/bin/cmake --build /home/testing/dev_ws/src/build/latency_test -- -j8 -l8
[0.023s] [35m[1mConsolidate compiler generated dependencies of target latency_test[0m
[0.082s] [ 66%] [32mBuilding CXX object CMakeFiles/latency_test.dir/src/talker.cpp.o[0m
[0.082s] [ 66%] [32mBuilding CXX object CMakeFiles/latency_test.dir/src/latency_test_main.cpp.o[0m
[0.940s] In file included from [01m[K/opt/ros/humble/include/rclcpp/rclcpp/client.hpp:40[m[K,
[0.940s]                  from [01m[K/opt/ros/humble/include/rclcpp/rclcpp/callback_group.hpp:24[m[K,
[0.941s]                  from [01m[K/opt/ros/humble/include/rclcpp/rclcpp/any_executable.hpp:20[m[K,
[0.941s]                  from [01m[K/opt/ros/humble/include/rclcpp/rclcpp/memory_strategy.hpp:25[m[K,
[0.941s]                  from [01m[K/opt/ros/humble/include/rclcpp/rclcpp/memory_strategies.hpp:18[m[K,
[0.941s]                  from [01m[K/opt/ros/humble/include/rclcpp/rclcpp/executor_options.hpp:20[m[K,
[0.941s]                  from [01m[K/opt/ros/humble/include/rclcpp/rclcpp/executor.hpp:37[m[K,
[0.941s]                  from [01m[K/opt/ros/humble/include/rclcpp/rclcpp/executors/multi_threaded_executor.hpp:25[m[K,
[0.941s]                  from [01m[K/opt/ros/humble/include/rclcpp/rclcpp/executors.hpp:21[m[K,
[0.941s]                  from [01m[K/opt/ros/humble/include/rclcpp/rclcpp/rclcpp.hpp:155[m[K,
[0.941s]                  from [01m[K/home/testing/dev_ws/src/latency_test/include/talker.h:5[m[K,
[0.942s]                  from [01m[K/home/testing/dev_ws/src/latency_test/src/talker.cpp:1[m[K:
[0.942s] [01m[K/home/testing/dev_ws/src/latency_test/src/talker.cpp:[m[K In constructor â€˜[01m[Ktalker::talker()[m[Kâ€™:
[0.942s] [01m[K/home/testing/dev_ws/src/latency_test/src/talker.cpp:5:17:[m[K [01;31m[Kerror: [m[Kâ€˜[01m[Kparent[m[Kâ€™ was not declared in this scope
[0.942s]     5 |     RCLCPP_INFO([01;31m[Kparent[m[K->get_logger(), "Creating talker");
[0.942s]       |                 [01;31m[K^~~~~~[m[K
[0.942s] [01m[K/home/testing/dev_ws/src/latency_test/src/talker.cpp:5:5:[m[K [01;31m[Kerror: [m[Ktemplate argument 1 is invalid
[0.942s]     5 |     [01;31m[KRCLCPP_INFO[m[K(parent->get_logger(), "Creating talker");
[0.942s]       |     [01;31m[K^~~~~~~~~~~[m[K
[0.942s] [01m[K/home/testing/dev_ws/src/latency_test/src/talker.cpp:5:5:[m[K [01;31m[Kerror: [m[Ktemplate argument 1 is invalid
[0.942s]     5 |     [01;31m[KRCLCPP_INFO[m[K(parent->get_logger(), "Creating talker");
[0.943s]       |     [01;31m[K^~~~~~~~~~~[m[K
[0.943s] [01m[K/home/testing/dev_ws/src/latency_test/src/talker.cpp:5:5:[m[K [01;31m[Kerror: [m[Ktemplate argument 1 is invalid
[0.943s]     5 |     [01;31m[KRCLCPP_INFO[m[K(parent->get_logger(), "Creating talker");
[0.943s]       |     [01;31m[K^~~~~~~~~~~[m[K
[0.944s] [01m[K/home/testing/dev_ws/src/latency_test/src/talker.cpp:8:32:[m[K [01;31m[Kerror: [m[Kâ€˜[01m[Kparent[m[Kâ€™ was not declared in this scope
[0.944s]     8 |     this->talker_subscriber_ = [01;31m[Kparent[m[K->create_subscription<std_msgs::msg::String>
[0.944s]       |                                [01;31m[K^~~~~~[m[K
[0.944s] [01m[K/home/testing/dev_ws/src/latency_test/src/talker.cpp:8:81:[m[K [01;31m[Kerror: [m[Kexpected primary-expression before â€˜[01m[K>[m[Kâ€™ token
[0.944s]     8 |     this->talker_subscriber_ = parent->create_subscription<std_msgs::msg::String[01;31m[K>[m[K
[0.944s]       |                                                                                 [01;31m[K^[m[K
[0.944s] In file included from [01m[K/usr/include/c++/11/pstl/glue_algorithm_defs.h:13[m[K,
[0.945s]                  from [01m[K/usr/include/c++/11/algorithm:74[m[K,
[0.945s]                  from [01m[K/opt/ros/humble/include/rclcpp/rclcpp/executor.hpp:18[m[K,
[0.945s]                  from [01m[K/opt/ros/humble/include/rclcpp/rclcpp/executors/multi_threaded_executor.hpp:25[m[K,
[0.945s]                  from [01m[K/opt/ros/humble/include/rclcpp/rclcpp/executors.hpp:21[m[K,
[0.945s]                  from [01m[K/opt/ros/humble/include/rclcpp/rclcpp/rclcpp.hpp:155[m[K,
[0.945s]                  from [01m[K/home/testing/dev_ws/src/latency_test/include/talker.h:5[m[K,
[0.945s]                  from [01m[K/home/testing/dev_ws/src/latency_test/src/talker.cpp:1[m[K:
[0.945s] /usr/include/c++/11/functional: In instantiation of â€˜[01m[Kstruct std::_Bind_check_arity<void (talker::*)(), talker*, double&>[m[Kâ€™:
[0.945s] [01m[K/usr/include/c++/11/functional:768:12:[m[K   required from â€˜[01m[Kstruct std::_Bind_helper<false, void (talker::*)(), talker*, double&>[m[Kâ€™
[0.946s] [01m[K/usr/include/c++/11/functional:789:5:[m[K   required by substitution of â€˜[01m[Ktemplate<class _Func, class ... _BoundArgs> typename std::_Bind_helper<std::__is_socketlike<_Func>::value, _Func, _BoundArgs ...>::type std::bind(_Func&&, _BoundArgs&& ...) [with _Func = void (talker::*)(); _BoundArgs = {talker*, double&}][m[Kâ€™
[0.946s] [01m[K/home/testing/dev_ws/src/latency_test/src/talker.cpp:9:38:[m[K   required from here
[0.946s] [01m[K/usr/include/c++/11/functional:756:21:[m[K [01;31m[Kerror: [m[Kstatic assertion failed: Wrong number of arguments for pointer-to-member
[0.946s]   755 |       static_assert(_Varargs::[01;31m[Kvalue[m[K
[0.946s]       |                               [01;31m[K~~~~~[m[K
[0.946s]   756 | [01;31m[K                    ? sizeof...(_BoundArgs) >= _Arity::value + 1[m[K
[0.946s]       |                     [01;31m[K^~~~~~~~~~~~~~~~~~~~~~~~~~~~~~~~~~~~~~~~~~~~[m[K
[0.946s]   757 | [01;31m[K                    : sizeof...(_BoundArgs) == _Arity::value + 1[m[K,
[0.946s]       |                     [01;31m[K~~~~~~~~~~~~~~~~~~~~~~~~~~~~~~~~~~~~~~~~~~~~[m[K
[0.947s] [01m[K/usr/include/c++/11/functional:756:21:[m[K [01;36m[Knote: [m[Kâ€˜[01m[K(false ? (2 >= (((long unsigned int)std::integral_constant<long unsigned int, 0>::value) + 1)) : (2 == (((long unsigned int)std::integral_constant<long unsigned int, 0>::value) + 1)))[m[Kâ€™ evaluates to false
[0.947s] [01m[K/home/testing/dev_ws/src/latency_test/src/talker.cpp:12:11:[m[K [01;31m[Kerror: [m[Kâ€˜[01m[Kclass talker[m[Kâ€™ has no member named â€˜[01m[Ktalker_publiher_[m[Kâ€™; did you mean â€˜[01m[Ktalker_publisher_[m[Kâ€™?
[0.947s]    12 |     this->[01;31m[Ktalker_publiher_[m[K = parent->create_subscription<std_msgs::msg::String>("COMP_TO_PI", 10);
[0.947s]       |           [01;31m[K^~~~~~~~~~~~~~~~[m[K
[0.948s]       |           [32m[Ktalker_publisher_[m[K
[0.948s] [01m[K/home/testing/dev_ws/src/latency_test/src/talker.cpp:12:79:[m[K [01;31m[Kerror: [m[Kexpected primary-expression before â€˜[01m[K>[m[Kâ€™ token
[0.948s]    12 |     this->talker_publiher_ = parent->create_subscription<std_msgs::msg::String[01;31m[K>[m[K("COMP_TO_PI", 10);
[0.948s]       |                                                                               [01;31m[K^[m[K
[0.948s] [01m[K/home/testing/dev_ws/src/latency_test/src/talker.cpp:12:81:[m[K [01;35m[Kwarning: [m[Kleft operand of comma operator has no effect [[01;35m[K-Wunused-value[m[K]
[0.948s]    12 |     this->talker_publiher_ = parent->create_subscription<std_msgs::msg::String>([01;35m[K"COMP_TO_PI"[m[K, 10);
[0.949s]       |                                                                                 [01;35m[K^~~~~~~~~~~~[m[K
[0.954s] [01m[K/home/testing/dev_ws/src/latency_test/src/talker.cpp:14:9:[m[K [01;31m[Kerror: [m[Kunable to find numeric literal operator â€˜[01m[Koperator""ms[m[Kâ€™
[0.954s]    14 |         [01;31m[K500ms[m[K, std::bind(&talker::timer_callback, this));
[0.954s]       |         [01;31m[K^~~~~[m[K
[0.954s] In file included from [01m[K/opt/ros/humble/include/rclcpp/rclcpp/client.hpp:40[m[K,
[0.954s]                  from [01m[K/opt/ros/humble/include/rclcpp/rclcpp/callback_group.hpp:24[m[K,
[0.954s]                  from [01m[K/opt/ros/humble/include/rclcpp/rclcpp/any_executable.hpp:20[m[K,
[0.955s]                  from [01m[K/opt/ros/humble/include/rclcpp/rclcpp/memory_strategy.hpp:25[m[K,
[0.955s]                  from [01m[K/opt/ros/humble/include/rclcpp/rclcpp/memory_strategies.hpp:18[m[K,
[0.955s]                  from [01m[K/opt/ros/humble/include/rclcpp/rclcpp/executor_options.hpp:20[m[K,
[0.955s]                  from [01m[K/opt/ros/humble/include/rclcpp/rclcpp/executor.hpp:37[m[K,
[0.955s]                  from [01m[K/opt/ros/humble/include/rclcpp/rclcpp/executors/multi_threaded_executor.hpp:25[m[K,
[0.955s]                  from [01m[K/opt/ros/humble/include/rclcpp/rclcpp/executors.hpp:21[m[K,
[0.955s]                  from [01m[K/opt/ros/humble/include/rclcpp/rclcpp/rclcpp.hpp:155[m[K,
[0.955s]                  from [01m[K/home/testing/dev_ws/src/latency_test/include/talker.h:5[m[K,
[0.955s]                  from [01m[K/home/testing/dev_ws/src/latency_test/src/talker.cpp:1[m[K:
[0.956s] [01m[K/home/testing/dev_ws/src/latency_test/src/talker.cpp:16:5:[m[K [01;31m[Kerror: [m[Ktemplate argument 1 is invalid
[0.956s]    16 |     [01;31m[KRCLCPP_INFO[m[K(parent->get_logger(), "Talker created");
[0.956s]       |     [01;31m[K^~~~~~~~~~~[m[K
[0.956s] [01m[K/home/testing/dev_ws/src/latency_test/src/talker.cpp:16:5:[m[K [01;31m[Kerror: [m[Ktemplate argument 1 is invalid
[0.956s]    16 |     [01;31m[KRCLCPP_INFO[m[K(parent->get_logger(), "Talker created");
[0.956s]       |     [01;31m[K^~~~~~~~~~~[m[K
[0.956s] [01m[K/home/testing/dev_ws/src/latency_test/src/talker.cpp:16:5:[m[K [01;31m[Kerror: [m[Ktemplate argument 1 is invalid
[0.959s]    16 |     [01;31m[KRCLCPP_INFO[m[K(parent->get_logger(), "Talker created");
[0.959s]       |     [01;31m[K^~~~~~~~~~~[m[K
[0.959s] [01m[K/home/testing/dev_ws/src/latency_test/src/talker.cpp:[m[K At global scope:
[0.959s] [01m[K/home/testing/dev_ws/src/latency_test/src/talker.cpp:19:1:[m[K [01;31m[Kerror: [m[KISO C++ forbids declaration of â€˜[01m[Kget_response_time[m[Kâ€™ with no type [[01;31m[K-fpermissive[m[K]
[0.959s]    19 | [01;31m[Ktalker[m[K::get_response_time() {
[0.959s]       | [01;31m[K^~~~~~[m[K
[0.960s] [01m[K/home/testing/dev_ws/src/latency_test/src/talker.cpp:19:1:[m[K [01;31m[Kerror: [m[Kno declaration matches â€˜[01m[Kint talker::get_response_time()[m[Kâ€™
[0.960s] In file included from [01m[K/home/testing/dev_ws/src/latency_test/src/talker.cpp:1[m[K:
[0.960s] [01m[K/home/testing/dev_ws/src/latency_test/include/talker.h:30:14:[m[K [01;36m[Knote: [m[Kcandidate is: â€˜[01m[Kvoid talker::get_response_time()[m[Kâ€™
[0.960s]    30 |         void [01;36m[Kget_response_time[m[K();
[0.960s]       |              [01;36m[K^~~~~~~~~~~~~~~~~[m[K
[0.960s] [01m[K/home/testing/dev_ws/src/latency_test/include/talker.h:11:7:[m[K [01;36m[Knote: [m[Kâ€˜[01m[Kclass talker[m[Kâ€™ defined here
[0.960s]    11 | class [01;36m[Ktalker[m[K : public rclcpp::Node{
[0.960s]       |       [01;36m[K^~~~~~[m[K
[0.960s] [01m[K/home/testing/dev_ws/src/latency_test/src/talker.cpp:26:1:[m[K [01;31m[Kerror: [m[KISO C++ forbids declaration of â€˜[01m[Ktimer_callback[m[Kâ€™ with no type [[01;31m[K-fpermissive[m[K]
[0.960s]    26 | [01;31m[Ktalker[m[K::timer_callback() {
[0.961s]       | [01;31m[K^~~~~~[m[K
[0.961s] [01m[K/home/testing/dev_ws/src/latency_test/src/talker.cpp:26:1:[m[K [01;31m[Kerror: [m[Kno declaration matches â€˜[01m[Kint talker::timer_callback()[m[Kâ€™
[0.961s] In file included from [01m[K/home/testing/dev_ws/src/latency_test/src/talker.cpp:1[m[K:
[0.961s] [01m[K/home/testing/dev_ws/src/latency_test/include/talker.h:31:14:[m[K [01;36m[Knote: [m[Kcandidate is: â€˜[01m[Kvoid talker::timer_callback()[m[Kâ€™
[0.961s]    31 |         void [01;36m[Ktimer_callback[m[K();
[0.961s]       |              [01;36m[K^~~~~~~~~~~~~~[m[K
[0.961s] [01m[K/home/testing/dev_ws/src/latency_test/include/talker.h:11:7:[m[K [01;36m[Knote: [m[Kâ€˜[01m[Kclass talker[m[Kâ€™ defined here
[0.964s]    11 | class [01;36m[Ktalker[m[K : public rclcpp::Node{
[0.964s]       |       [01;36m[K^~~~~~[m[K
[1.096s] gmake[2]: *** [CMakeFiles/latency_test.dir/build.make:76: CMakeFiles/latency_test.dir/src/talker.cpp.o] Error 1
[1.096s] gmake[2]: *** Waiting for unfinished jobs....
[1.129s] gmake[1]: *** [CMakeFiles/Makefile2:137: CMakeFiles/latency_test.dir/all] Error 2
[1.129s] gmake: *** [Makefile:146: all] Error 2
[1.130s] Invoked command in '/home/testing/dev_ws/src/build/latency_test' returned '2': CMAKE_PREFIX_PATH=/opt/ros/humble /usr/bin/cmake --build /home/testing/dev_ws/src/build/latency_test -- -j8 -l8
